#
# A fatal error has been detected by the Java Runtime Environment:
#
#  EXCEPTION_ACCESS_VIOLATION (0xc0000005) at pc=0x000000000afb77f9, pid=6900, tid=7036
#
# JRE version: Java(TM) SE Runtime Environment (7.0_51-b13) (build 1.7.0_51-b13)
# Java VM: Java HotSpot(TM) 64-Bit Server VM (24.51-b03 mixed mode windows-amd64 compressed oops)
# Problematic frame:
# C  [ig4icd64.dll+0x1b77f9]
#
# Failed to write core dump. Minidumps are not enabled by default on client versions of Windows
#
# If you would like to submit a bug report, please visit:
#   http://bugreport.sun.com/bugreport/crash.jsp
# The crash happened outside the Java Virtual Machine in native code.
# See problematic frame for where to report the bug.
#

---------------  T H R E A D  ---------------

Current thread (0x000000000a2ac800):  JavaThread "LWJGL Renderer Thread" [_thread_in_native, id=7036, stack(0x000000000a4c0000,0x000000000a5c0000)]

siginfo: ExceptionCode=0xc0000005, reading address 0x0000000019beb008

Registers:
RAX=0x0000000000004a40, RBX=0x000000000ca25808, RCX=0x0000000019beb000, RDX=0x0000000000000000
RSP=0x000000000a5be480, RBP=0x0000000000000006, RSI=0x0000000000000630, RDI=0x000000001348d110
R8 =0x0000000000000002, R9 =0x0000000000000000, R10=0x0000000000000002, R11=0x0000000019be65c0
R12=0x00000000000000f0, R13=0x000000000c0ce1a0, R14=0x0000000000000018, R15=0x000000001348d110
RIP=0x000000000afb77f9, EFLAGS=0x0000000000010246

Top of Stack: (sp=0x000000000a5be480)
0x000000000a5be480:   0000000080000000 0000000000000000
0x000000000a5be490:   0000000000000000 0000000000000000
0x000000000a5be4a0:   0000000000000002 0000000000000002
0x000000000a5be4b0:   0000000000000000 0000000000000018
0x000000000a5be4c0:   000000003f00aecf 0000000000000000
0x000000000a5be4d0:   000000003f00aecf 0000000000000000
0x000000000a5be4e0:   0000000000000000 000000001348ca60
0x000000000a5be4f0:   00000000000000f0 0000000000000000
0x000000000a5be500:   000000001348d110 0000000000000000
0x000000000a5be510:   000000000ca18b00 000000000afb9cff
0x000000000a5be520:   000000000ca18b00 00000000000001c0
0x000000000a5be530:   00000000000000f0 000000001348d140
0x000000000a5be540:   000000001348d110 0000000000000001
0x000000000a5be550:   0000000000000000 0000000000000000
0x000000000a5be560:   0000000000001403 0000000000080038
0x000000000a5be570:   0000000000000004 00000000000006b2 

Instructions: (pc=0x000000000afb77f9)
0x000000000afb77d9:   83 ea 01 74 2b 83 ea 01 74 1e 83 ea 01 74 11 83
0x000000000afb77e9:   fa 01 0f 85 59 02 00 00 8b 41 0c 41 89 44 ed 0c
0x000000000afb77f9:   8b 41 08 41 89 44 ed 08 8b 41 04 41 89 44 ed 04
0x000000000afb7809:   8b 01 4c 8b 54 24 20 48 8b 9c 24 a0 00 00 00 4c 


Register to memory mapping:

RAX=0x0000000000004a40 is an unknown value
RBX=0x000000000ca25808 is an unknown value
RCX=0x0000000019beb000 is an unknown value
RDX=0x0000000000000000 is an unknown value
RSP=0x000000000a5be480 is pointing into the stack for thread: 0x000000000a2ac800
RBP=0x0000000000000006 is an unknown value
RSI=0x0000000000000630 is an unknown value
RDI=0x000000001348d110 is an unknown value
R8 =0x0000000000000002 is an unknown value
R9 =0x0000000000000000 is an unknown value
R10=0x0000000000000002 is an unknown value
R11=0x0000000019be65c0 is an unknown value
R12=0x00000000000000f0 is an unknown value
R13=0x000000000c0ce1a0 is an unknown value
R14=0x0000000000000018 is an unknown value
R15=0x000000001348d110 is an unknown value


Stack: [0x000000000a4c0000,0x000000000a5c0000],  sp=0x000000000a5be480,  free space=1017k
Native frames: (J=compiled Java code, j=interpreted, Vv=VM code, C=native code)
C  [ig4icd64.dll+0x1b77f9]

Java frames: (J=compiled Java code, j=interpreted, Vv=VM code)
j  org.lwjgl.opengl.GL12.nglDrawRangeElementsBO(IIIIIJJ)V+0
j  org.lwjgl.opengl.GL12.glDrawRangeElements(IIIIIJ)V+32
j  com.jme3.renderer.lwjgl.LwjglRenderer.drawTriangleList(Lcom/jme3/scene/VertexBuffer;Lcom/jme3/scene/Mesh;I)V+361
J  com.jme3.renderer.lwjgl.LwjglRenderer.renderMeshDefault(Lcom/jme3/scene/Mesh;II)V
j  com.jme3.renderer.lwjgl.LwjglRenderer.renderMesh(Lcom/jme3/scene/Mesh;II)V+160
j  com.jme3.material.Material.renderMultipassLighting(Lcom/jme3/shader/Shader;Lcom/jme3/scene/Geometry;Lcom/jme3/renderer/RenderManager;)V+595
J  com.jme3.material.Material.render(Lcom/jme3/scene/Geometry;Lcom/jme3/renderer/RenderManager;)V
j  com.jme3.renderer.RenderManager.renderGeometry(Lcom/jme3/scene/Geometry;)V+204
j  com.jme3.renderer.queue.RenderQueue.renderGeometryList(Lcom/jme3/renderer/queue/GeometryList;Lcom/jme3/renderer/RenderManager;Lcom/jme3/renderer/Camera;Z)V+51
j  com.jme3.renderer.queue.RenderQueue.renderQueue(Lcom/jme3/renderer/queue/RenderQueue$Bucket;Lcom/jme3/renderer/RenderManager;Lcom/jme3/renderer/Camera;Z)V+68
j  com.jme3.renderer.RenderManager.renderViewPortQueues(Lcom/jme3/renderer/ViewPort;Z)V+22
j  com.jme3.renderer.RenderManager.flushQueue(Lcom/jme3/renderer/ViewPort;)V+3
j  com.jme3.renderer.RenderManager.renderViewPort(Lcom/jme3/renderer/ViewPort;F)V+267
j  com.jme3.water.WaterFilter.preFrame(F)V+209
j  com.jme3.post.FilterPostProcessor.preFrame(F)V+173
j  com.jme3.renderer.RenderManager.renderViewPort(Lcom/jme3/renderer/ViewPort;F)V+80
j  com.jme3.renderer.RenderManager.render(FZ)V+123
j  com.jme3.app.SimpleApplication.update()V+102
j  com.jme3.system.lwjgl.LwjglAbstractDisplay.runLoop()V+22
j  com.jme3.system.lwjgl.LwjglDisplay.runLoop()V+67
j  com.jme3.system.lwjgl.LwjglAbstractDisplay.run()V+132
j  java.lang.Thread.run()V+11
v  ~StubRoutines::call_stub

---------------  P R O C E S S  ---------------

Java Threads: ( => current thread )
  0x000000000dbd0000 JavaThread "Java2D Disposer" daemon [_thread_blocked, id=7812, stack(0x0000000011ed0000,0x0000000011fd0000)]
  0x000000000a40c000 JavaThread "jME3 Audio Thread" daemon [_thread_blocked, id=6044, stack(0x000000000e6a0000,0x000000000e7a0000)]
  0x000000000db60800 JavaThread "NioProcessor-2" [_thread_in_native, id=5064, stack(0x000000000e4e0000,0x000000000e5e0000)]
  0x000000000a3fe000 JavaThread "pool-2-thread-1" [_thread_blocked, id=4996, stack(0x000000000da20000,0x000000000db20000)]
  0x00000000023f8000 JavaThread "DestroyJavaVM" [_thread_blocked, id=5648, stack(0x00000000027d0000,0x00000000028d0000)]
=>0x000000000a2ac800 JavaThread "LWJGL Renderer Thread" [_thread_in_native, id=7036, stack(0x000000000a4c0000,0x000000000a5c0000)]
  0x000000000a1a8800 JavaThread "Thread-1" [_thread_blocked, id=3868, stack(0x000000000a620000,0x000000000a720000)]
  0x0000000008599000 JavaThread "Service Thread" daemon [_thread_blocked, id=7084, stack(0x0000000009f50000,0x000000000a050000)]
  0x0000000008596800 JavaThread "C2 CompilerThread1" daemon [_thread_blocked, id=7956, stack(0x0000000009d70000,0x0000000009e70000)]
  0x0000000008591800 JavaThread "C2 CompilerThread0" daemon [_thread_blocked, id=916, stack(0x0000000009bd0000,0x0000000009cd0000)]
  0x0000000008590000 JavaThread "Attach Listener" daemon [_thread_blocked, id=8040, stack(0x0000000009a60000,0x0000000009b60000)]
  0x0000000008589000 JavaThread "Signal Dispatcher" daemon [_thread_blocked, id=4236, stack(0x0000000009930000,0x0000000009a30000)]
  0x0000000008538800 JavaThread "Finalizer" daemon [_thread_blocked, id=6968, stack(0x0000000009810000,0x0000000009910000)]
  0x000000000852f800 JavaThread "Reference Handler" daemon [_thread_blocked, id=7572, stack(0x00000000096f0000,0x00000000097f0000)]

Other Threads:
  0x0000000008529800 VMThread [stack: 0x0000000009430000,0x0000000009530000] [id=7840]
  0x00000000085aa800 WatcherThread [stack: 0x0000000009570000,0x0000000009670000] [id=5512]

VM state:not at safepoint (normal execution)

VM Mutex/Monitor currently owned by a thread: None

Heap
 PSYoungGen      total 128512K, used 54031K [0x00000000ec600000, 0x00000000f4900000, 0x0000000100000000)
  eden space 122880K, 40% used [0x00000000ec600000,0x00000000ef6db0d8,0x00000000f3e00000)
  from space 5632K, 71% used [0x00000000f4380000,0x00000000f4768df0,0x00000000f4900000)
  to   space 5632K, 0% used [0x00000000f3e00000,0x00000000f3e00000,0x00000000f4380000)
 ParOldGen       total 39936K, used 9477K [0x00000000c5200000, 0x00000000c7900000, 0x00000000ec600000)
  object space 39936K, 23% used [0x00000000c5200000,0x00000000c5b41630,0x00000000c7900000)
 PSPermGen       total 21504K, used 16920K [0x00000000c0000000, 0x00000000c1500000, 0x00000000c5200000)
  object space 21504K, 78% used [0x00000000c0000000,0x00000000c1086180,0x00000000c1500000)

Card table byte_map: [0x00000000058d0000,0x0000000005ae0000] byte_map_base: 0x00000000052d0000

Polling page: 0x0000000000130000

Code Cache  [0x00000000028d0000, 0x0000000002b40000, 0x00000000058d0000)
 total_blobs=1070 nmethods=574 adapters=449 free_code_cache=47169Kb largest_free_block=48251584

Compilation events (10 events):
Event: 6.257 Thread 0x0000000008596800 nmethod 579 0x0000000002ab3010 code [0x0000000002ab3140, 0x0000000002ab3198]
Event: 6.261 Thread 0x0000000008596800  580             java.nio.FloatBuffer::put (9 bytes)
Event: 6.264 Thread 0x0000000008596800 nmethod 580 0x0000000002ab8350 code [0x0000000002ab84a0, 0x0000000002ab8668]
Event: 6.264 Thread 0x0000000008596800  581             com.jme3.scene.Node::updateGeometricState (108 bytes)
Event: 6.270 Thread 0x0000000008596800 nmethod 581 0x0000000002ab75d0 code [0x0000000002ab77a0, 0x0000000002ab7c60]
Event: 6.275 Thread 0x0000000008596800  582             javax.vecmath.Matrix3f::set (73 bytes)
Event: 6.275 Thread 0x0000000008596800 nmethod 582 0x0000000002ab4e50 code [0x0000000002ab4f80, 0x0000000002ab5038]
Event: 6.307 Thread 0x0000000008591800 nmethod 577 0x0000000002ac4310 code [0x0000000002ac4820, 0x0000000002ac7650]
Event: 6.347 Thread 0x0000000008596800  584             com.bulletphysics.collision.dispatch.CollisionObject::getIslandTag (5 bytes)
Event: 6.347 Thread 0x0000000008596800 nmethod 584 0x0000000002ab6fd0 code [0x0000000002ab7100, 0x0000000002ab7158]

GC Heap History (10 events):
Event: 1.138 GC heap before
{Heap before GC invocations=2 (full 0):
 PSYoungGen      total 17920K, used 17895K [0x00000000ec600000, 0x00000000ee900000, 0x0000000100000000)
  eden space 15360K, 100% used [0x00000000ec600000,0x00000000ed500000,0x00000000ed500000)
  from space 2560K, 99% used [0x00000000ed500000,0x00000000ed779dd8,0x00000000ed780000)
  to   space 2560K, 0% used [0x00000000ee680000,0x00000000ee680000,0x00000000ee900000)
 ParOldGen       total 39936K, used 1187K [0x00000000c5200000, 0x00000000c7900000, 0x00000000ec600000)
  object space 39936K, 2% used [0x00000000c5200000,0x00000000c5328e20,0x00000000c7900000)
 PSPermGen       total 21504K, used 12046K [0x00000000c0000000, 0x00000000c1500000, 0x00000000c5200000)
  object space 21504K, 56% used [0x00000000c0000000,0x00000000c0bc3940,0x00000000c1500000)
Event: 1.148 GC heap after
Heap after GC invocations=2 (full 0):
 PSYoungGen      total 33280K, used 2546K [0x00000000ec600000, 0x00000000ee900000, 0x0000000100000000)
  eden space 30720K, 0% used [0x00000000ec600000,0x00000000ec600000,0x00000000ee400000)
  from space 2560K, 99% used [0x00000000ee680000,0x00000000ee8fca30,0x00000000ee900000)
  to   space 2560K, 0% used [0x00000000ee400000,0x00000000ee400000,0x00000000ee680000)
 ParOldGen       total 39936K, used 2550K [0x00000000c5200000, 0x00000000c7900000, 0x00000000ec600000)
  object space 39936K, 6% used [0x00000000c5200000,0x00000000c547d900,0x00000000c7900000)
 PSPermGen       total 21504K, used 12046K [0x00000000c0000000, 0x00000000c1500000, 0x00000000c5200000)
  object space 21504K, 56% used [0x00000000c0000000,0x00000000c0bc3940,0x00000000c1500000)
}
Event: 2.320 GC heap before
{Heap before GC invocations=3 (full 0):
 PSYoungGen      total 33280K, used 33266K [0x00000000ec600000, 0x00000000ee900000, 0x0000000100000000)
  eden space 30720K, 100% used [0x00000000ec600000,0x00000000ee400000,0x00000000ee400000)
  from space 2560K, 99% used [0x00000000ee680000,0x00000000ee8fca30,0x00000000ee900000)
  to   space 2560K, 0% used [0x00000000ee400000,0x00000000ee400000,0x00000000ee680000)
 ParOldGen       total 39936K, used 2550K [0x00000000c5200000, 0x00000000c7900000, 0x00000000ec600000)
  object space 39936K, 6% used [0x00000000c5200000,0x00000000c547d900,0x00000000c7900000)
 PSPermGen       total 21504K, used 13918K [0x00000000c0000000, 0x00000000c1500000, 0x00000000c5200000)
  object space 21504K, 64% used [0x00000000c0000000,0x00000000c0d97b00,0x00000000c1500000)
Event: 2.329 GC heap after
Heap after GC invocations=3 (full 0):
 PSYoungGen      total 33280K, used 2530K [0x00000000ec600000, 0x00000000f0700000, 0x0000000100000000)
  eden space 30720K, 0% used [0x00000000ec600000,0x00000000ec600000,0x00000000ee400000)
  from space 2560K, 98% used [0x00000000ee400000,0x00000000ee6789e0,0x00000000ee680000)
  to   space 2560K, 0% used [0x00000000f0480000,0x00000000f0480000,0x00000000f0700000)
 ParOldGen       total 39936K, used 4564K [0x00000000c5200000, 0x00000000c7900000, 0x00000000ec600000)
  object space 39936K, 11% used [0x00000000c5200000,0x00000000c5675060,0x00000000c7900000)
 PSPermGen       total 21504K, used 13918K [0x00000000c0000000, 0x00000000c1500000, 0x00000000c5200000)
  object space 21504K, 64% used [0x00000000c0000000,0x00000000c0d97b00,0x00000000c1500000)
}
Event: 2.973 GC heap before
{Heap before GC invocations=4 (full 0):
 PSYoungGen      total 33280K, used 33250K [0x00000000ec600000, 0x00000000f0700000, 0x0000000100000000)
  eden space 30720K, 100% used [0x00000000ec600000,0x00000000ee400000,0x00000000ee400000)
  from space 2560K, 98% used [0x00000000ee400000,0x00000000ee6789e0,0x00000000ee680000)
  to   space 2560K, 0% used [0x00000000f0480000,0x00000000f0480000,0x00000000f0700000)
 ParOldGen       total 39936K, used 4564K [0x00000000c5200000, 0x00000000c7900000, 0x00000000ec600000)
  object space 39936K, 11% used [0x00000000c5200000,0x00000000c5675060,0x00000000c7900000)
 PSPermGen       total 21504K, used 16017K [0x00000000c0000000, 0x00000000c1500000, 0x00000000c5200000)
  object space 21504K, 74% used [0x00000000c0000000,0x00000000c0fa45f0,0x00000000c1500000)
Event: 2.995 GC heap after
Heap after GC invocations=4 (full 0):
 PSYoungGen      total 64000K, used 2546K [0x00000000ec600000, 0x00000000f0700000, 0x0000000100000000)
  eden space 61440K, 0% used [0x00000000ec600000,0x00000000ec600000,0x00000000f0200000)
  from space 2560K, 99% used [0x00000000f0480000,0x00000000f06fca00,0x00000000f0700000)
  to   space 2560K, 0% used [0x00000000f0200000,0x00000000f0200000,0x00000000f0480000)
 ParOldGen       total 39936K, used 7125K [0x00000000c5200000, 0x00000000c7900000, 0x00000000ec600000)
  object space 39936K, 17% used [0x00000000c5200000,0x00000000c58f57f0,0x00000000c7900000)
 PSPermGen       total 21504K, used 16017K [0x00000000c0000000, 0x00000000c1500000, 0x00000000c5200000)
  object space 21504K, 74% used [0x00000000c0000000,0x00000000c0fa45f0,0x00000000c1500000)
}
Event: 4.139 GC heap before
{Heap before GC invocations=5 (full 0):
 PSYoungGen      total 64000K, used 63986K [0x00000000ec600000, 0x00000000f0700000, 0x0000000100000000)
  eden space 61440K, 100% used [0x00000000ec600000,0x00000000f0200000,0x00000000f0200000)
  from space 2560K, 99% used [0x00000000f0480000,0x00000000f06fca00,0x00000000f0700000)
  to   space 2560K, 0% used [0x00000000f0200000,0x00000000f0200000,0x00000000f0480000)
 ParOldGen       total 39936K, used 7125K [0x00000000c5200000, 0x00000000c7900000, 0x00000000ec600000)
  object space 39936K, 17% used [0x00000000c5200000,0x00000000c58f57f0,0x00000000c7900000)
 PSPermGen       total 21504K, used 16617K [0x00000000c0000000, 0x00000000c1500000, 0x00000000c5200000)
  object space 21504K, 77% used [0x00000000c0000000,0x00000000c103a4c8,0x00000000c1500000)
Event: 4.152 GC heap after
Heap after GC invocations=5 (full 0):
 PSYoungGen      total 64000K, used 2532K [0x00000000ec600000, 0x00000000f4900000, 0x0000000100000000)
  eden space 61440K, 0% used [0x00000000ec600000,0x00000000ec600000,0x00000000f0200000)
  from space 2560K, 98% used [0x00000000f0200000,0x00000000f0479248,0x00000000f0480000)
  to   space 5632K, 0% used [0x00000000f4380000,0x00000000f4380000,0x00000000f4900000)
 ParOldGen       total 39936K, used 9477K [0x00000000c5200000, 0x00000000c7900000, 0x00000000ec600000)
  object space 39936K, 23% used [0x00000000c5200000,0x00000000c5b41630,0x00000000c7900000)
 PSPermGen       total 21504K, used 16617K [0x00000000c0000000, 0x00000000c1500000, 0x00000000c5200000)
  object space 21504K, 77% used [0x00000000c0000000,0x00000000c103a4c8,0x00000000c1500000)
}
Event: 4.584 GC heap before
{Heap before GC invocations=6 (full 0):
 PSYoungGen      total 64000K, used 63972K [0x00000000ec600000, 0x00000000f4900000, 0x0000000100000000)
  eden space 61440K, 100% used [0x00000000ec600000,0x00000000f0200000,0x00000000f0200000)
  from space 2560K, 98% used [0x00000000f0200000,0x00000000f0479248,0x00000000f0480000)
  to   space 5632K, 0% used [0x00000000f4380000,0x00000000f4380000,0x00000000f4900000)
 ParOldGen       total 39936K, used 9477K [0x00000000c5200000, 0x00000000c7900000, 0x00000000ec600000)
  object space 39936K, 23% used [0x00000000c5200000,0x00000000c5b41630,0x00000000c7900000)
 PSPermGen       total 21504K, used 16620K [0x00000000c0000000, 0x00000000c1500000, 0x00000000c5200000)
  object space 21504K, 77% used [0x00000000c0000000,0x00000000c103b1e8,0x00000000c1500000)
Event: 4.589 GC heap after
Heap after GC invocations=6 (full 0):
 PSYoungGen      total 128512K, used 4003K [0x00000000ec600000, 0x00000000f4900000, 0x0000000100000000)
  eden space 122880K, 0% used [0x00000000ec600000,0x00000000ec600000,0x00000000f3e00000)
  from space 5632K, 71% used [0x00000000f4380000,0x00000000f4768df0,0x00000000f4900000)
  to   space 5632K, 0% used [0x00000000f3e00000,0x00000000f3e00000,0x00000000f4380000)
 ParOldGen       total 39936K, used 9477K [0x00000000c5200000, 0x00000000c7900000, 0x00000000ec600000)
  object space 39936K, 23% used [0x00000000c5200000,0x00000000c5b41630,0x00000000c7900000)
 PSPermGen       total 21504K, used 16620K [0x00000000c0000000, 0x00000000c1500000, 0x00000000c5200000)
  object space 21504K, 77% used [0x00000000c0000000,0x00000000c103b1e8,0x00000000c1500000)
}

Deoptimization events (10 events):
Event: 5.651 Thread 0x000000000a2ac800 Uncommon trap: reason=array_check action=maybe_recompile pc=0x0000000002a76be8 method=com.jme3.util.SortUtil.merge([Ljava/lang/Object;[Ljava/lang/Object;IIILjava/util/Comparator;)V @ 56
Event: 5.651 Thread 0x000000000a2ac800 Uncommon trap: reason=array_check action=maybe_recompile pc=0x0000000002a76e80 method=com.jme3.util.SortUtil.merge([Ljava/lang/Object;[Ljava/lang/Object;IIILjava/util/Comparator;)V @ 72
Event: 5.651 Thread 0x000000000a2ac800 Uncommon trap: reason=array_check action=maybe_recompile pc=0x0000000002a76be8 method=com.jme3.util.SortUtil.merge([Ljava/lang/Object;[Ljava/lang/Object;IIILjava/util/Comparator;)V @ 56
Event: 5.651 Thread 0x000000000a2ac800 Uncommon trap: reason=array_check action=maybe_recompile pc=0x0000000002a76be8 method=com.jme3.util.SortUtil.merge([Ljava/lang/Object;[Ljava/lang/Object;IIILjava/util/Comparator;)V @ 56
Event: 5.769 Thread 0x000000000a2ac800 Uncommon trap: reason=predicate action=maybe_recompile pc=0x0000000002a71824 method=com.jme3.util.SortUtil.merge([Ljava/lang/Object;[Ljava/lang/Object;IIILjava/util/Comparator;)V @ 104
Event: 5.881 Thread 0x000000000a2ac800 Uncommon trap: reason=array_check action=maybe_recompile pc=0x0000000002a9cb98 method=com.jme3.util.SortUtil.merge([Ljava/lang/Object;[Ljava/lang/Object;IIILjava/util/Comparator;)V @ 116
Event: 5.881 Thread 0x000000000a2ac800 Uncommon trap: reason=array_check action=maybe_recompile pc=0x0000000002a9cca4 method=com.jme3.util.SortUtil.merge([Ljava/lang/Object;[Ljava/lang/Object;IIILjava/util/Comparator;)V @ 94
Event: 5.881 Thread 0x000000000a2ac800 Uncommon trap: reason=array_check action=maybe_recompile pc=0x0000000002a9cb98 method=com.jme3.util.SortUtil.merge([Ljava/lang/Object;[Ljava/lang/Object;IIILjava/util/Comparator;)V @ 116
Event: 5.993 Thread 0x000000000a2ac800 Uncommon trap: reason=array_check action=maybe_recompile pc=0x0000000002aabbbc method=com.jme3.util.SortUtil.merge([Ljava/lang/Object;[Ljava/lang/Object;IIILjava/util/Comparator;)V @ 137
Event: 5.993 Thread 0x000000000a2ac800 Uncommon trap: reason=array_check action=maybe_recompile pc=0x0000000002aabbbc method=com.jme3.util.SortUtil.merge([Ljava/lang/Object;[Ljava/lang/Object;IIILjava/util/Comparator;)V @ 137

Internal exceptions (10 events):
Event: 5.446 Thread 0x000000000a2ac800 Threw 0x00000000ef19c690 at C:\re\jdk7u51\527\hotspot\src\share\vm\prims\jvm.cpp:1244
Event: 5.446 Thread 0x000000000a2ac800 Threw 0x00000000ef1a08e8 at C:\re\jdk7u51\527\hotspot\src\share\vm\prims\jvm.cpp:1244
Event: 5.447 Thread 0x000000000a2ac800 Threw 0x00000000ef1a4a20 at C:\re\jdk7u51\527\hotspot\src\share\vm\prims\jvm.cpp:1244
Event: 5.447 Thread 0x000000000a2ac800 Threw 0x00000000ef1a83f8 at C:\re\jdk7u51\527\hotspot\src\share\vm\prims\jvm.cpp:1244
Event: 5.449 Thread 0x000000000a2ac800 Threw 0x00000000ef1ac918 at C:\re\jdk7u51\527\hotspot\src\share\vm\prims\jvm.cpp:1244
Event: 5.449 Thread 0x000000000a2ac800 Threw 0x00000000ef1b1340 at C:\re\jdk7u51\527\hotspot\src\share\vm\prims\jvm.cpp:1244
Event: 5.451 Thread 0x000000000a2ac800 Threw 0x00000000ef1b7530 at C:\re\jdk7u51\527\hotspot\src\share\vm\prims\jvm.cpp:1244
Event: 5.453 Thread 0x000000000a2ac800 Threw 0x00000000ef1bd520 at C:\re\jdk7u51\527\hotspot\src\share\vm\prims\jvm.cpp:1244
Event: 5.453 Thread 0x000000000a2ac800 Threw 0x00000000ef1c1990 at C:\re\jdk7u51\527\hotspot\src\share\vm\prims\jvm.cpp:1244
Event: 5.453 Thread 0x000000000a2ac800 Threw 0x00000000ef1c60c8 at C:\re\jdk7u51\527\hotspot\src\share\vm\prims\jvm.cpp:1244

Events (10 events):
Event: 5.881 Thread 0x000000000a2ac800 DEOPT UNPACKING pc=0x0000000002909064 sp=0x000000000a5bed88 mode 2
Event: 5.881 Thread 0x000000000a2ac800 Uncommon trap: trap_request=0xffffffd6 fr.pc=0x0000000002a9cb98
Event: 5.881 Thread 0x000000000a2ac800 DEOPT PACKING pc=0x0000000002a9cb98 sp=0x000000000a5bede0
Event: 5.881 Thread 0x000000000a2ac800 DEOPT UNPACKING pc=0x0000000002909064 sp=0x000000000a5bed88 mode 2
Event: 5.993 Thread 0x000000000a2ac800 Uncommon trap: trap_request=0xffffffd6 fr.pc=0x0000000002aabbbc
Event: 5.993 Thread 0x000000000a2ac800 DEOPT PACKING pc=0x0000000002aabbbc sp=0x000000000a5bec00
Event: 5.993 Thread 0x000000000a2ac800 DEOPT UNPACKING pc=0x0000000002909064 sp=0x000000000a5beba8 mode 2
Event: 5.993 Thread 0x000000000a2ac800 Uncommon trap: trap_request=0xffffffd6 fr.pc=0x0000000002aabbbc
Event: 5.993 Thread 0x000000000a2ac800 DEOPT PACKING pc=0x0000000002aabbbc sp=0x000000000a5bec80
Event: 5.993 Thread 0x000000000a2ac800 DEOPT UNPACKING pc=0x0000000002909064 sp=0x000000000a5bec28 mode 2


Dynamic libraries:
0x000000013f740000 - 0x000000013f773000 	C:\Program Files\jmonkeyplatform\jdk\bin\java.exe
0x00000000779c0000 - 0x0000000077b69000 	C:\Windows\SYSTEM32\ntdll.dll
0x00000000777a0000 - 0x00000000778bf000 	C:\Windows\system32\kernel32.dll
0x000007fefdb00000 - 0x000007fefdb6c000 	C:\Windows\system32\KERNELBASE.dll
0x000007feff400000 - 0x000007feff4db000 	C:\Windows\system32\ADVAPI32.dll
0x000007fefee00000 - 0x000007fefee9f000 	C:\Windows\system32\msvcrt.dll
0x000007feffa20000 - 0x000007feffa3f000 	C:\Windows\SYSTEM32\sechost.dll
0x000007feff2d0000 - 0x000007feff3fd000 	C:\Windows\system32\RPCRT4.dll
0x00000000778c0000 - 0x00000000779ba000 	C:\Windows\system32\USER32.dll
0x000007feff740000 - 0x000007feff7a7000 	C:\Windows\system32\GDI32.dll
0x000007fefdbb0000 - 0x000007fefdbbe000 	C:\Windows\system32\LPK.dll
0x000007fefdc20000 - 0x000007fefdce9000 	C:\Windows\system32\USP10.dll
0x000007fefc160000 - 0x000007fefc354000 	C:\Windows\WinSxS\amd64_microsoft.windows.common-controls_6595b64144ccf1df_6.0.7601.17514_none_fa396087175ac9ac\COMCTL32.dll
0x000007fefed80000 - 0x000007fefedf1000 	C:\Windows\system32\SHLWAPI.dll
0x000007feff710000 - 0x000007feff73e000 	C:\Windows\system32\IMM32.DLL
0x000007fefdcf0000 - 0x000007fefddf9000 	C:\Windows\system32\MSCTF.dll
0x000007fefd720000 - 0x000007fefd760000 	C:\Windows\system32\nvinitx.dll
0x0000000065ca0000 - 0x0000000065d72000 	C:\Program Files\jmonkeyplatform\jdk\jre\bin\msvcr100.dll
0x000000005ab30000 - 0x000000005b2f9000 	C:\Program Files\jmonkeyplatform\jdk\jre\bin\server\jvm.dll
0x000007fefc400000 - 0x000007fefc409000 	C:\Windows\system32\WSOCK32.dll
0x000007feff9b0000 - 0x000007feff9fd000 	C:\Windows\system32\WS2_32.dll
0x000007fefde00000 - 0x000007fefde08000 	C:\Windows\system32\NSI.dll
0x000007fefb9a0000 - 0x000007fefb9db000 	C:\Windows\system32\WINMM.dll
0x0000000077b90000 - 0x0000000077b97000 	C:\Windows\system32\PSAPI.DLL
0x0000000074420000 - 0x000000007442f000 	C:\Program Files\jmonkeyplatform\jdk\jre\bin\verify.dll
0x0000000074390000 - 0x00000000743b8000 	C:\Program Files\jmonkeyplatform\jdk\jre\bin\java.dll
0x0000000074400000 - 0x0000000074415000 	C:\Program Files\jmonkeyplatform\jdk\jre\bin\zip.dll
0x00000000743d0000 - 0x00000000743e9000 	C:\Program Files\jmonkeyplatform\jdk\jre\bin\net.dll
0x000007fefcc90000 - 0x000007fefcce5000 	C:\Windows\system32\mswsock.dll
0x000007fefcc80000 - 0x000007fefcc87000 	C:\Windows\System32\wship6.dll
0x0000000074370000 - 0x0000000074381000 	C:\Program Files\jmonkeyplatform\jdk\jre\bin\nio.dll
0x000007fefd050000 - 0x000007fefd067000 	C:\Windows\system32\CRYPTSP.dll
0x000007fefc9b0000 - 0x000007fefc9f7000 	C:\Windows\system32\rsaenh.dll
0x000007fefdb90000 - 0x000007fefdbae000 	C:\Windows\system32\USERENV.dll
0x000007fefd800000 - 0x000007fefd80f000 	C:\Windows\system32\profapi.dll
0x000007fefd650000 - 0x000007fefd65f000 	C:\Windows\system32\CRYPTBASE.dll
0x0000000180000000 - 0x0000000180050000 	C:\Users\Just\Studium\Master\Semester 2\Virtual Reality\PortClient_2\PortClient_2\lwjgl64.dll
0x000007fef37d0000 - 0x000007fef38ed000 	C:\Windows\system32\OPENGL32.dll
0x000007fef6bf0000 - 0x000007fef6c1d000 	C:\Windows\system32\GLU32.dll
0x000007fef1090000 - 0x000007fef1181000 	C:\Windows\system32\DDRAW.dll
0x000007fef1030000 - 0x000007fef1038000 	C:\Windows\system32\DCIMAN32.dll
0x000007fefde10000 - 0x000007fefdfe7000 	C:\Windows\system32\SETUPAPI.dll
0x000007fefd980000 - 0x000007fefd9b6000 	C:\Windows\system32\CFGMGR32.dll
0x000007feff1f0000 - 0x000007feff2c7000 	C:\Windows\system32\OLEAUT32.dll
0x000007feffac0000 - 0x000007feffcc3000 	C:\Windows\system32\ole32.dll
0x000007fefda70000 - 0x000007fefda8a000 	C:\Windows\system32\DEVOBJ.dll
0x000007fefb480000 - 0x000007fefb498000 	C:\Windows\system32\dwmapi.dll
0x000007fefd220000 - 0x000007fefd22c000 	C:\Windows\system32\VERSION.dll
0x000007fefbe70000 - 0x000007fefbec6000 	C:\Windows\system32\uxtheme.dll
0x000000000ae00000 - 0x000000000bfed000 	C:\Windows\system32\ig4icd64.dll
0x0000000010000000 - 0x0000000010065000 	C:\Program Files\WIDCOMM\Bluetooth Software\btmmhook.dll
0x000007fefdff0000 - 0x000007fefed78000 	C:\Windows\system32\SHELL32.dll
0x000007feff7b0000 - 0x000007feff849000 	C:\Windows\system32\CLBCatQ.DLL
0x000007fefd2f0000 - 0x000007fefd2f7000 	C:\Windows\System32\wshtcpip.dll
0x000007fef7960000 - 0x000007fef798e000 	C:\Program Files\Common Files\Microsoft Shared\Windows Live\WLIDNSP.DLL
0x00000000711b0000 - 0x00000000711d6000 	C:\Program Files\Bonjour\mdnsNSP.dll
0x000007fefb660000 - 0x000007fefb687000 	C:\Windows\system32\Iphlpapi.DLL
0x000007fefb650000 - 0x000007fefb65b000 	C:\Windows\system32\WINNSI.DLL
0x000007fefcad0000 - 0x000007fefcb2b000 	C:\Windows\system32\DNSAPI.dll
0x000007fef6450000 - 0x000007fef6458000 	C:\Windows\system32\rasadhlp.dll
0x000007fef9f80000 - 0x000007fef9fd3000 	C:\Windows\System32\fwpuclnt.dll
0x000007fefa930000 - 0x000007fefa9cc000 	C:\Windows\system32\mscms.dll
0x000007fef59c0000 - 0x000007fef5a02000 	C:\Windows\system32\icm32.dll
0x0000000000550000 - 0x000000000059a000 	C:\Program Files\Acer\Acer ePower Management\SysHook.dll
0x000007fefb220000 - 0x000007fefb291000 	C:\Windows\system32\WINSPOOL.DRV
0x0000000065d80000 - 0x0000000065f15000 	C:\Program Files\jmonkeyplatform\jdk\jre\bin\awt.dll
0x0000000005bf0000 - 0x0000000005c54000 	C:\Users\Just\Studium\Master\Semester 2\Virtual Reality\PortClient_2\PortClient_2\OpenAL64.dll
0x000007fefbed0000 - 0x000007fefbf1b000 	C:\Windows\System32\MMDevApi.dll
0x000007fefc000000 - 0x000007fefc12c000 	C:\Windows\System32\PROPSYS.dll
0x000007fef5920000 - 0x000007fef59a8000 	C:\Windows\system32\dsound.dll
0x000007fefbf20000 - 0x000007fefbf4c000 	C:\Windows\system32\POWRPROF.dll
0x000007fefb820000 - 0x000007fefb86f000 	C:\Windows\system32\AUDIOSES.DLL
0x0000000070760000 - 0x0000000070790000 	C:\Program Files\jmonkeyplatform\jdk\jre\bin\jpeg.dll
0x0000000005da0000 - 0x0000000005dd1000 	C:\Program Files\WIDCOMM\Bluetooth Software\btkeyind.dll
0x0000000070430000 - 0x0000000070469000 	C:\Program Files\jmonkeyplatform\jdk\jre\bin\kcms.dll
0x000007fef5de0000 - 0x000007fef5f05000 	C:\Windows\system32\dbghelp.dll

VM Arguments:
jvm_args: -Dfile.encoding=UTF-8 
java_command: mygame.Main
Launcher Type: SUN_STANDARD

Environment Variables:
JAVA_HOME=C:\Progra~2\Java\jdk1.7.0_07
CLASSPATH=.;C:\Program Files (x86)\Java\jre7\lib\ext\QTJava.zip;C:\Program Files (x86)\apache-ant-1.9.2
USERNAME=Just
OS=Windows_NT
PROCESSOR_IDENTIFIER=Intel64 Family 6 Model 37 Stepping 5, GenuineIntel



---------------  S Y S T E M  ---------------

OS: Windows 7 , 64 bit Build 7601 Service Pack 1

CPU:total 4 (2 cores per cpu, 2 threads per core) family 6 model 37 stepping 5, cmov, cx8, fxsr, mmx, sse, sse2, sse3, ssse3, sse4.1, sse4.2, popcnt, ht, tsc, tscinvbit

Memory: 4k page, physical 3857112k(965952k free), swap 7712360k(2811104k free)

vm_info: Java HotSpot(TM) 64-Bit Server VM (24.51-b03) for windows-amd64 JRE (1.7.0_51-b13), built on Dec 18 2013 18:40:56 by "java_re" with unknown MS VC++:1600

time: Mon Jun 23 12:40:23 2014
elapsed time: 6 seconds

