#
# A fatal error has been detected by the Java Runtime Environment:
#
#  EXCEPTION_ACCESS_VIOLATION (0xc0000005) at pc=0x000000000b5077f9, pid=5600, tid=7668
#
# JRE version: Java(TM) SE Runtime Environment (7.0_51-b13) (build 1.7.0_51-b13)
# Java VM: Java HotSpot(TM) 64-Bit Server VM (24.51-b03 mixed mode windows-amd64 compressed oops)
# Problematic frame:
# C  [ig4icd64.dll+0x1b77f9]
#
# Failed to write core dump. Minidumps are not enabled by default on client versions of Windows
#
# If you would like to submit a bug report, please visit:
#   http://bugreport.sun.com/bugreport/crash.jsp
# The crash happened outside the Java Virtual Machine in native code.
# See problematic frame for where to report the bug.
#

---------------  T H R E A D  ---------------

Current thread (0x000000000a33b000):  JavaThread "LWJGL Renderer Thread" [_thread_in_native, id=7668, stack(0x00000000091f0000,0x00000000092f0000)]

siginfo: ExceptionCode=0xc0000005, reading address 0x0000000018ff200c

Registers:
RAX=0x0000000000003f84, RBX=0x000000000cfb7708, RCX=0x0000000018ff2004, RDX=0x0000000000000000
RSP=0x00000000092ee9a0, RBP=0x0000000000000006, RSI=0x000000000000054b, RDI=0x00000000131c1aa0
R8 =0x0000000000000002, R9 =0x0000000000000000, R10=0x0000000000000002, R11=0x0000000018fee080
R12=0x0000000000000446, R13=0x000000000b29e1a0, R14=0x0000000000000018, R15=0x00000000131c1aa0
RIP=0x000000000b5077f9, EFLAGS=0x0000000000010246

Top of Stack: (sp=0x00000000092ee9a0)
0x00000000092ee9a0:   00000000000004ae 000000000cfaaa00
0x00000000092ee9b0:   0000000005c15ad8 000000000bbbb756
0x00000000092ee9c0:   0000000000000002 0000000000000002
0x00000000092ee9d0:   00000000c0584450 0000000000000018
0x00000000092ee9e0:   000000003c8bc147 0000000000000000
0x00000000092ee9f0:   000000003c8bc147 0000000000000000
0x00000000092eea00:   00000000000004b0 00000000131c13f0
0x00000000092eea10:   0000000000000446 000000000000008b
0x00000000092eea20:   00000000131c1aa0 0000000000000000
0x00000000092eea30:   000000000cfaaa00 000000000b509cff
0x00000000092eea40:   000000000cfaaa00 00000000000004b0
0x00000000092eea50:   0000000000000446 00000000131c1ad0
0x00000000092eea60:   00000000131c1aa0 0000000000000001
0x00000000092eea70:   000000000000008b 00000000000004b0
0x00000000092eea80:   0000000000000006 0000000000080038
0x00000000092eea90:   00000000000004b0 00000000000001ce 

Instructions: (pc=0x000000000b5077f9)
0x000000000b5077d9:   83 ea 01 74 2b 83 ea 01 74 1e 83 ea 01 74 11 83
0x000000000b5077e9:   fa 01 0f 85 59 02 00 00 8b 41 0c 41 89 44 ed 0c
0x000000000b5077f9:   8b 41 08 41 89 44 ed 08 8b 41 04 41 89 44 ed 04
0x000000000b507809:   8b 01 4c 8b 54 24 20 48 8b 9c 24 a0 00 00 00 4c 


Register to memory mapping:

RAX=0x0000000000003f84 is an unknown value
RBX=0x000000000cfb7708 is an unknown value
RCX=0x0000000018ff2004 is an unknown value
RDX=0x0000000000000000 is an unknown value
RSP=0x00000000092ee9a0 is pointing into the stack for thread: 0x000000000a33b000
RBP=0x0000000000000006 is an unknown value
RSI=0x000000000000054b is an unknown value
RDI=0x00000000131c1aa0 is an unknown value
R8 =0x0000000000000002 is an unknown value
R9 =0x0000000000000000 is an unknown value
R10=0x0000000000000002 is an unknown value
R11=0x0000000018fee080 is an unknown value
R12=0x0000000000000446 is an unknown value
R13=0x000000000b29e1a0 is an unknown value
R14=0x0000000000000018 is an unknown value
R15=0x00000000131c1aa0 is an unknown value


Stack: [0x00000000091f0000,0x00000000092f0000],  sp=0x00000000092ee9a0,  free space=1018k
Native frames: (J=compiled Java code, j=interpreted, Vv=VM code, C=native code)
C  [ig4icd64.dll+0x1b77f9]

Java frames: (J=compiled Java code, j=interpreted, Vv=VM code)
J  org.lwjgl.opengl.GL12.nglDrawRangeElementsBO(IIIIIJJ)V
J  com.jme3.renderer.lwjgl.LwjglRenderer.drawTriangleList(Lcom/jme3/scene/VertexBuffer;Lcom/jme3/scene/Mesh;I)V
J  com.jme3.renderer.lwjgl.LwjglRenderer.renderMeshDefault(Lcom/jme3/scene/Mesh;II)V
J  com.jme3.material.Material.renderMultipassLighting(Lcom/jme3/shader/Shader;Lcom/jme3/scene/Geometry;Lcom/jme3/renderer/RenderManager;)V
J  com.jme3.material.Material.render(Lcom/jme3/scene/Geometry;Lcom/jme3/renderer/RenderManager;)V
J  com.jme3.renderer.queue.RenderQueue.renderGeometryList(Lcom/jme3/renderer/queue/GeometryList;Lcom/jme3/renderer/RenderManager;Lcom/jme3/renderer/Camera;Z)V
j  com.jme3.renderer.queue.RenderQueue.renderQueue(Lcom/jme3/renderer/queue/RenderQueue$Bucket;Lcom/jme3/renderer/RenderManager;Lcom/jme3/renderer/Camera;Z)V+68
j  com.jme3.renderer.RenderManager.renderViewPortQueues(Lcom/jme3/renderer/ViewPort;Z)V+22
j  com.jme3.renderer.RenderManager.flushQueue(Lcom/jme3/renderer/ViewPort;)V+3
j  com.jme3.renderer.RenderManager.renderViewPort(Lcom/jme3/renderer/ViewPort;F)V+267
j  com.jme3.water.WaterFilter.preFrame(F)V+209
j  com.jme3.post.FilterPostProcessor.preFrame(F)V+173
j  com.jme3.renderer.RenderManager.renderViewPort(Lcom/jme3/renderer/ViewPort;F)V+80
j  com.jme3.renderer.RenderManager.render(FZ)V+123
j  com.jme3.app.SimpleApplication.update()V+102
j  com.jme3.system.lwjgl.LwjglAbstractDisplay.runLoop()V+22
j  com.jme3.system.lwjgl.LwjglDisplay.runLoop()V+67
j  com.jme3.system.lwjgl.LwjglAbstractDisplay.run()V+132
j  java.lang.Thread.run()V+11
v  ~StubRoutines::call_stub

---------------  P R O C E S S  ---------------

Java Threads: ( => current thread )
  0x000000000a572800 JavaThread "Java2D Disposer" daemon [_thread_blocked, id=1336, stack(0x0000000011c40000,0x0000000011d40000)]
  0x000000000a34b000 JavaThread "jME3 Audio Thread" daemon [_thread_blocked, id=5084, stack(0x0000000010f40000,0x0000000011040000)]
  0x000000000a42e800 JavaThread "NioProcessor-2" [_thread_in_native, id=3936, stack(0x000000000d730000,0x000000000d830000)]
  0x000000000a336800 JavaThread "pool-2-thread-1" [_thread_blocked, id=6820, stack(0x000000000cd60000,0x000000000ce60000)]
  0x00000000022a8000 JavaThread "DestroyJavaVM" [_thread_blocked, id=3960, stack(0x0000000002390000,0x0000000002490000)]
=>0x000000000a33b000 JavaThread "LWJGL Renderer Thread" [_thread_in_native, id=7668, stack(0x00000000091f0000,0x00000000092f0000)]
  0x000000000a1bc000 JavaThread "Thread-1" [_thread_blocked, id=7316, stack(0x0000000009d30000,0x0000000009e30000)]
  0x00000000083ec800 JavaThread "Service Thread" daemon [_thread_blocked, id=5216, stack(0x0000000009e30000,0x0000000009f30000)]
  0x00000000083e6800 JavaThread "C2 CompilerThread1" daemon [_thread_blocked, id=7300, stack(0x0000000009c30000,0x0000000009d30000)]
  0x00000000083e1800 JavaThread "C2 CompilerThread0" daemon [_thread_blocked, id=4960, stack(0x0000000009b10000,0x0000000009c10000)]
  0x00000000083e0000 JavaThread "Attach Listener" daemon [_thread_blocked, id=4032, stack(0x0000000009980000,0x0000000009a80000)]
  0x00000000083d9000 JavaThread "Signal Dispatcher" daemon [_thread_blocked, id=5632, stack(0x0000000009880000,0x0000000009980000)]
  0x0000000008388800 JavaThread "Finalizer" daemon [_thread_blocked, id=7096, stack(0x00000000096a0000,0x00000000097a0000)]
  0x000000000837f800 JavaThread "Reference Handler" daemon [_thread_blocked, id=3512, stack(0x0000000009510000,0x0000000009610000)]

Other Threads:
  0x0000000008379800 VMThread [stack: 0x0000000009320000,0x0000000009420000] [id=7680]
  0x00000000083fd800 WatcherThread [stack: 0x0000000009f80000,0x000000000a080000] [id=6588]

VM state:not at safepoint (normal execution)

VM Mutex/Monitor currently owned by a thread: None

Heap
 PSYoungGen      total 319488K, used 64229K [0x00000000ec600000, 0x0000000100000000, 0x0000000100000000)
  eden space 318464K, 20% used [0x00000000ec600000,0x00000000f0463310,0x00000000ffd00000)
  from space 1024K, 33% used [0x00000000fff00000,0x00000000fff56450,0x0000000100000000)
  to   space 1536K, 0% used [0x00000000ffd00000,0x00000000ffd00000,0x00000000ffe80000)
 ParOldGen       total 55808K, used 49647K [0x00000000c5200000, 0x00000000c8880000, 0x00000000ec600000)
  object space 55808K, 88% used [0x00000000c5200000,0x00000000c827be30,0x00000000c8880000)
 PSPermGen       total 34816K, used 17311K [0x00000000c0000000, 0x00000000c2200000, 0x00000000c5200000)
  object space 34816K, 49% used [0x00000000c0000000,0x00000000c10e7c48,0x00000000c2200000)

Card table byte_map: [0x0000000005570000,0x0000000005780000] byte_map_base: 0x0000000004f70000

Polling page: 0x0000000000340000

Code Cache  [0x0000000002570000, 0x00000000028d0000, 0x0000000005570000)
 total_blobs=1578 nmethods=1080 adapters=451 free_code_cache=45779Kb largest_free_block=46816512

Compilation events (10 events):
Event: 37.745 Thread 0x00000000083e6800 1106             com.bulletphysics.dynamics.RigidBody::getCenterOfMassTransform (10 bytes)
Event: 37.746 Thread 0x00000000083e6800 nmethod 1106 0x00000000028bbed0 code [0x00000000028bc020, 0x00000000028bc178]
Event: 37.746 Thread 0x00000000083e6800 1107             com.bulletphysics.dynamics.RigidBody::setCenterOfMassTransform (60 bytes)
Event: 37.750 Thread 0x00000000083e6800 nmethod 1107 0x00000000028c8210 code [0x00000000028c8380, 0x00000000028c86f8]
Event: 39.292 Thread 0x00000000083e6800 1111             java.lang.Long::hashCode (14 bytes)
Event: 39.292 Thread 0x00000000083e6800 nmethod 1111 0x000000000288e110 code [0x000000000288e240, 0x000000000288e298]
Event: 39.502 Thread 0x00000000083e1800 1112             java.util.LinkedList::clear (60 bytes)
Event: 39.503 Thread 0x00000000083e1800 nmethod 1112 0x00000000028bb750 code [0x00000000028bb880, 0x00000000028bb918]
Event: 40.102 Thread 0x00000000083e6800 1113             java.lang.Class::forName (39 bytes)
Event: 40.103 Thread 0x00000000083e6800 nmethod 1113 0x00000000028c8b90 code [0x00000000028c8ce0, 0x00000000028c8d68]

GC Heap History (10 events):
Event: 37.976 GC heap before
{Heap before GC invocations=109 (full 1):
 PSYoungGen      total 320512K, used 319808K [0x00000000ec600000, 0x0000000100000000, 0x0000000100000000)
  eden space 319488K, 100% used [0x00000000ec600000,0x00000000ffe00000,0x00000000ffe00000)
  from space 1024K, 31% used [0x00000000ffe00000,0x00000000ffe50000,0x00000000fff00000)
  to   space 1024K, 0% used [0x00000000fff00000,0x00000000fff00000,0x0000000100000000)
 ParOldGen       total 55808K, used 46894K [0x00000000c5200000, 0x00000000c8880000, 0x00000000ec600000)
  object space 55808K, 84% used [0x00000000c5200000,0x00000000c7fcba30,0x00000000c8880000)
 PSPermGen       total 34816K, used 17307K [0x00000000c0000000, 0x00000000c2200000, 0x00000000c5200000)
  object space 34816K, 49% used [0x00000000c0000000,0x00000000c10e6ce8,0x00000000c2200000)
Event: 37.981 GC heap after
Heap after GC invocations=109 (full 1):
 PSYoungGen      total 320512K, used 504K [0x00000000ec600000, 0x0000000100000000, 0x0000000100000000)
  eden space 319488K, 0% used [0x00000000ec600000,0x00000000ec600000,0x00000000ffe00000)
  from space 1024K, 49% used [0x00000000fff00000,0x00000000fff7e130,0x0000000100000000)
  to   space 1024K, 0% used [0x00000000ffe00000,0x00000000ffe00000,0x00000000fff00000)
 ParOldGen       total 55808K, used 47094K [0x00000000c5200000, 0x00000000c8880000, 0x00000000ec600000)
  object space 55808K, 84% used [0x00000000c5200000,0x00000000c7ffda30,0x00000000c8880000)
 PSPermGen       total 34816K, used 17307K [0x00000000c0000000, 0x00000000c2200000, 0x00000000c5200000)
  object space 34816K, 49% used [0x00000000c0000000,0x00000000c10e6ce8,0x00000000c2200000)
}
Event: 38.251 GC heap before
{Heap before GC invocations=110 (full 1):
 PSYoungGen      total 320512K, used 319992K [0x00000000ec600000, 0x0000000100000000, 0x0000000100000000)
  eden space 319488K, 100% used [0x00000000ec600000,0x00000000ffe00000,0x00000000ffe00000)
  from space 1024K, 49% used [0x00000000fff00000,0x00000000fff7e130,0x0000000100000000)
  to   space 1024K, 0% used [0x00000000ffe00000,0x00000000ffe00000,0x00000000fff00000)
 ParOldGen       total 55808K, used 47094K [0x00000000c5200000, 0x00000000c8880000, 0x00000000ec600000)
  object space 55808K, 84% used [0x00000000c5200000,0x00000000c7ffda30,0x00000000c8880000)
 PSPermGen       total 34816K, used 17307K [0x00000000c0000000, 0x00000000c2200000, 0x00000000c5200000)
  object space 34816K, 49% used [0x00000000c0000000,0x00000000c10e6e30,0x00000000c2200000)
Event: 38.258 GC heap after
Heap after GC invocations=110 (full 1):
 PSYoungGen      total 320512K, used 312K [0x00000000ec600000, 0x0000000100000000, 0x0000000100000000)
  eden space 319488K, 0% used [0x00000000ec600000,0x00000000ec600000,0x00000000ffe00000)
  from space 1024K, 30% used [0x00000000ffe00000,0x00000000ffe4e1d0,0x00000000fff00000)
  to   space 1024K, 0% used [0x00000000fff00000,0x00000000fff00000,0x0000000100000000)
 ParOldGen       total 55808K, used 47478K [0x00000000c5200000, 0x00000000c8880000, 0x00000000ec600000)
  object space 55808K, 85% used [0x00000000c5200000,0x00000000c805da30,0x00000000c8880000)
 PSPermGen       total 34816K, used 17307K [0x00000000c0000000, 0x00000000c2200000, 0x00000000c5200000)
  object space 34816K, 49% used [0x00000000c0000000,0x00000000c10e6e30,0x00000000c2200000)
}
Event: 38.585 GC heap before
{Heap before GC invocations=111 (full 1):
 PSYoungGen      total 320512K, used 319800K [0x00000000ec600000, 0x0000000100000000, 0x0000000100000000)
  eden space 319488K, 100% used [0x00000000ec600000,0x00000000ffe00000,0x00000000ffe00000)
  from space 1024K, 30% used [0x00000000ffe00000,0x00000000ffe4e1d0,0x00000000fff00000)
  to   space 1024K, 0% used [0x00000000fff00000,0x00000000fff00000,0x0000000100000000)
 ParOldGen       total 55808K, used 47478K [0x00000000c5200000, 0x00000000c8880000, 0x00000000ec600000)
  object space 55808K, 85% used [0x00000000c5200000,0x00000000c805da30,0x00000000c8880000)
 PSPermGen       total 34816K, used 17308K [0x00000000c0000000, 0x00000000c2200000, 0x00000000c5200000)
  object space 34816K, 49% used [0x00000000c0000000,0x00000000c10e7078,0x00000000c2200000)
Event: 38.592 GC heap after
Heap after GC invocations=111 (full 1):
 PSYoungGen      total 320512K, used 512K [0x00000000ec600000, 0x0000000100000000, 0x0000000100000000)
  eden space 319488K, 0% used [0x00000000ec600000,0x00000000ec600000,0x00000000ffe00000)
  from space 1024K, 50% used [0x00000000fff00000,0x00000000fff80010,0x0000000100000000)
  to   space 1024K, 0% used [0x00000000ffe00000,0x00000000ffe00000,0x00000000fff00000)
 ParOldGen       total 55808K, used 47670K [0x00000000c5200000, 0x00000000c8880000, 0x00000000ec600000)
  object space 55808K, 85% used [0x00000000c5200000,0x00000000c808da30,0x00000000c8880000)
 PSPermGen       total 34816K, used 17308K [0x00000000c0000000, 0x00000000c2200000, 0x00000000c5200000)
  object space 34816K, 49% used [0x00000000c0000000,0x00000000c10e7078,0x00000000c2200000)
}
Event: 39.558 GC heap before
{Heap before GC invocations=112 (full 1):
 PSYoungGen      total 320512K, used 320000K [0x00000000ec600000, 0x0000000100000000, 0x0000000100000000)
  eden space 319488K, 100% used [0x00000000ec600000,0x00000000ffe00000,0x00000000ffe00000)
  from space 1024K, 50% used [0x00000000fff00000,0x00000000fff80010,0x0000000100000000)
  to   space 1024K, 0% used [0x00000000ffe00000,0x00000000ffe00000,0x00000000fff00000)
 ParOldGen       total 55808K, used 47670K [0x00000000c5200000, 0x00000000c8880000, 0x00000000ec600000)
  object space 55808K, 85% used [0x00000000c5200000,0x00000000c808da30,0x00000000c8880000)
 PSPermGen       total 34816K, used 17311K [0x00000000c0000000, 0x00000000c2200000, 0x00000000c5200000)
  object space 34816K, 49% used [0x00000000c0000000,0x00000000c10e7c48,0x00000000c2200000)
Event: 39.569 GC heap after
Heap after GC invocations=112 (full 1):
 PSYoungGen      total 320512K, used 992K [0x00000000ec600000, 0x0000000100000000, 0x0000000100000000)
  eden space 319488K, 0% used [0x00000000ec600000,0x00000000ec600000,0x00000000ffe00000)
  from space 1024K, 96% used [0x00000000ffe00000,0x00000000ffef8020,0x00000000fff00000)
  to   space 1024K, 0% used [0x00000000fff00000,0x00000000fff00000,0x0000000100000000)
 ParOldGen       total 55808K, used 48647K [0x00000000c5200000, 0x00000000c8880000, 0x00000000ec600000)
  object space 55808K, 87% used [0x00000000c5200000,0x00000000c8181e10,0x00000000c8880000)
 PSPermGen       total 34816K, used 17311K [0x00000000c0000000, 0x00000000c2200000, 0x00000000c5200000)
  object space 34816K, 49% used [0x00000000c0000000,0x00000000c10e7c48,0x00000000c2200000)
}
Event: 40.124 GC heap before
{Heap before GC invocations=113 (full 1):
 PSYoungGen      total 320512K, used 320480K [0x00000000ec600000, 0x0000000100000000, 0x0000000100000000)
  eden space 319488K, 100% used [0x00000000ec600000,0x00000000ffe00000,0x00000000ffe00000)
  from space 1024K, 96% used [0x00000000ffe00000,0x00000000ffef8020,0x00000000fff00000)
  to   space 1024K, 0% used [0x00000000fff00000,0x00000000fff00000,0x0000000100000000)
 ParOldGen       total 55808K, used 48647K [0x00000000c5200000, 0x00000000c8880000, 0x00000000ec600000)
  object space 55808K, 87% used [0x00000000c5200000,0x00000000c8181e10,0x00000000c8880000)
 PSPermGen       total 34816K, used 17311K [0x00000000c0000000, 0x00000000c2200000, 0x00000000c5200000)
  object space 34816K, 49% used [0x00000000c0000000,0x00000000c10e7c48,0x00000000c2200000)
Event: 40.133 GC heap after
Heap after GC invocations=113 (full 1):
 PSYoungGen      total 319488K, used 345K [0x00000000ec600000, 0x0000000100000000, 0x0000000100000000)
  eden space 318464K, 0% used [0x00000000ec600000,0x00000000ec600000,0x00000000ffd00000)
  from space 1024K, 33% used [0x00000000fff00000,0x00000000fff56450,0x0000000100000000)
  to   space 1536K, 0% used [0x00000000ffd00000,0x00000000ffd00000,0x00000000ffe80000)
 ParOldGen       total 55808K, used 49647K [0x00000000c5200000, 0x00000000c8880000, 0x00000000ec600000)
  object space 55808K, 88% used [0x00000000c5200000,0x00000000c827be30,0x00000000c8880000)
 PSPermGen       total 34816K, used 17311K [0x00000000c0000000, 0x00000000c2200000, 0x00000000c5200000)
  object space 34816K, 49% used [0x00000000c0000000,0x00000000c10e7c48,0x00000000c2200000)
}

Deoptimization events (10 events):
Event: 7.576 Thread 0x000000000a33b000 Uncommon trap: reason=class_check action=maybe_recompile pc=0x00000000026f2038 method=com.bulletphysics.collision.shapes.BvhTriangleMeshShape$MyNodeOverlapCallback.processNode(II)V @ 56
Event: 7.590 Thread 0x000000000a33b000 Uncommon trap: reason=class_check action=maybe_recompile pc=0x00000000026f2038 method=com.bulletphysics.collision.shapes.BvhTriangleMeshShape$MyNodeOverlapCallback.processNode(II)V @ 56
Event: 7.602 Thread 0x000000000a33b000 Uncommon trap: reason=class_check action=maybe_recompile pc=0x00000000026f2038 method=com.bulletphysics.collision.shapes.BvhTriangleMeshShape$MyNodeOverlapCallback.processNode(II)V @ 56
Event: 10.936 Thread 0x000000000a33b000 Uncommon trap: reason=unreached action=reinterpret pc=0x0000000002697e44 method=com.bulletphysics.collision.broadphase.Dbvt.collideTT(Lcom/bulletphysics/collision/broadphase/Dbvt$Node;Lcom/bulletphysics/collision/broadphase/Dbvt$Node;Lcom/bulletphysics/col2$Á63@
Event: 19.211 Thread 0x000000000a33b000 Uncommon trap: reason=predicate action=maybe_recompile pc=0x000000000288e510 method=java.util.Arrays.fill([Ljava/lang/Object;Ljava/lang/Object;)V @ 10
Event: 22.801 Thread 0x000000000a42e800 Uncommon trap: reason=unreached action=reinterpret pc=0x0000000002890530 method=sun.misc.Cleaner.remove(Lsun/misc/Cleaner;)Z @ 14
Event: 28.397 Thread 0x000000000a33b000 Uncommon trap: reason=array_check action=maybe_recompile pc=0x00000000028a6634 method=java.util.Arrays.fill([Ljava/lang/Object;Ljava/lang/Object;)V @ 13
Event: 28.406 Thread 0x000000000a33b000 Uncommon trap: reason=array_check action=maybe_recompile pc=0x00000000028a6634 method=java.util.Arrays.fill([Ljava/lang/Object;Ljava/lang/Object;)V @ 13
Event: 28.406 Thread 0x000000000a33b000 Uncommon trap: reason=array_check action=maybe_recompile pc=0x00000000028a6634 method=java.util.Arrays.fill([Ljava/lang/Object;Ljava/lang/Object;)V @ 13
Event: 28.406 Thread 0x000000000a33b000 Uncommon trap: reason=array_check action=maybe_recompile pc=0x00000000028a6634 method=java.util.Arrays.fill([Ljava/lang/Object;Ljava/lang/Object;)V @ 13

Internal exceptions (10 events):
Event: 7.249 Thread 0x000000000a33b000 Threw 0x00000000f074ee40 at C:\re\jdk7u51\527\hotspot\src\share\vm\prims\jvm.cpp:1244
Event: 7.255 Thread 0x000000000a33b000 Threw 0x00000000f07895a0 at C:\re\jdk7u51\527\hotspot\src\share\vm\prims\jvm.cpp:1244
Event: 7.561 Thread 0x000000000a33b000 Threw 0x00000000f0eaee58 at C:\re\jdk7u51\527\hotspot\src\share\vm\prims\jvm.cpp:1244
Event: 7.562 Thread 0x000000000a33b000 Threw 0x00000000f0eb3be8 at C:\re\jdk7u51\527\hotspot\src\share\vm\prims\jvm.cpp:1244
Event: 7.563 Thread 0x000000000a33b000 Threw 0x00000000f0ebf298 at C:\re\jdk7u51\527\hotspot\src\share\vm\prims\jvm.cpp:1244
Event: 7.684 Thread 0x000000000a33b000 Threw 0x00000000f19af4d8 at C:\re\jdk7u51\527\hotspot\src\share\vm\prims\jvm.cpp:1244
Event: 7.684 Thread 0x000000000a33b000 Threw 0x00000000f19b30f0 at C:\re\jdk7u51\527\hotspot\src\share\vm\prims\jvm.cpp:1244
Event: 7.971 Thread 0x000000000a33b000 Threw 0x00000000f2ceae78 at C:\re\jdk7u51\527\hotspot\src\share\vm\prims\jvm.cpp:1244
Event: 7.993 Thread 0x000000000a33b000 Threw 0x00000000f2cedb68 at C:\re\jdk7u51\527\hotspot\src\share\vm\prims\jvm.cpp:1244
Event: 8.018 Thread 0x000000000a33b000 Threw 0x00000000f2cf3ed0 at C:\re\jdk7u51\527\hotspot\src\share\vm\prims\jvm.cpp:1244

Events (10 events):
Event: 37.975 Executing VM operation: ParallelGCFailedAllocation
Event: 37.981 Executing VM operation: ParallelGCFailedAllocation done
Event: 38.251 Executing VM operation: ParallelGCFailedAllocation
Event: 38.258 Executing VM operation: ParallelGCFailedAllocation done
Event: 38.585 Executing VM operation: ParallelGCFailedAllocation
Event: 38.593 Executing VM operation: ParallelGCFailedAllocation done
Event: 39.557 Executing VM operation: ParallelGCFailedAllocation
Event: 39.569 Executing VM operation: ParallelGCFailedAllocation done
Event: 40.124 Executing VM operation: ParallelGCFailedAllocation
Event: 40.133 Executing VM operation: ParallelGCFailedAllocation done


Dynamic libraries:
0x000000013f0d0000 - 0x000000013f103000 	C:\Program Files\jmonkeyplatform\jdk\bin\java.exe
0x00000000779c0000 - 0x0000000077b69000 	C:\Windows\SYSTEM32\ntdll.dll
0x00000000777a0000 - 0x00000000778bf000 	C:\Windows\system32\kernel32.dll
0x000007fefdb00000 - 0x000007fefdb6c000 	C:\Windows\system32\KERNELBASE.dll
0x000007feff400000 - 0x000007feff4db000 	C:\Windows\system32\ADVAPI32.dll
0x000007fefee00000 - 0x000007fefee9f000 	C:\Windows\system32\msvcrt.dll
0x000007feffa20000 - 0x000007feffa3f000 	C:\Windows\SYSTEM32\sechost.dll
0x000007feff2d0000 - 0x000007feff3fd000 	C:\Windows\system32\RPCRT4.dll
0x00000000778c0000 - 0x00000000779ba000 	C:\Windows\system32\USER32.dll
0x000007feff740000 - 0x000007feff7a7000 	C:\Windows\system32\GDI32.dll
0x000007fefdbb0000 - 0x000007fefdbbe000 	C:\Windows\system32\LPK.dll
0x000007fefdc20000 - 0x000007fefdce9000 	C:\Windows\system32\USP10.dll
0x000007fefc160000 - 0x000007fefc354000 	C:\Windows\WinSxS\amd64_microsoft.windows.common-controls_6595b64144ccf1df_6.0.7601.17514_none_fa396087175ac9ac\COMCTL32.dll
0x000007fefed80000 - 0x000007fefedf1000 	C:\Windows\system32\SHLWAPI.dll
0x000007feff710000 - 0x000007feff73e000 	C:\Windows\system32\IMM32.DLL
0x000007fefdcf0000 - 0x000007fefddf9000 	C:\Windows\system32\MSCTF.dll
0x000007fefd720000 - 0x000007fefd760000 	C:\Windows\system32\nvinitx.dll
0x0000000070700000 - 0x00000000707d2000 	C:\Program Files\jmonkeyplatform\jdk\jre\bin\msvcr100.dll
0x000000005ab30000 - 0x000000005b2f9000 	C:\Program Files\jmonkeyplatform\jdk\jre\bin\server\jvm.dll
0x000007fefc400000 - 0x000007fefc409000 	C:\Windows\system32\WSOCK32.dll
0x000007feff9b0000 - 0x000007feff9fd000 	C:\Windows\system32\WS2_32.dll
0x000007fefde00000 - 0x000007fefde08000 	C:\Windows\system32\NSI.dll
0x000007fefb9a0000 - 0x000007fefb9db000 	C:\Windows\system32\WINMM.dll
0x0000000077b90000 - 0x0000000077b97000 	C:\Windows\system32\PSAPI.DLL
0x0000000074420000 - 0x000000007442f000 	C:\Program Files\jmonkeyplatform\jdk\jre\bin\verify.dll
0x0000000074390000 - 0x00000000743b8000 	C:\Program Files\jmonkeyplatform\jdk\jre\bin\java.dll
0x0000000074400000 - 0x0000000074415000 	C:\Program Files\jmonkeyplatform\jdk\jre\bin\zip.dll
0x00000000743d0000 - 0x00000000743e9000 	C:\Program Files\jmonkeyplatform\jdk\jre\bin\net.dll
0x000007fefcc90000 - 0x000007fefcce5000 	C:\Windows\system32\mswsock.dll
0x000007fefcc80000 - 0x000007fefcc87000 	C:\Windows\System32\wship6.dll
0x0000000074370000 - 0x0000000074381000 	C:\Program Files\jmonkeyplatform\jdk\jre\bin\nio.dll
0x000007fefd050000 - 0x000007fefd067000 	C:\Windows\system32\CRYPTSP.dll
0x000007fefc9b0000 - 0x000007fefc9f7000 	C:\Windows\system32\rsaenh.dll
0x000007fefdb90000 - 0x000007fefdbae000 	C:\Windows\system32\USERENV.dll
0x000007fefd800000 - 0x000007fefd80f000 	C:\Windows\system32\profapi.dll
0x000007fefd650000 - 0x000007fefd65f000 	C:\Windows\system32\CRYPTBASE.dll
0x0000000180000000 - 0x0000000180050000 	C:\Users\Just\Studium\Master\Semester 2\Virtual Reality\PortClient_2\PortClient_2\lwjgl64.dll
0x000007fef37d0000 - 0x000007fef38ed000 	C:\Windows\system32\OPENGL32.dll
0x000007fef6bf0000 - 0x000007fef6c1d000 	C:\Windows\system32\GLU32.dll
0x000007fef1090000 - 0x000007fef1181000 	C:\Windows\system32\DDRAW.dll
0x000007fef1030000 - 0x000007fef1038000 	C:\Windows\system32\DCIMAN32.dll
0x000007fefde10000 - 0x000007fefdfe7000 	C:\Windows\system32\SETUPAPI.dll
0x000007fefd980000 - 0x000007fefd9b6000 	C:\Windows\system32\CFGMGR32.dll
0x000007feff1f0000 - 0x000007feff2c7000 	C:\Windows\system32\OLEAUT32.dll
0x000007feffac0000 - 0x000007feffcc3000 	C:\Windows\system32\ole32.dll
0x000007fefda70000 - 0x000007fefda8a000 	C:\Windows\system32\DEVOBJ.dll
0x000007fefb480000 - 0x000007fefb498000 	C:\Windows\system32\dwmapi.dll
0x000007fefd220000 - 0x000007fefd22c000 	C:\Windows\system32\VERSION.dll
0x000007fefbe70000 - 0x000007fefbec6000 	C:\Windows\system32\uxtheme.dll
0x000000000b350000 - 0x000000000c53d000 	C:\Windows\system32\ig4icd64.dll
0x000007fefd2f0000 - 0x000007fefd2f7000 	C:\Windows\System32\wshtcpip.dll
0x000007fef7960000 - 0x000007fef798e000 	C:\Program Files\Common Files\Microsoft Shared\Windows Live\WLIDNSP.DLL
0x00000000711b0000 - 0x00000000711d6000 	C:\Program Files\Bonjour\mdnsNSP.dll
0x000007fefb660000 - 0x000007fefb687000 	C:\Windows\system32\Iphlpapi.DLL
0x000007fefb650000 - 0x000007fefb65b000 	C:\Windows\system32\WINNSI.DLL
0x000007fefcad0000 - 0x000007fefcb2b000 	C:\Windows\system32\DNSAPI.dll
0x000007fef6450000 - 0x000007fef6458000 	C:\Windows\system32\rasadhlp.dll
0x000007fef9f80000 - 0x000007fef9fd3000 	C:\Windows\System32\fwpuclnt.dll
0x0000000010000000 - 0x0000000010065000 	C:\Program Files\WIDCOMM\Bluetooth Software\btmmhook.dll
0x000007fefdff0000 - 0x000007fefed78000 	C:\Windows\system32\SHELL32.dll
0x000007feff7b0000 - 0x000007feff849000 	C:\Windows\system32\CLBCatQ.DLL
0x000007fefa930000 - 0x000007fefa9cc000 	C:\Windows\system32\mscms.dll
0x000007fef6ba0000 - 0x000007fef6be2000 	C:\Windows\system32\icm32.dll
0x0000000005d20000 - 0x0000000005d6a000 	C:\Program Files\Acer\Acer ePower Management\SysHook.dll
0x000007fefb220000 - 0x000007fefb291000 	C:\Windows\system32\WINSPOOL.DRV
0x0000000065d80000 - 0x0000000065f15000 	C:\Program Files\jmonkeyplatform\jdk\jre\bin\awt.dll
0x0000000009610000 - 0x0000000009674000 	C:\Users\Just\Studium\Master\Semester 2\Virtual Reality\PortClient_2\PortClient_2\OpenAL64.dll
0x000007fefbed0000 - 0x000007fefbf1b000 	C:\Windows\System32\MMDevApi.dll
0x000007fefc000000 - 0x000007fefc12c000 	C:\Windows\System32\PROPSYS.dll
0x000007fef5920000 - 0x000007fef59a8000 	C:\Windows\system32\dsound.dll
0x000007fefbf20000 - 0x000007fefbf4c000 	C:\Windows\system32\POWRPROF.dll
0x000007fefb820000 - 0x000007fefb86f000 	C:\Windows\system32\AUDIOSES.DLL
0x00000000706d0000 - 0x0000000070700000 	C:\Program Files\jmonkeyplatform\jdk\jre\bin\jpeg.dll
0x00000000097a0000 - 0x00000000097d1000 	C:\Program Files\WIDCOMM\Bluetooth Software\btkeyind.dll
0x0000000070690000 - 0x00000000706c9000 	C:\Program Files\jmonkeyplatform\jdk\jre\bin\kcms.dll
0x000007fef5de0000 - 0x000007fef5f05000 	C:\Windows\system32\dbghelp.dll

VM Arguments:
jvm_args: -Dfile.encoding=UTF-8 
java_command: mygame.Main
Launcher Type: SUN_STANDARD

Environment Variables:
JAVA_HOME=C:\Progra~2\Java\jdk1.7.0_07
CLASSPATH=.;C:\Program Files (x86)\Java\jre7\lib\ext\QTJava.zip;C:\Program Files (x86)\apache-ant-1.9.2
USERNAME=Just
OS=Windows_NT
PROCESSOR_IDENTIFIER=Intel64 Family 6 Model 37 Stepping 5, GenuineIntel



---------------  S Y S T E M  ---------------

OS: Windows 7 , 64 bit Build 7601 Service Pack 1

CPU:total 4 (2 cores per cpu, 2 threads per core) family 6 model 37 stepping 5, cmov, cx8, fxsr, mmx, sse, sse2, sse3, ssse3, sse4.1, sse4.2, popcnt, ht, tsc, tscinvbit

Memory: 4k page, physical 3857112k(678484k free), swap 7712360k(2578368k free)

vm_info: Java HotSpot(TM) 64-Bit Server VM (24.51-b03) for windows-amd64 JRE (1.7.0_51-b13), built on Dec 18 2013 18:40:56 by "java_re" with unknown MS VC++:1600

time: Mon Jun 23 12:32:41 2014
elapsed time: 40 seconds

