#
# A fatal error has been detected by the Java Runtime Environment:
#
#  EXCEPTION_ACCESS_VIOLATION (0xc0000005) at pc=0x000000000ad377f9, pid=6208, tid=7388
#
# JRE version: Java(TM) SE Runtime Environment (7.0_51-b13) (build 1.7.0_51-b13)
# Java VM: Java HotSpot(TM) 64-Bit Server VM (24.51-b03 mixed mode windows-amd64 compressed oops)
# Problematic frame:
# C  [ig4icd64.dll+0x1b77f9]
#
# Failed to write core dump. Minidumps are not enabled by default on client versions of Windows
#
# If you would like to submit a bug report, please visit:
#   http://bugreport.sun.com/bugreport/crash.jsp
# The crash happened outside the Java Virtual Machine in native code.
# See problematic frame for where to report the bug.
#

---------------  T H R E A D  ---------------

Current thread (0x000000000a0c7800):  JavaThread "LWJGL Renderer Thread" [_thread_in_native, id=7388, stack(0x000000000a8d0000,0x000000000a9d0000)]

siginfo: ExceptionCode=0xc0000005, reading address 0x0000000019912008

Registers:
RAX=0x00000000000033f0, RBX=0x000000000d214048, RCX=0x0000000019912000, RDX=0x0000000000000000
RSP=0x000000000a9ce450, RBP=0x0000000000000006, RSI=0x0000000000000454, RDI=0x000000001302f950
R8 =0x0000000000000002, R9 =0x0000000000000000, R10=0x0000000000000002, R11=0x000000001990ec10
R12=0x00000000000001d0, R13=0x000000000be4e1a0, R14=0x0000000000000018, R15=0x000000001302f950
RIP=0x000000000ad377f9, EFLAGS=0x0000000000010246

Top of Stack: (sp=0x000000000a9ce450)
0x000000000a9ce450:   000000000d207340 000000000d203670
0x000000000a9ce460:   00000000000004ae 000000000b3d324a
0x000000000a9ce470:   0000000000000002 0000000000000002
0x000000000a9ce480:   0000000000000000 0000000000000018
0x000000000a9ce490:   0000000000000000 0000000000000000
0x000000000a9ce4a0:   0000000000000000 0000000000000000
0x000000000a9ce4b0:   0000000000000000 000000001302f2a0
0x000000000a9ce4c0:   00000000000001d0 0000000000000000
0x000000000a9ce4d0:   000000001302f950 0000000000000000
0x000000000a9ce4e0:   000000000d207340 000000000ad39cff
0x000000000a9ce4f0:   000000000d207340 00000000000002a3
0x000000000a9ce500:   00000000000001d0 000000001302f980
0x000000000a9ce510:   000000001302f950 0000000000000001
0x000000000a9ce520:   0000000000000000 0000000000000000
0x000000000a9ce530:   0000000000001403 0000000000080038
0x000000000a9ce540:   0000000000000004 00000000000004e1 

Instructions: (pc=0x000000000ad377f9)
0x000000000ad377d9:   83 ea 01 74 2b 83 ea 01 74 1e 83 ea 01 74 11 83
0x000000000ad377e9:   fa 01 0f 85 59 02 00 00 8b 41 0c 41 89 44 ed 0c
0x000000000ad377f9:   8b 41 08 41 89 44 ed 08 8b 41 04 41 89 44 ed 04
0x000000000ad37809:   8b 01 4c 8b 54 24 20 48 8b 9c 24 a0 00 00 00 4c 


Register to memory mapping:

RAX=0x00000000000033f0 is an unknown value
RBX=0x000000000d214048 is an unknown value
RCX=0x0000000019912000 is an unknown value
RDX=0x0000000000000000 is an unknown value
RSP=0x000000000a9ce450 is pointing into the stack for thread: 0x000000000a0c7800
RBP=0x0000000000000006 is an unknown value
RSI=0x0000000000000454 is an unknown value
RDI=0x000000001302f950 is an unknown value
R8 =0x0000000000000002 is an unknown value
R9 =0x0000000000000000 is an unknown value
R10=0x0000000000000002 is an unknown value
R11=0x000000001990ec10 is an unknown value
R12=0x00000000000001d0 is an unknown value
R13=0x000000000be4e1a0 is an unknown value
R14=0x0000000000000018 is an unknown value
R15=0x000000001302f950 is an unknown value


Stack: [0x000000000a8d0000,0x000000000a9d0000],  sp=0x000000000a9ce450,  free space=1017k
Native frames: (J=compiled Java code, j=interpreted, Vv=VM code, C=native code)
C  [ig4icd64.dll+0x1b77f9]

Java frames: (J=compiled Java code, j=interpreted, Vv=VM code)
j  org.lwjgl.opengl.GL12.nglDrawRangeElementsBO(IIIIIJJ)V+0
j  org.lwjgl.opengl.GL12.glDrawRangeElements(IIIIIJ)V+32
j  com.jme3.renderer.lwjgl.LwjglRenderer.drawTriangleList(Lcom/jme3/scene/VertexBuffer;Lcom/jme3/scene/Mesh;I)V+361
J  com.jme3.renderer.lwjgl.LwjglRenderer.renderMeshDefault(Lcom/jme3/scene/Mesh;II)V
j  com.jme3.renderer.lwjgl.LwjglRenderer.renderMesh(Lcom/jme3/scene/Mesh;II)V+160
j  com.jme3.material.Material.renderMultipassLighting(Lcom/jme3/shader/Shader;Lcom/jme3/scene/Geometry;Lcom/jme3/renderer/RenderManager;)V+595
J  com.jme3.material.Material.render(Lcom/jme3/scene/Geometry;Lcom/jme3/renderer/RenderManager;)V
j  com.jme3.renderer.RenderManager.renderGeometry(Lcom/jme3/scene/Geometry;)V+204
j  com.jme3.renderer.queue.RenderQueue.renderGeometryList(Lcom/jme3/renderer/queue/GeometryList;Lcom/jme3/renderer/RenderManager;Lcom/jme3/renderer/Camera;Z)V+51
j  com.jme3.renderer.queue.RenderQueue.renderQueue(Lcom/jme3/renderer/queue/RenderQueue$Bucket;Lcom/jme3/renderer/RenderManager;Lcom/jme3/renderer/Camera;Z)V+68
j  com.jme3.renderer.RenderManager.renderViewPortQueues(Lcom/jme3/renderer/ViewPort;Z)V+22
j  com.jme3.renderer.RenderManager.flushQueue(Lcom/jme3/renderer/ViewPort;)V+3
j  com.jme3.renderer.RenderManager.renderViewPort(Lcom/jme3/renderer/ViewPort;F)V+267
j  com.jme3.water.WaterFilter.preFrame(F)V+209
j  com.jme3.post.FilterPostProcessor.preFrame(F)V+173
j  com.jme3.renderer.RenderManager.renderViewPort(Lcom/jme3/renderer/ViewPort;F)V+80
j  com.jme3.renderer.RenderManager.render(FZ)V+123
j  com.jme3.app.SimpleApplication.update()V+102
j  com.jme3.system.lwjgl.LwjglAbstractDisplay.runLoop()V+22
j  com.jme3.system.lwjgl.LwjglDisplay.runLoop()V+67
j  com.jme3.system.lwjgl.LwjglAbstractDisplay.run()V+132
j  java.lang.Thread.run()V+11
v  ~StubRoutines::call_stub

---------------  P R O C E S S  ---------------

Java Threads: ( => current thread )
  0x000000000ca00800 JavaThread "Java2D Disposer" daemon [_thread_blocked, id=7268, stack(0x0000000011a90000,0x0000000011b90000)]
  0x000000000a1b2800 JavaThread "jME3 Audio Thread" daemon [_thread_blocked, id=5348, stack(0x000000000fe30000,0x000000000ff30000)]
  0x000000000a1b5800 JavaThread "NioProcessor-2" [_thread_in_native, id=7880, stack(0x000000000e180000,0x000000000e280000)]
  0x000000000a1b1800 JavaThread "pool-2-thread-1" [_thread_blocked, id=6780, stack(0x000000000cfe0000,0x000000000d0e0000)]
  0x0000000002288000 JavaThread "DestroyJavaVM" [_thread_blocked, id=7000, stack(0x00000000026b0000,0x00000000027b0000)]
=>0x000000000a0c7800 JavaThread "LWJGL Renderer Thread" [_thread_in_native, id=7388, stack(0x000000000a8d0000,0x000000000a9d0000)]
  0x0000000009ef5800 JavaThread "Thread-1" [_thread_blocked, id=1336, stack(0x000000000a3a0000,0x000000000a4a0000)]
  0x0000000008509000 JavaThread "Service Thread" daemon [_thread_blocked, id=7516, stack(0x0000000009cc0000,0x0000000009dc0000)]
  0x0000000008506800 JavaThread "C2 CompilerThread1" daemon [_thread_blocked, id=3876, stack(0x0000000009ab0000,0x0000000009bb0000)]
  0x0000000008501800 JavaThread "C2 CompilerThread0" daemon [_thread_blocked, id=3776, stack(0x0000000009bb0000,0x0000000009cb0000)]
  0x0000000008500000 JavaThread "Attach Listener" daemon [_thread_blocked, id=7008, stack(0x0000000009480000,0x0000000009580000)]
  0x00000000084f9000 JavaThread "Signal Dispatcher" daemon [_thread_blocked, id=6216, stack(0x00000000099a0000,0x0000000009aa0000)]
  0x00000000084a8800 JavaThread "Finalizer" daemon [_thread_blocked, id=7980, stack(0x0000000009870000,0x0000000009970000)]
  0x000000000849f800 JavaThread "Reference Handler" daemon [_thread_blocked, id=5972, stack(0x00000000096d0000,0x00000000097d0000)]

Other Threads:
  0x0000000008499800 VMThread [stack: 0x00000000095d0000,0x00000000096d0000] [id=3200]
  0x0000000009dc8800 WatcherThread [stack: 0x000000000a2a0000,0x000000000a3a0000] [id=4800]

VM state:not at safepoint (normal execution)

VM Mutex/Monitor currently owned by a thread: None

Heap
 PSYoungGen      total 270336K, used 146300K [0x00000000ec600000, 0x00000000fec00000, 0x0000000100000000)
  eden space 260096K, 56% used [0x00000000ec600000,0x00000000f5477368,0x00000000fc400000)
  from space 10240K, 4% used [0x00000000fd880000,0x00000000fd8e8000,0x00000000fe280000)
  to   space 9728K, 0% used [0x00000000fe280000,0x00000000fe280000,0x00000000fec00000)
 ParOldGen       total 39936K, used 26010K [0x00000000c5200000, 0x00000000c7900000, 0x00000000ec600000)
  object space 39936K, 65% used [0x00000000c5200000,0x00000000c6b66840,0x00000000c7900000)
 PSPermGen       total 21504K, used 17147K [0x00000000c0000000, 0x00000000c1500000, 0x00000000c5200000)
  object space 21504K, 79% used [0x00000000c0000000,0x00000000c10bee98,0x00000000c1500000)

Card table byte_map: [0x00000000057b0000,0x00000000059c0000] byte_map_base: 0x00000000051b0000

Polling page: 0x0000000001b70000

Code Cache  [0x00000000027b0000, 0x0000000002a50000, 0x00000000057b0000)
 total_blobs=1278 nmethods=780 adapters=451 free_code_cache=46534Kb largest_free_block=47604864

Compilation events (10 events):
Event: 10.390 Thread 0x0000000008501800 nmethod 814 0x0000000002a2c350 code [0x0000000002a2c500, 0x0000000002a2c840]
Event: 10.390 Thread 0x0000000008501800  816             com.jme3.renderer.queue.OpaqueComparator::compare (67 bytes)
Event: 10.411 Thread 0x0000000008501800 nmethod 816 0x0000000002a40990 code [0x0000000002a40bc0, 0x0000000002a41690]
Event: 10.414 Thread 0x0000000008506800 nmethod 815 0x0000000002a3e990 code [0x0000000002a3ebe0, 0x0000000002a3f710]
Event: 10.442 Thread 0x0000000008501800  817             org.lwjgl.BufferChecks::checkDirect (24 bytes)
Event: 10.442 Thread 0x0000000008506800  818             org.lwjgl.MemoryUtil::getAddress (9 bytes)
Event: 10.442 Thread 0x0000000008501800 nmethod 817 0x0000000002a282d0 code [0x0000000002a28400, 0x0000000002a28478]
Event: 10.442 Thread 0x0000000008506800 nmethod 818 0x0000000002a27990 code [0x0000000002a27ac0, 0x0000000002a27b38]
Event: 10.442 Thread 0x0000000008506800  819             org.lwjgl.MemoryUtil::getAddress (10 bytes)
Event: 10.443 Thread 0x0000000008506800 nmethod 819 0x0000000002a2c0d0 code [0x0000000002a2c200, 0x0000000002a2c278]

GC Heap History (10 events):
Event: 9.023 GC heap before
{Heap before GC invocations=13 (full 0):
 PSYoungGen      total 310784K, used 300320K [0x00000000ec600000, 0x0000000100000000, 0x0000000100000000)
  eden space 300032K, 100% used [0x00000000ec600000,0x00000000feb00000,0x00000000feb00000)
  from space 10752K, 2% used [0x00000000ff580000,0x00000000ff5c8000,0x0000000100000000)
  to   space 10752K, 0% used [0x00000000feb00000,0x00000000feb00000,0x00000000ff580000)
 ParOldGen       total 39936K, used 24586K [0x00000000c5200000, 0x00000000c7900000, 0x00000000ec600000)
  object space 39936K, 61% used [0x00000000c5200000,0x00000000c6a02840,0x00000000c7900000)
 PSPermGen       total 21504K, used 17122K [0x00000000c0000000, 0x00000000c1500000, 0x00000000c5200000)
  object space 21504K, 79% used [0x00000000c0000000,0x00000000c10b89d8,0x00000000c1500000)
Event: 9.025 GC heap after
Heap after GC invocations=13 (full 0):
 PSYoungGen      total 310784K, used 480K [0x00000000ec600000, 0x0000000100000000, 0x0000000100000000)
  eden space 300032K, 0% used [0x00000000ec600000,0x00000000ec600000,0x00000000feb00000)
  from space 10752K, 4% used [0x00000000feb00000,0x00000000feb78000,0x00000000ff580000)
  to   space 10752K, 0% used [0x00000000ff580000,0x00000000ff580000,0x0000000100000000)
 ParOldGen       total 39936K, used 24786K [0x00000000c5200000, 0x00000000c7900000, 0x00000000ec600000)
  object space 39936K, 62% used [0x00000000c5200000,0x00000000c6a34840,0x00000000c7900000)
 PSPermGen       total 21504K, used 17122K [0x00000000c0000000, 0x00000000c1500000, 0x00000000c5200000)
  object space 21504K, 79% used [0x00000000c0000000,0x00000000c10b89d8,0x00000000c1500000)
}
Event: 9.284 GC heap before
{Heap before GC invocations=14 (full 0):
 PSYoungGen      total 310784K, used 300512K [0x00000000ec600000, 0x0000000100000000, 0x0000000100000000)
  eden space 300032K, 100% used [0x00000000ec600000,0x00000000feb00000,0x00000000feb00000)
  from space 10752K, 4% used [0x00000000feb00000,0x00000000feb78000,0x00000000ff580000)
  to   space 10752K, 0% used [0x00000000ff580000,0x00000000ff580000,0x0000000100000000)
 ParOldGen       total 39936K, used 24786K [0x00000000c5200000, 0x00000000c7900000, 0x00000000ec600000)
  object space 39936K, 62% used [0x00000000c5200000,0x00000000c6a34840,0x00000000c7900000)
 PSPermGen       total 21504K, used 17126K [0x00000000c0000000, 0x00000000c1500000, 0x00000000c5200000)
  object space 21504K, 79% used [0x00000000c0000000,0x00000000c10b9820,0x00000000c1500000)
Event: 9.286 GC heap after
Heap after GC invocations=14 (full 0):
 PSYoungGen      total 310784K, used 320K [0x00000000ec600000, 0x0000000100000000, 0x0000000100000000)
  eden space 300032K, 0% used [0x00000000ec600000,0x00000000ec600000,0x00000000feb00000)
  from space 10752K, 2% used [0x00000000ff580000,0x00000000ff5d0000,0x0000000100000000)
  to   space 10752K, 0% used [0x00000000feb00000,0x00000000feb00000,0x00000000ff580000)
 ParOldGen       total 39936K, used 25170K [0x00000000c5200000, 0x00000000c7900000, 0x00000000ec600000)
  object space 39936K, 63% used [0x00000000c5200000,0x00000000c6a94840,0x00000000c7900000)
 PSPermGen       total 21504K, used 17126K [0x00000000c0000000, 0x00000000c1500000, 0x00000000c5200000)
  object space 21504K, 79% used [0x00000000c0000000,0x00000000c10b9820,0x00000000c1500000)
}
Event: 9.541 GC heap before
{Heap before GC invocations=15 (full 0):
 PSYoungGen      total 310784K, used 300352K [0x00000000ec600000, 0x0000000100000000, 0x0000000100000000)
  eden space 300032K, 100% used [0x00000000ec600000,0x00000000feb00000,0x00000000feb00000)
  from space 10752K, 2% used [0x00000000ff580000,0x00000000ff5d0000,0x0000000100000000)
  to   space 10752K, 0% used [0x00000000feb00000,0x00000000feb00000,0x00000000ff580000)
 ParOldGen       total 39936K, used 25170K [0x00000000c5200000, 0x00000000c7900000, 0x00000000ec600000)
  object space 39936K, 63% used [0x00000000c5200000,0x00000000c6a94840,0x00000000c7900000)
 PSPermGen       total 21504K, used 17131K [0x00000000c0000000, 0x00000000c1500000, 0x00000000c5200000)
  object space 21504K, 79% used [0x00000000c0000000,0x00000000c10bad30,0x00000000c1500000)
Event: 9.543 GC heap after
Heap after GC invocations=15 (full 0):
 PSYoungGen      total 286720K, used 288K [0x00000000ec600000, 0x00000000ff600000, 0x0000000100000000)
  eden space 286208K, 0% used [0x00000000ec600000,0x00000000ec600000,0x00000000fdd80000)
  from space 512K, 56% used [0x00000000feb00000,0x00000000feb48000,0x00000000feb80000)
  to   space 10752K, 0% used [0x00000000feb80000,0x00000000feb80000,0x00000000ff600000)
 ParOldGen       total 39936K, used 25378K [0x00000000c5200000, 0x00000000c7900000, 0x00000000ec600000)
  object space 39936K, 63% used [0x00000000c5200000,0x00000000c6ac8840,0x00000000c7900000)
 PSPermGen       total 21504K, used 17131K [0x00000000c0000000, 0x00000000c1500000, 0x00000000c5200000)
  object space 21504K, 79% used [0x00000000c0000000,0x00000000c10bad30,0x00000000c1500000)
}
Event: 9.981 GC heap before
{Heap before GC invocations=16 (full 0):
 PSYoungGen      total 286720K, used 286496K [0x00000000ec600000, 0x00000000ff600000, 0x0000000100000000)
  eden space 286208K, 100% used [0x00000000ec600000,0x00000000fdd80000,0x00000000fdd80000)
  from space 512K, 56% used [0x00000000feb00000,0x00000000feb48000,0x00000000feb80000)
  to   space 10752K, 0% used [0x00000000feb80000,0x00000000feb80000,0x00000000ff600000)
 ParOldGen       total 39936K, used 25378K [0x00000000c5200000, 0x00000000c7900000, 0x00000000ec600000)
  object space 39936K, 63% used [0x00000000c5200000,0x00000000c6ac8840,0x00000000c7900000)
 PSPermGen       total 21504K, used 17139K [0x00000000c0000000, 0x00000000c1500000, 0x00000000c5200000)
  object space 21504K, 79% used [0x00000000c0000000,0x00000000c10bce58,0x00000000c1500000)
Event: 9.984 GC heap after
Heap after GC invocations=16 (full 0):
 PSYoungGen      total 273920K, used 544K [0x00000000ec600000, 0x00000000fec80000, 0x0000000100000000)
  eden space 272896K, 0% used [0x00000000ec600000,0x00000000ec600000,0x00000000fd080000)
  from space 1024K, 53% used [0x00000000feb80000,0x00000000fec08000,0x00000000fec80000)
  to   space 10240K, 0% used [0x00000000fd880000,0x00000000fd880000,0x00000000fe280000)
 ParOldGen       total 39936K, used 25578K [0x00000000c5200000, 0x00000000c7900000, 0x00000000ec600000)
  object space 39936K, 64% used [0x00000000c5200000,0x00000000c6afa840,0x00000000c7900000)
 PSPermGen       total 21504K, used 17139K [0x00000000c0000000, 0x00000000c1500000, 0x00000000c5200000)
  object space 21504K, 79% used [0x00000000c0000000,0x00000000c10bce58,0x00000000c1500000)
}
Event: 10.293 GC heap before
{Heap before GC invocations=17 (full 0):
 PSYoungGen      total 273920K, used 273440K [0x00000000ec600000, 0x00000000fec80000, 0x0000000100000000)
  eden space 272896K, 100% used [0x00000000ec600000,0x00000000fd080000,0x00000000fd080000)
  from space 1024K, 53% used [0x00000000feb80000,0x00000000fec08000,0x00000000fec80000)
  to   space 10240K, 0% used [0x00000000fd880000,0x00000000fd880000,0x00000000fe280000)
 ParOldGen       total 39936K, used 25578K [0x00000000c5200000, 0x00000000c7900000, 0x00000000ec600000)
  object space 39936K, 64% used [0x00000000c5200000,0x00000000c6afa840,0x00000000c7900000)
 PSPermGen       total 21504K, used 17145K [0x00000000c0000000, 0x00000000c1500000, 0x00000000c5200000)
  object space 21504K, 79% used [0x00000000c0000000,0x00000000c10be468,0x00000000c1500000)
Event: 10.295 GC heap after
Heap after GC invocations=17 (full 0):
 PSYoungGen      total 270336K, used 416K [0x00000000ec600000, 0x00000000fec00000, 0x0000000100000000)
  eden space 260096K, 0% used [0x00000000ec600000,0x00000000ec600000,0x00000000fc400000)
  from space 10240K, 4% used [0x00000000fd880000,0x00000000fd8e8000,0x00000000fe280000)
  to   space 9728K, 0% used [0x00000000fe280000,0x00000000fe280000,0x00000000fec00000)
 ParOldGen       total 39936K, used 26010K [0x00000000c5200000, 0x00000000c7900000, 0x00000000ec600000)
  object space 39936K, 65% used [0x00000000c5200000,0x00000000c6b66840,0x00000000c7900000)
 PSPermGen       total 21504K, used 17145K [0x00000000c0000000, 0x00000000c1500000, 0x00000000c5200000)
  object space 21504K, 79% used [0x00000000c0000000,0x00000000c10be468,0x00000000c1500000)
}

Deoptimization events (10 events):
Event: 6.766 Thread 0x000000000a0c7800 Uncommon trap: reason=class_check action=maybe_recompile pc=0x000000000295a238 method=com.bulletphysics.collision.shapes.BvhTriangleMeshShape$MyNodeOverlapCallback.processNode(II)V @ 56
Event: 6.790 Thread 0x000000000a0c7800 Uncommon trap: reason=class_check action=maybe_recompile pc=0x000000000295a238 method=com.bulletphysics.collision.shapes.BvhTriangleMeshShape$MyNodeOverlapCallback.processNode(II)V @ 56
Event: 6.810 Thread 0x000000000a0c7800 Uncommon trap: reason=class_check action=maybe_recompile pc=0x000000000295a238 method=com.bulletphysics.collision.shapes.BvhTriangleMeshShape$MyNodeOverlapCallback.processNode(II)V @ 56
Event: 7.398 Thread 0x000000000a0c7800 Uncommon trap: reason=predicate action=maybe_recompile pc=0x000000000284b7c8 method=com.jme3.util.SortUtil.merge([Ljava/lang/Object;[Ljava/lang/Object;IIILjava/util/Comparator;)V @ 104
Event: 7.964 Thread 0x000000000a0c7800 Uncommon trap: reason=array_check action=maybe_recompile pc=0x00000000029ec4ac method=com.jme3.util.SortUtil.merge([Ljava/lang/Object;[Ljava/lang/Object;IIILjava/util/Comparator;)V @ 116
Event: 7.964 Thread 0x000000000a0c7800 Uncommon trap: reason=array_check action=maybe_recompile pc=0x00000000029ec484 method=com.jme3.util.SortUtil.merge([Ljava/lang/Object;[Ljava/lang/Object;IIILjava/util/Comparator;)V @ 72
Event: 7.964 Thread 0x000000000a0c7800 Uncommon trap: reason=array_check action=maybe_recompile pc=0x00000000029ec484 method=com.jme3.util.SortUtil.merge([Ljava/lang/Object;[Ljava/lang/Object;IIILjava/util/Comparator;)V @ 72
Event: 8.195 Thread 0x000000000a0c7800 Uncommon trap: reason=array_check action=maybe_recompile pc=0x00000000028f978c method=com.jme3.util.SortUtil.merge([Ljava/lang/Object;[Ljava/lang/Object;IIILjava/util/Comparator;)V @ 94
Event: 8.195 Thread 0x000000000a0c7800 Uncommon trap: reason=array_check action=maybe_recompile pc=0x00000000028f953c method=com.jme3.util.SortUtil.merge([Ljava/lang/Object;[Ljava/lang/Object;IIILjava/util/Comparator;)V @ 137
Event: 8.198 Thread 0x000000000a0c7800 Uncommon trap: reason=array_check action=maybe_recompile pc=0x00000000028f953c method=com.jme3.util.SortUtil.merge([Ljava/lang/Object;[Ljava/lang/Object;IIILjava/util/Comparator;)V @ 137

Internal exceptions (10 events):
Event: 6.829 Thread 0x000000000a0c7800 Threw 0x00000000f2252c00 at C:\re\jdk7u51\527\hotspot\src\share\vm\prims\jvm.cpp:1244
Event: 6.831 Thread 0x000000000a0c7800 Threw 0x00000000f2258bf0 at C:\re\jdk7u51\527\hotspot\src\share\vm\prims\jvm.cpp:1244
Event: 6.831 Thread 0x000000000a0c7800 Threw 0x00000000f225d060 at C:\re\jdk7u51\527\hotspot\src\share\vm\prims\jvm.cpp:1244
Event: 6.832 Thread 0x000000000a0c7800 Threw 0x00000000f2261798 at C:\re\jdk7u51\527\hotspot\src\share\vm\prims\jvm.cpp:1244
Event: 6.833 Thread 0x000000000a0c7800 Threw 0x00000000f22673e8 at C:\re\jdk7u51\527\hotspot\src\share\vm\prims\jvm.cpp:1244
Event: 6.987 Thread 0x000000000a0c7800 Threw 0x00000000f3d267c8 at C:\re\jdk7u51\527\hotspot\src\share\vm\prims\jvm.cpp:1244
Event: 7.538 Thread 0x000000000a0c7800 Threw 0x00000000eda011a8 at C:\re\jdk7u51\527\hotspot\src\share\vm\prims\jvm.cpp:1244
Event: 7.539 Thread 0x000000000a0c7800 Threw 0x00000000eda04dc0 at C:\re\jdk7u51\527\hotspot\src\share\vm\prims\jvm.cpp:1244
Event: 7.550 Thread 0x000000000a0c7800 Threw 0x00000000ee7a0678 at C:\re\jdk7u51\527\hotspot\src\share\vm\prims\jvm.cpp:1244
Event: 7.552 Thread 0x000000000a0c7800 Threw 0x00000000ee7a33e8 at C:\re\jdk7u51\527\hotspot\src\share\vm\prims\jvm.cpp:1244

Events (10 events):
Event: 9.025 Executing VM operation: ParallelGCFailedAllocation done
Event: 9.284 Executing VM operation: ParallelGCFailedAllocation
Event: 9.286 Executing VM operation: ParallelGCFailedAllocation done
Event: 9.541 Executing VM operation: ParallelGCFailedAllocation
Event: 9.543 Executing VM operation: ParallelGCFailedAllocation done
Event: 9.981 Executing VM operation: ParallelGCFailedAllocation
Event: 9.984 Executing VM operation: ParallelGCFailedAllocation done
Event: 10.292 Executing VM operation: ParallelGCFailedAllocation
Event: 10.295 Executing VM operation: ParallelGCFailedAllocation done
Event: 10.317 Thread 0x0000000008501800 flushing nmethod 0x00000000028f8910


Dynamic libraries:
0x000000013fd90000 - 0x000000013fdc3000 	C:\Program Files\jmonkeyplatform\jdk\bin\java.exe
0x00000000779c0000 - 0x0000000077b69000 	C:\Windows\SYSTEM32\ntdll.dll
0x00000000777a0000 - 0x00000000778bf000 	C:\Windows\system32\kernel32.dll
0x000007fefdb00000 - 0x000007fefdb6c000 	C:\Windows\system32\KERNELBASE.dll
0x000007feff400000 - 0x000007feff4db000 	C:\Windows\system32\ADVAPI32.dll
0x000007fefee00000 - 0x000007fefee9f000 	C:\Windows\system32\msvcrt.dll
0x000007feffa20000 - 0x000007feffa3f000 	C:\Windows\SYSTEM32\sechost.dll
0x000007feff2d0000 - 0x000007feff3fd000 	C:\Windows\system32\RPCRT4.dll
0x00000000778c0000 - 0x00000000779ba000 	C:\Windows\system32\USER32.dll
0x000007feff740000 - 0x000007feff7a7000 	C:\Windows\system32\GDI32.dll
0x000007fefdbb0000 - 0x000007fefdbbe000 	C:\Windows\system32\LPK.dll
0x000007fefdc20000 - 0x000007fefdce9000 	C:\Windows\system32\USP10.dll
0x000007fefc160000 - 0x000007fefc354000 	C:\Windows\WinSxS\amd64_microsoft.windows.common-controls_6595b64144ccf1df_6.0.7601.17514_none_fa396087175ac9ac\COMCTL32.dll
0x000007fefed80000 - 0x000007fefedf1000 	C:\Windows\system32\SHLWAPI.dll
0x000007feff710000 - 0x000007feff73e000 	C:\Windows\system32\IMM32.DLL
0x000007fefdcf0000 - 0x000007fefddf9000 	C:\Windows\system32\MSCTF.dll
0x000007fefd720000 - 0x000007fefd760000 	C:\Windows\system32\nvinitx.dll
0x0000000065ca0000 - 0x0000000065d72000 	C:\Program Files\jmonkeyplatform\jdk\jre\bin\msvcr100.dll
0x000000005ab30000 - 0x000000005b2f9000 	C:\Program Files\jmonkeyplatform\jdk\jre\bin\server\jvm.dll
0x000007fefc400000 - 0x000007fefc409000 	C:\Windows\system32\WSOCK32.dll
0x000007feff9b0000 - 0x000007feff9fd000 	C:\Windows\system32\WS2_32.dll
0x000007fefde00000 - 0x000007fefde08000 	C:\Windows\system32\NSI.dll
0x000007fefb9a0000 - 0x000007fefb9db000 	C:\Windows\system32\WINMM.dll
0x0000000077b90000 - 0x0000000077b97000 	C:\Windows\system32\PSAPI.DLL
0x0000000074420000 - 0x000000007442f000 	C:\Program Files\jmonkeyplatform\jdk\jre\bin\verify.dll
0x0000000074390000 - 0x00000000743b8000 	C:\Program Files\jmonkeyplatform\jdk\jre\bin\java.dll
0x0000000074400000 - 0x0000000074415000 	C:\Program Files\jmonkeyplatform\jdk\jre\bin\zip.dll
0x00000000743d0000 - 0x00000000743e9000 	C:\Program Files\jmonkeyplatform\jdk\jre\bin\net.dll
0x000007fefcc90000 - 0x000007fefcce5000 	C:\Windows\system32\mswsock.dll
0x000007fefcc80000 - 0x000007fefcc87000 	C:\Windows\System32\wship6.dll
0x0000000074370000 - 0x0000000074381000 	C:\Program Files\jmonkeyplatform\jdk\jre\bin\nio.dll
0x000007fefd050000 - 0x000007fefd067000 	C:\Windows\system32\CRYPTSP.dll
0x000007fefc9b0000 - 0x000007fefc9f7000 	C:\Windows\system32\rsaenh.dll
0x000007fefdb90000 - 0x000007fefdbae000 	C:\Windows\system32\USERENV.dll
0x000007fefd800000 - 0x000007fefd80f000 	C:\Windows\system32\profapi.dll
0x000007fefd650000 - 0x000007fefd65f000 	C:\Windows\system32\CRYPTBASE.dll
0x0000000180000000 - 0x0000000180050000 	C:\Users\Just\Studium\Master\Semester 2\Virtual Reality\PortClient_2\PortClient_2\lwjgl64.dll
0x000007fef37d0000 - 0x000007fef38ed000 	C:\Windows\system32\OPENGL32.dll
0x000007fef6bf0000 - 0x000007fef6c1d000 	C:\Windows\system32\GLU32.dll
0x000007fef1090000 - 0x000007fef1181000 	C:\Windows\system32\DDRAW.dll
0x000007fef1030000 - 0x000007fef1038000 	C:\Windows\system32\DCIMAN32.dll
0x000007fefde10000 - 0x000007fefdfe7000 	C:\Windows\system32\SETUPAPI.dll
0x000007fefd980000 - 0x000007fefd9b6000 	C:\Windows\system32\CFGMGR32.dll
0x000007feff1f0000 - 0x000007feff2c7000 	C:\Windows\system32\OLEAUT32.dll
0x000007feffac0000 - 0x000007feffcc3000 	C:\Windows\system32\ole32.dll
0x000007fefda70000 - 0x000007fefda8a000 	C:\Windows\system32\DEVOBJ.dll
0x000007fefb480000 - 0x000007fefb498000 	C:\Windows\system32\dwmapi.dll
0x000007fefd220000 - 0x000007fefd22c000 	C:\Windows\system32\VERSION.dll
0x000007fefbe70000 - 0x000007fefbec6000 	C:\Windows\system32\uxtheme.dll
0x000000000ab80000 - 0x000000000bd6d000 	C:\Windows\system32\ig4icd64.dll
0x0000000010000000 - 0x0000000010065000 	C:\Program Files\WIDCOMM\Bluetooth Software\btmmhook.dll
0x000007fefdff0000 - 0x000007fefed78000 	C:\Windows\system32\SHELL32.dll
0x000007feff7b0000 - 0x000007feff849000 	C:\Windows\system32\CLBCatQ.DLL
0x000007fefd2f0000 - 0x000007fefd2f7000 	C:\Windows\System32\wshtcpip.dll
0x000007fef7960000 - 0x000007fef798e000 	C:\Program Files\Common Files\Microsoft Shared\Windows Live\WLIDNSP.DLL
0x00000000711b0000 - 0x00000000711d6000 	C:\Program Files\Bonjour\mdnsNSP.dll
0x000007fefb660000 - 0x000007fefb687000 	C:\Windows\system32\Iphlpapi.DLL
0x000007fefb650000 - 0x000007fefb65b000 	C:\Windows\system32\WINNSI.DLL
0x000007fefcad0000 - 0x000007fefcb2b000 	C:\Windows\system32\DNSAPI.dll
0x000007fef6450000 - 0x000007fef6458000 	C:\Windows\system32\rasadhlp.dll
0x000007fef9f80000 - 0x000007fef9fd3000 	C:\Windows\System32\fwpuclnt.dll
0x000007fefa930000 - 0x000007fefa9cc000 	C:\Windows\system32\mscms.dll
0x000007fef7a50000 - 0x000007fef7a92000 	C:\Windows\system32\icm32.dll
0x0000000002490000 - 0x00000000024da000 	C:\Program Files\Acer\Acer ePower Management\SysHook.dll
0x000007fefb220000 - 0x000007fefb291000 	C:\Windows\system32\WINSPOOL.DRV
0x0000000065d80000 - 0x0000000065f15000 	C:\Program Files\jmonkeyplatform\jdk\jre\bin\awt.dll
0x0000000009400000 - 0x0000000009464000 	C:\Users\Just\Studium\Master\Semester 2\Virtual Reality\PortClient_2\PortClient_2\OpenAL64.dll
0x000007fefbed0000 - 0x000007fefbf1b000 	C:\Windows\System32\MMDevApi.dll
0x000007fefc000000 - 0x000007fefc12c000 	C:\Windows\System32\PROPSYS.dll
0x000007fef5920000 - 0x000007fef59a8000 	C:\Windows\system32\dsound.dll
0x000007fefbf20000 - 0x000007fefbf4c000 	C:\Windows\system32\POWRPROF.dll
0x000007fefb820000 - 0x000007fefb86f000 	C:\Windows\system32\AUDIOSES.DLL
0x0000000071fb0000 - 0x0000000071fe0000 	C:\Program Files\jmonkeyplatform\jdk\jre\bin\jpeg.dll
0x0000000009580000 - 0x00000000095b1000 	C:\Program Files\WIDCOMM\Bluetooth Software\btkeyind.dll
0x00000000707a0000 - 0x00000000707d9000 	C:\Program Files\jmonkeyplatform\jdk\jre\bin\kcms.dll
0x000007fef5de0000 - 0x000007fef5f05000 	C:\Windows\system32\dbghelp.dll

VM Arguments:
jvm_args: -Dfile.encoding=UTF-8 
java_command: mygame.Main
Launcher Type: SUN_STANDARD

Environment Variables:
JAVA_HOME=C:\Progra~2\Java\jdk1.7.0_07
CLASSPATH=.;C:\Program Files (x86)\Java\jre7\lib\ext\QTJava.zip;C:\Program Files (x86)\apache-ant-1.9.2
USERNAME=Just
OS=Windows_NT
PROCESSOR_IDENTIFIER=Intel64 Family 6 Model 37 Stepping 5, GenuineIntel



---------------  S Y S T E M  ---------------

OS: Windows 7 , 64 bit Build 7601 Service Pack 1

CPU:total 4 (2 cores per cpu, 2 threads per core) family 6 model 37 stepping 5, cmov, cx8, fxsr, mmx, sse, sse2, sse3, ssse3, sse4.1, sse4.2, popcnt, ht, tsc, tscinvbit

Memory: 4k page, physical 3857112k(631540k free), swap 7712360k(2719432k free)

vm_info: Java HotSpot(TM) 64-Bit Server VM (24.51-b03) for windows-amd64 JRE (1.7.0_51-b13), built on Dec 18 2013 18:40:56 by "java_re" with unknown MS VC++:1600

time: Mon Jun 23 12:19:55 2014
elapsed time: 10 seconds

