#
# A fatal error has been detected by the Java Runtime Environment:
#
#  EXCEPTION_ACCESS_VIOLATION (0xc0000005) at pc=0x000000000b8c77f9, pid=3972, tid=6276
#
# JRE version: Java(TM) SE Runtime Environment (7.0_51-b13) (build 1.7.0_51-b13)
# Java VM: Java HotSpot(TM) 64-Bit Server VM (24.51-b03 mixed mode windows-amd64 compressed oops)
# Problematic frame:
# C  [ig4icd64.dll+0x1b77f9]
#
# Failed to write core dump. Minidumps are not enabled by default on client versions of Windows
#
# If you would like to submit a bug report, please visit:
#   http://bugreport.sun.com/bugreport/crash.jsp
# The crash happened outside the Java Virtual Machine in native code.
# See problematic frame for where to report the bug.
#

---------------  T H R E A D  ---------------

Current thread (0x0000000009e84800):  JavaThread "LWJGL Renderer Thread" [_thread_in_native, id=6276, stack(0x000000000a950000,0x000000000aa50000)]

siginfo: ExceptionCode=0xc0000005, reading address 0x000000001981f004

Registers:
RAX=0x0000000000000b1c, RBX=0x000000000df49a08, RCX=0x000000001981effc, RDX=0x0000000000000000
RSP=0x000000000aa4e6c0, RBP=0x0000000000000006, RSI=0x00000000000000ed, RDI=0x00000000132748e0
R8 =0x0000000000000002, R9 =0x0000000000000000, R10=0x0000000000000002, R11=0x000000001981e4e0
R12=0x00000000000000ed, R13=0x000000000b5afd30, R14=0x0000000000000018, R15=0x00000000132748e0
RIP=0x000000000b8c77f9, EFLAGS=0x0000000000010246

Top of Stack: (sp=0x000000000aa4e6c0)
0x000000000aa4e6c0:   0000000018fa8400 000000000df3cd00
0x000000000aa4e6d0:   0000000000000000 0000000000000000
0x000000000aa4e6e0:   0000000000000002 0000000000000002
0x000000000aa4e6f0:   0000000000000000 0000000000000018
0x000000000aa4e700:   0000000000000000 0000000000000000
0x000000000aa4e710:   0000000000000000 0000000000000000
0x000000000aa4e720:   0000000000000000 0000000013274230
0x000000000aa4e730:   00000000000000ed 0000000000000000
0x000000000aa4e740:   00000000132748e0 0000000000000000
0x000000000aa4e750:   000000000df3cd00 000000000b8c9cff
0x000000000aa4e760:   000000000df3cd00 000000000000010c
0x000000000aa4e770:   00000000000000ed 0000000013274910
0x000000000aa4e780:   00000000132748e0 0000000000000001
0x000000000aa4e790:   0000000000000000 0000000000000000
0x000000000aa4e7a0:   0000000000000000 0000000000080038
0x000000000aa4e7b0:   000000000f718080 000000000000010c 

Instructions: (pc=0x000000000b8c77f9)
0x000000000b8c77d9:   83 ea 01 74 2b 83 ea 01 74 1e 83 ea 01 74 11 83
0x000000000b8c77e9:   fa 01 0f 85 59 02 00 00 8b 41 0c 41 89 44 ed 0c
0x000000000b8c77f9:   8b 41 08 41 89 44 ed 08 8b 41 04 41 89 44 ed 04
0x000000000b8c7809:   8b 01 4c 8b 54 24 20 48 8b 9c 24 a0 00 00 00 4c 


Register to memory mapping:

RAX=0x0000000000000b1c is an unknown value
RBX=0x000000000df49a08 is an unknown value
RCX=0x000000001981effc is an unknown value
RDX=0x0000000000000000 is an unknown value
RSP=0x000000000aa4e6c0 is pointing into the stack for thread: 0x0000000009e84800
RBP=0x0000000000000006 is an unknown value
RSI=0x00000000000000ed is an unknown value
RDI=0x00000000132748e0 is an unknown value
R8 =0x0000000000000002 is an unknown value
R9 =0x0000000000000000 is an unknown value
R10=0x0000000000000002 is an unknown value
R11=0x000000001981e4e0 is an unknown value
R12=0x00000000000000ed is an unknown value
R13=0x000000000b5afd30 is an unknown value
R14=0x0000000000000018 is an unknown value
R15=0x00000000132748e0 is an unknown value


Stack: [0x000000000a950000,0x000000000aa50000],  sp=0x000000000aa4e6c0,  free space=1017k
Native frames: (J=compiled Java code, j=interpreted, Vv=VM code, C=native code)
C  [ig4icd64.dll+0x1b77f9]

Java frames: (J=compiled Java code, j=interpreted, Vv=VM code)
J  org.lwjgl.opengl.GL12.nglDrawRangeElementsBO(IIIIIJJ)V
J  com.jme3.renderer.lwjgl.LwjglRenderer.drawTriangleList(Lcom/jme3/scene/VertexBuffer;Lcom/jme3/scene/Mesh;I)V
J  com.jme3.renderer.lwjgl.LwjglRenderer.renderMeshDefault(Lcom/jme3/scene/Mesh;II)V
j  com.jme3.renderer.lwjgl.LwjglRenderer.renderMesh(Lcom/jme3/scene/Mesh;II)V+160
j  com.jme3.material.Material.renderMultipassLighting(Lcom/jme3/shader/Shader;Lcom/jme3/scene/Geometry;Lcom/jme3/renderer/RenderManager;)V+595
J  com.jme3.material.Material.render(Lcom/jme3/scene/Geometry;Lcom/jme3/renderer/RenderManager;)V
j  com.jme3.renderer.RenderManager.renderGeometry(Lcom/jme3/scene/Geometry;)V+204
j  com.jme3.renderer.queue.RenderQueue.renderGeometryList(Lcom/jme3/renderer/queue/GeometryList;Lcom/jme3/renderer/RenderManager;Lcom/jme3/renderer/Camera;Z)V+51
j  com.jme3.renderer.queue.RenderQueue.renderQueue(Lcom/jme3/renderer/queue/RenderQueue$Bucket;Lcom/jme3/renderer/RenderManager;Lcom/jme3/renderer/Camera;Z)V+98
j  com.jme3.renderer.RenderManager.renderViewPortQueues(Lcom/jme3/renderer/ViewPort;Z)V+97
j  com.jme3.renderer.RenderManager.flushQueue(Lcom/jme3/renderer/ViewPort;)V+3
j  com.jme3.renderer.RenderManager.renderViewPort(Lcom/jme3/renderer/ViewPort;F)V+267
j  com.jme3.water.WaterFilter.preFrame(F)V+209
j  com.jme3.post.FilterPostProcessor.preFrame(F)V+173
j  com.jme3.renderer.RenderManager.renderViewPort(Lcom/jme3/renderer/ViewPort;F)V+80
j  com.jme3.renderer.RenderManager.render(FZ)V+123
j  com.jme3.app.SimpleApplication.update()V+102
j  com.jme3.system.lwjgl.LwjglAbstractDisplay.runLoop()V+22
j  com.jme3.system.lwjgl.LwjglDisplay.runLoop()V+67
j  com.jme3.system.lwjgl.LwjglAbstractDisplay.run()V+132
j  java.lang.Thread.run()V+11
v  ~StubRoutines::call_stub

---------------  P R O C E S S  ---------------

Java Threads: ( => current thread )
  0x0000000009e88000 JavaThread "Java2D Disposer" daemon [_thread_blocked, id=7984, stack(0x00000000115f0000,0x00000000116f0000)]
  0x0000000009e87800 JavaThread "jME3 Audio Thread" daemon [_thread_blocked, id=4184, stack(0x00000000112c0000,0x00000000113c0000)]
  0x0000000009e86800 JavaThread "NioProcessor-2" [_thread_in_native, id=6424, stack(0x000000000e4d0000,0x000000000e5d0000)]
  0x0000000009e86000 JavaThread "pool-2-thread-1" [_thread_blocked, id=7560, stack(0x000000000e210000,0x000000000e310000)]
  0x0000000009e85000 JavaThread "DestroyJavaVM" [_thread_blocked, id=7500, stack(0x0000000002630000,0x0000000002730000)]
=>0x0000000009e84800 JavaThread "LWJGL Renderer Thread" [_thread_in_native, id=6276, stack(0x000000000a950000,0x000000000aa50000)]
  0x0000000009e83800 JavaThread "Thread-1" [_thread_blocked, id=4052, stack(0x000000000a4f0000,0x000000000a5f0000)]
  0x0000000009c78800 JavaThread "Service Thread" daemon [_thread_blocked, id=6660, stack(0x000000000a100000,0x000000000a200000)]
  0x00000000085e9000 JavaThread "C2 CompilerThread1" daemon [_thread_blocked, id=7032, stack(0x0000000009b70000,0x0000000009c70000)]
  0x00000000085d6800 JavaThread "C2 CompilerThread0" daemon [_thread_blocked, id=5536, stack(0x0000000009850000,0x0000000009950000)]
  0x00000000085d6000 JavaThread "Attach Listener" daemon [_thread_blocked, id=7520, stack(0x0000000009a60000,0x0000000009b60000)]
  0x00000000085cf000 JavaThread "Signal Dispatcher" daemon [_thread_blocked, id=7556, stack(0x0000000009950000,0x0000000009a50000)]
  0x000000000857a800 JavaThread "Finalizer" daemon [_thread_blocked, id=7288, stack(0x00000000096c0000,0x00000000097c0000)]
  0x0000000008571800 JavaThread "Reference Handler" daemon [_thread_blocked, id=4940, stack(0x0000000009400000,0x0000000009500000)]

Other Threads:
  0x000000000856b800 VMThread [stack: 0x0000000009510000,0x0000000009610000] [id=6640]
  0x00000000085ec000 WatcherThread [stack: 0x000000000a360000,0x000000000a460000] [id=7524]

VM state:not at safepoint (normal execution)

VM Mutex/Monitor currently owned by a thread: None

Heap
 PSYoungGen      total 128512K, used 116570K [0x00000000ec600000, 0x00000000f4900000, 0x0000000100000000)
  eden space 122880K, 91% used [0x00000000ec600000,0x00000000f33f7c48,0x00000000f3e00000)
  from space 5632K, 70% used [0x00000000f4380000,0x00000000f475ee10,0x00000000f4900000)
  to   space 5632K, 0% used [0x00000000f3e00000,0x00000000f3e00000,0x00000000f4380000)
 ParOldGen       total 39936K, used 9409K [0x00000000c5200000, 0x00000000c7900000, 0x00000000ec600000)
  object space 39936K, 23% used [0x00000000c5200000,0x00000000c5b304c8,0x00000000c7900000)
 PSPermGen       total 21504K, used 17125K [0x00000000c0000000, 0x00000000c1500000, 0x00000000c5200000)
  object space 21504K, 79% used [0x00000000c0000000,0x00000000c10b9798,0x00000000c1500000)

Card table byte_map: [0x0000000005730000,0x0000000005940000] byte_map_base: 0x0000000005130000

Polling page: 0x0000000000230000

Code Cache  [0x0000000002730000, 0x00000000029b0000, 0x0000000005730000)
 total_blobs=1306 nmethods=808 adapters=451 free_code_cache=46710Kb largest_free_block=47771008

Compilation events (10 events):
Event: 8.944 Thread 0x00000000085d6800 nmethod 826 0x00000000029949d0 code [0x0000000002994bc0, 0x00000000029954f0]
Event: 8.944 Thread 0x00000000085d6800  827             com.jme3.renderer.lwjgl.LwjglRenderer::convertElementMode (95 bytes)
Event: 8.945 Thread 0x00000000085d6800 nmethod 827 0x000000000295dbd0 code [0x000000000295dd20, 0x000000000295de18]
Event: 8.945 Thread 0x00000000085d6800  828             org.lwjgl.opengl.GL12::glDrawRangeElements (36 bytes)
Event: 8.951 Thread 0x00000000085d6800 nmethod 828 0x0000000002998ad0 code [0x0000000002998c40, 0x0000000002998f38]
Event: 8.951 Thread 0x00000000085d6800  829             org.lwjgl.opengl.GLChecks::ensureElementVBOenabled (24 bytes)
Event: 8.954 Thread 0x00000000085d6800 nmethod 829 0x0000000002994490 code [0x00000000029945e0, 0x0000000002994728]
Event: 8.954 Thread 0x00000000085d6800  830             org.lwjgl.opengl.StateTracker::getElementArrayBufferBound (38 bytes)
Event: 8.957 Thread 0x00000000085d6800 nmethod 830 0x0000000002997150 code [0x00000000029972a0, 0x00000000029973c8]
Event: 8.958 Thread 0x00000000085e9000 nmethod 814 0x000000000299da50 code [0x000000000299dec0, 0x000000000299f498]

GC Heap History (10 events):
Event: 1.143 GC heap before
{Heap before GC invocations=2 (full 0):
 PSYoungGen      total 17920K, used 17903K [0x00000000ec600000, 0x00000000ee900000, 0x0000000100000000)
  eden space 15360K, 100% used [0x00000000ec600000,0x00000000ed500000,0x00000000ed500000)
  from space 2560K, 99% used [0x00000000ed500000,0x00000000ed77bc68,0x00000000ed780000)
  to   space 2560K, 0% used [0x00000000ee680000,0x00000000ee680000,0x00000000ee900000)
 ParOldGen       total 39936K, used 1188K [0x00000000c5200000, 0x00000000c7900000, 0x00000000ec600000)
  object space 39936K, 2% used [0x00000000c5200000,0x00000000c53293a0,0x00000000c7900000)
 PSPermGen       total 21504K, used 12045K [0x00000000c0000000, 0x00000000c1500000, 0x00000000c5200000)
  object space 21504K, 56% used [0x00000000c0000000,0x00000000c0bc37e8,0x00000000c1500000)
Event: 1.151 GC heap after
Heap after GC invocations=2 (full 0):
 PSYoungGen      total 33280K, used 2546K [0x00000000ec600000, 0x00000000ee900000, 0x0000000100000000)
  eden space 30720K, 0% used [0x00000000ec600000,0x00000000ec600000,0x00000000ee400000)
  from space 2560K, 99% used [0x00000000ee680000,0x00000000ee8fca30,0x00000000ee900000)
  to   space 2560K, 0% used [0x00000000ee400000,0x00000000ee400000,0x00000000ee680000)
 ParOldGen       total 39936K, used 2512K [0x00000000c5200000, 0x00000000c7900000, 0x00000000ec600000)
  object space 39936K, 6% used [0x00000000c5200000,0x00000000c5474340,0x00000000c7900000)
 PSPermGen       total 21504K, used 12045K [0x00000000c0000000, 0x00000000c1500000, 0x00000000c5200000)
  object space 21504K, 56% used [0x00000000c0000000,0x00000000c0bc37e8,0x00000000c1500000)
}
Event: 2.947 GC heap before
{Heap before GC invocations=3 (full 0):
 PSYoungGen      total 33280K, used 33266K [0x00000000ec600000, 0x00000000ee900000, 0x0000000100000000)
  eden space 30720K, 100% used [0x00000000ec600000,0x00000000ee400000,0x00000000ee400000)
  from space 2560K, 99% used [0x00000000ee680000,0x00000000ee8fca30,0x00000000ee900000)
  to   space 2560K, 0% used [0x00000000ee400000,0x00000000ee400000,0x00000000ee680000)
 ParOldGen       total 39936K, used 2512K [0x00000000c5200000, 0x00000000c7900000, 0x00000000ec600000)
  object space 39936K, 6% used [0x00000000c5200000,0x00000000c5474340,0x00000000c7900000)
 PSPermGen       total 21504K, used 13917K [0x00000000c0000000, 0x00000000c1500000, 0x00000000c5200000)
  object space 21504K, 64% used [0x00000000c0000000,0x00000000c0d975e8,0x00000000c1500000)
Event: 2.956 GC heap after
Heap after GC invocations=3 (full 0):
 PSYoungGen      total 33280K, used 2530K [0x00000000ec600000, 0x00000000f0700000, 0x0000000100000000)
  eden space 30720K, 0% used [0x00000000ec600000,0x00000000ec600000,0x00000000ee400000)
  from space 2560K, 98% used [0x00000000ee400000,0x00000000ee6789e0,0x00000000ee680000)
  to   space 2560K, 0% used [0x00000000f0480000,0x00000000f0480000,0x00000000f0700000)
 ParOldGen       total 39936K, used 4409K [0x00000000c5200000, 0x00000000c7900000, 0x00000000ec600000)
  object space 39936K, 11% used [0x00000000c5200000,0x00000000c564e508,0x00000000c7900000)
 PSPermGen       total 21504K, used 13917K [0x00000000c0000000, 0x00000000c1500000, 0x00000000c5200000)
  object space 21504K, 64% used [0x00000000c0000000,0x00000000c0d975e8,0x00000000c1500000)
}
Event: 3.562 GC heap before
{Heap before GC invocations=4 (full 0):
 PSYoungGen      total 33280K, used 33250K [0x00000000ec600000, 0x00000000f0700000, 0x0000000100000000)
  eden space 30720K, 100% used [0x00000000ec600000,0x00000000ee400000,0x00000000ee400000)
  from space 2560K, 98% used [0x00000000ee400000,0x00000000ee6789e0,0x00000000ee680000)
  to   space 2560K, 0% used [0x00000000f0480000,0x00000000f0480000,0x00000000f0700000)
 ParOldGen       total 39936K, used 4409K [0x00000000c5200000, 0x00000000c7900000, 0x00000000ec600000)
  object space 39936K, 11% used [0x00000000c5200000,0x00000000c564e508,0x00000000c7900000)
 PSPermGen       total 21504K, used 16059K [0x00000000c0000000, 0x00000000c1500000, 0x00000000c5200000)
  object space 21504K, 74% used [0x00000000c0000000,0x00000000c0faec60,0x00000000c1500000)
Event: 3.573 GC heap after
Heap after GC invocations=4 (full 0):
 PSYoungGen      total 64000K, used 2530K [0x00000000ec600000, 0x00000000f0700000, 0x0000000100000000)
  eden space 61440K, 0% used [0x00000000ec600000,0x00000000ec600000,0x00000000f0200000)
  from space 2560K, 98% used [0x00000000f0480000,0x00000000f06f89f0,0x00000000f0700000)
  to   space 2560K, 0% used [0x00000000f0200000,0x00000000f0200000,0x00000000f0480000)
 ParOldGen       total 39936K, used 7056K [0x00000000c5200000, 0x00000000c7900000, 0x00000000ec600000)
  object space 39936K, 17% used [0x00000000c5200000,0x00000000c58e4220,0x00000000c7900000)
 PSPermGen       total 21504K, used 16059K [0x00000000c0000000, 0x00000000c1500000, 0x00000000c5200000)
  object space 21504K, 74% used [0x00000000c0000000,0x00000000c0faec60,0x00000000c1500000)
}
Event: 4.816 GC heap before
{Heap before GC invocations=5 (full 0):
 PSYoungGen      total 64000K, used 63970K [0x00000000ec600000, 0x00000000f0700000, 0x0000000100000000)
  eden space 61440K, 100% used [0x00000000ec600000,0x00000000f0200000,0x00000000f0200000)
  from space 2560K, 98% used [0x00000000f0480000,0x00000000f06f89f0,0x00000000f0700000)
  to   space 2560K, 0% used [0x00000000f0200000,0x00000000f0200000,0x00000000f0480000)
 ParOldGen       total 39936K, used 7056K [0x00000000c5200000, 0x00000000c7900000, 0x00000000ec600000)
  object space 39936K, 17% used [0x00000000c5200000,0x00000000c58e4220,0x00000000c7900000)
 PSPermGen       total 21504K, used 16671K [0x00000000c0000000, 0x00000000c1500000, 0x00000000c5200000)
  object space 21504K, 77% used [0x00000000c0000000,0x00000000c1047d68,0x00000000c1500000)
Event: 4.826 GC heap after
Heap after GC invocations=5 (full 0):
 PSYoungGen      total 64000K, used 2554K [0x00000000ec600000, 0x00000000f4900000, 0x0000000100000000)
  eden space 61440K, 0% used [0x00000000ec600000,0x00000000ec600000,0x00000000f0200000)
  from space 2560K, 99% used [0x00000000f0200000,0x00000000f047ea38,0x00000000f0480000)
  to   space 5632K, 0% used [0x00000000f4380000,0x00000000f4380000,0x00000000f4900000)
 ParOldGen       total 39936K, used 9409K [0x00000000c5200000, 0x00000000c7900000, 0x00000000ec600000)
  object space 39936K, 23% used [0x00000000c5200000,0x00000000c5b304c8,0x00000000c7900000)
 PSPermGen       total 21504K, used 16671K [0x00000000c0000000, 0x00000000c1500000, 0x00000000c5200000)
  object space 21504K, 77% used [0x00000000c0000000,0x00000000c1047d68,0x00000000c1500000)
}
Event: 5.283 GC heap before
{Heap before GC invocations=6 (full 0):
 PSYoungGen      total 64000K, used 63994K [0x00000000ec600000, 0x00000000f4900000, 0x0000000100000000)
  eden space 61440K, 100% used [0x00000000ec600000,0x00000000f0200000,0x00000000f0200000)
  from space 2560K, 99% used [0x00000000f0200000,0x00000000f047ea38,0x00000000f0480000)
  to   space 5632K, 0% used [0x00000000f4380000,0x00000000f4380000,0x00000000f4900000)
 ParOldGen       total 39936K, used 9409K [0x00000000c5200000, 0x00000000c7900000, 0x00000000ec600000)
  object space 39936K, 23% used [0x00000000c5200000,0x00000000c5b304c8,0x00000000c7900000)
 PSPermGen       total 21504K, used 16672K [0x00000000c0000000, 0x00000000c1500000, 0x00000000c5200000)
  object space 21504K, 77% used [0x00000000c0000000,0x00000000c10481f8,0x00000000c1500000)
Event: 5.290 GC heap after
Heap after GC invocations=6 (full 0):
 PSYoungGen      total 128512K, used 3963K [0x00000000ec600000, 0x00000000f4900000, 0x0000000100000000)
  eden space 122880K, 0% used [0x00000000ec600000,0x00000000ec600000,0x00000000f3e00000)
  from space 5632K, 70% used [0x00000000f4380000,0x00000000f475ee10,0x00000000f4900000)
  to   space 5632K, 0% used [0x00000000f3e00000,0x00000000f3e00000,0x00000000f4380000)
 ParOldGen       total 39936K, used 9409K [0x00000000c5200000, 0x00000000c7900000, 0x00000000ec600000)
  object space 39936K, 23% used [0x00000000c5200000,0x00000000c5b304c8,0x00000000c7900000)
 PSPermGen       total 21504K, used 16672K [0x00000000c0000000, 0x00000000c1500000, 0x00000000c5200000)
  object space 21504K, 77% used [0x00000000c0000000,0x00000000c10481f8,0x00000000c1500000)
}

Deoptimization events (10 events):
Event: 6.690 Thread 0x0000000009e84800 Uncommon trap: reason=array_check action=maybe_recompile pc=0x00000000028dc8ec method=com.jme3.util.SortUtil.merge([Ljava/lang/Object;[Ljava/lang/Object;IIILjava/util/Comparator;)V @ 116
Event: 6.691 Thread 0x0000000009e84800 Uncommon trap: reason=array_check action=maybe_recompile pc=0x00000000028dc8ec method=com.jme3.util.SortUtil.merge([Ljava/lang/Object;[Ljava/lang/Object;IIILjava/util/Comparator;)V @ 116
Event: 6.838 Thread 0x0000000009e84800 Uncommon trap: reason=array_check action=maybe_recompile pc=0x000000000290df90 method=com.jme3.util.SortUtil.merge([Ljava/lang/Object;[Ljava/lang/Object;IIILjava/util/Comparator;)V @ 94
Event: 6.838 Thread 0x0000000009e84800 Uncommon trap: reason=array_check action=maybe_recompile pc=0x000000000290dd40 method=com.jme3.util.SortUtil.merge([Ljava/lang/Object;[Ljava/lang/Object;IIILjava/util/Comparator;)V @ 137
Event: 6.842 Thread 0x0000000009e84800 Uncommon trap: reason=array_check action=maybe_recompile pc=0x000000000290dd40 method=com.jme3.util.SortUtil.merge([Ljava/lang/Object;[Ljava/lang/Object;IIILjava/util/Comparator;)V @ 137
Event: 7.659 Thread 0x0000000009e84800 Uncommon trap: reason=class_check action=maybe_recompile pc=0x0000000002925444 method=com.bulletphysics.linearmath.MiscUtil.quickSortInternal(Lcom/bulletphysics/util/ObjectArrayList;Ljava/util/Comparator;II)V @ 26
Event: 7.659 Thread 0x0000000009e84800 Uncommon trap: reason=class_check action=maybe_recompile pc=0x0000000002925444 method=com.bulletphysics.linearmath.MiscUtil.quickSortInternal(Lcom/bulletphysics/util/ObjectArrayList;Ljava/util/Comparator;II)V @ 26
Event: 7.659 Thread 0x0000000009e84800 Uncommon trap: reason=class_check action=maybe_recompile pc=0x0000000002925444 method=com.bulletphysics.linearmath.MiscUtil.quickSortInternal(Lcom/bulletphysics/util/ObjectArrayList;Ljava/util/Comparator;II)V @ 26
Event: 7.659 Thread 0x0000000009e84800 Uncommon trap: reason=class_check action=maybe_recompile pc=0x0000000002925444 method=com.bulletphysics.linearmath.MiscUtil.quickSortInternal(Lcom/bulletphysics/util/ObjectArrayList;Ljava/util/Comparator;II)V @ 26
Event: 8.897 Thread 0x0000000009e84800 Uncommon trap: reason=unreached action=reinterpret pc=0x0000000002938cc4 method=com.bulletphysics.collision.broadphase.Dbvt.collideTT(Lcom/bulletphysics/collision/broadphase/Dbvt$Node;Lcom/bulletphysics/collision/broadphase/Dbvt$Node;Lcom/bulletphysics/colYÛhG]Â@

Internal exceptions (10 events):
Event: 6.475 Thread 0x0000000009e84800 Threw 0x00000000f20f0a20 at C:\re\jdk7u51\527\hotspot\src\share\vm\prims\jvm.cpp:1244
Event: 6.476 Thread 0x0000000009e84800 Threw 0x00000000f20f5158 at C:\re\jdk7u51\527\hotspot\src\share\vm\prims\jvm.cpp:1244
Event: 7.652 Thread 0x0000000009e84800 Threw 0x00000000f26b6cf0 at C:\re\jdk7u51\527\hotspot\src\share\vm\prims\jvm.cpp:1244
Event: 7.653 Thread 0x0000000009e84800 Threw 0x00000000f26bc3b8 at C:\re\jdk7u51\527\hotspot\src\share\vm\prims\jvm.cpp:1244
Event: 7.653 Thread 0x0000000009e84800 Threw 0x00000000f26c41b0 at C:\re\jdk7u51\527\hotspot\src\share\vm\prims\jvm.cpp:1244
Event: 7.654 Thread 0x0000000009e84800 Threw 0x00000000f26ca690 at C:\re\jdk7u51\527\hotspot\src\share\vm\prims\jvm.cpp:1244
Event: 7.654 Thread 0x0000000009e84800 Threw 0x00000000f26d1558 at C:\re\jdk7u51\527\hotspot\src\share\vm\prims\jvm.cpp:1244
Event: 7.661 Thread 0x0000000009e84800 Threw 0x00000000f270bcb8 at C:\re\jdk7u51\527\hotspot\src\share\vm\prims\jvm.cpp:1244
Event: 8.296 Thread 0x0000000009e84800 Threw 0x00000000f2b80b18 at C:\re\jdk7u51\527\hotspot\src\share\vm\prims\jvm.cpp:1244
Event: 8.297 Thread 0x0000000009e84800 Threw 0x00000000f2b84730 at C:\re\jdk7u51\527\hotspot\src\share\vm\prims\jvm.cpp:1244

Events (10 events):
Event: 7.660 loading class 0x0000000011e1a2d0 done
Event: 8.296 loading class 0x0000000011f36370
Event: 8.296 loading class 0x0000000011f36370 done
Event: 8.297 loading class 0x0000000011f36250
Event: 8.297 loading class 0x0000000011f36250 done
Event: 8.627 loading class 0x00000000024270e0
Event: 8.627 loading class 0x00000000024270e0 done
Event: 8.897 Thread 0x0000000009e84800 Uncommon trap: trap_request=0xffffffad fr.pc=0x0000000002938cc4
Event: 8.897 Thread 0x0000000009e84800 DEOPT PACKING pc=0x0000000002938cc4 sp=0x000000000aa4ee80
Event: 8.897 Thread 0x0000000009e84800 DEOPT UNPACKING pc=0x0000000002769064 sp=0x000000000aa4ee48 mode 2


Dynamic libraries:
0x000000013f540000 - 0x000000013f573000 	C:\Program Files\jmonkeyplatform\jdk\bin\java.exe
0x00000000779c0000 - 0x0000000077b69000 	C:\Windows\SYSTEM32\ntdll.dll
0x00000000777a0000 - 0x00000000778bf000 	C:\Windows\system32\kernel32.dll
0x000007fefdb00000 - 0x000007fefdb6c000 	C:\Windows\system32\KERNELBASE.dll
0x000007feff400000 - 0x000007feff4db000 	C:\Windows\system32\ADVAPI32.dll
0x000007fefee00000 - 0x000007fefee9f000 	C:\Windows\system32\msvcrt.dll
0x000007feffa20000 - 0x000007feffa3f000 	C:\Windows\SYSTEM32\sechost.dll
0x000007feff2d0000 - 0x000007feff3fd000 	C:\Windows\system32\RPCRT4.dll
0x00000000778c0000 - 0x00000000779ba000 	C:\Windows\system32\USER32.dll
0x000007feff740000 - 0x000007feff7a7000 	C:\Windows\system32\GDI32.dll
0x000007fefdbb0000 - 0x000007fefdbbe000 	C:\Windows\system32\LPK.dll
0x000007fefdc20000 - 0x000007fefdce9000 	C:\Windows\system32\USP10.dll
0x000007fefc160000 - 0x000007fefc354000 	C:\Windows\WinSxS\amd64_microsoft.windows.common-controls_6595b64144ccf1df_6.0.7601.17514_none_fa396087175ac9ac\COMCTL32.dll
0x000007fefed80000 - 0x000007fefedf1000 	C:\Windows\system32\SHLWAPI.dll
0x000007feff710000 - 0x000007feff73e000 	C:\Windows\system32\IMM32.DLL
0x000007fefdcf0000 - 0x000007fefddf9000 	C:\Windows\system32\MSCTF.dll
0x000007fefd720000 - 0x000007fefd760000 	C:\Windows\system32\nvinitx.dll
0x0000000065ca0000 - 0x0000000065d72000 	C:\Program Files\jmonkeyplatform\jdk\jre\bin\msvcr100.dll
0x000000005ab30000 - 0x000000005b2f9000 	C:\Program Files\jmonkeyplatform\jdk\jre\bin\server\jvm.dll
0x000007fefc400000 - 0x000007fefc409000 	C:\Windows\system32\WSOCK32.dll
0x000007feff9b0000 - 0x000007feff9fd000 	C:\Windows\system32\WS2_32.dll
0x000007fefde00000 - 0x000007fefde08000 	C:\Windows\system32\NSI.dll
0x000007fefb9a0000 - 0x000007fefb9db000 	C:\Windows\system32\WINMM.dll
0x0000000077b90000 - 0x0000000077b97000 	C:\Windows\system32\PSAPI.DLL
0x0000000074420000 - 0x000000007442f000 	C:\Program Files\jmonkeyplatform\jdk\jre\bin\verify.dll
0x0000000074390000 - 0x00000000743b8000 	C:\Program Files\jmonkeyplatform\jdk\jre\bin\java.dll
0x0000000074400000 - 0x0000000074415000 	C:\Program Files\jmonkeyplatform\jdk\jre\bin\zip.dll
0x00000000743d0000 - 0x00000000743e9000 	C:\Program Files\jmonkeyplatform\jdk\jre\bin\net.dll
0x000007fefcc90000 - 0x000007fefcce5000 	C:\Windows\system32\mswsock.dll
0x000007fefcc80000 - 0x000007fefcc87000 	C:\Windows\System32\wship6.dll
0x0000000074370000 - 0x0000000074381000 	C:\Program Files\jmonkeyplatform\jdk\jre\bin\nio.dll
0x000007fefd050000 - 0x000007fefd067000 	C:\Windows\system32\CRYPTSP.dll
0x000007fefc9b0000 - 0x000007fefc9f7000 	C:\Windows\system32\rsaenh.dll
0x000007fefdb90000 - 0x000007fefdbae000 	C:\Windows\system32\USERENV.dll
0x000007fefd800000 - 0x000007fefd80f000 	C:\Windows\system32\profapi.dll
0x000007fefd650000 - 0x000007fefd65f000 	C:\Windows\system32\CRYPTBASE.dll
0x0000000180000000 - 0x0000000180050000 	C:\Users\Just\Studium\Master\Semester 2\Virtual Reality\PortClient_2\PortClient_2\lwjgl64.dll
0x000007fef37d0000 - 0x000007fef38ed000 	C:\Windows\system32\OPENGL32.dll
0x000007fef6bf0000 - 0x000007fef6c1d000 	C:\Windows\system32\GLU32.dll
0x000007fef1090000 - 0x000007fef1181000 	C:\Windows\system32\DDRAW.dll
0x000007fef1030000 - 0x000007fef1038000 	C:\Windows\system32\DCIMAN32.dll
0x000007fefde10000 - 0x000007fefdfe7000 	C:\Windows\system32\SETUPAPI.dll
0x000007fefd980000 - 0x000007fefd9b6000 	C:\Windows\system32\CFGMGR32.dll
0x000007feff1f0000 - 0x000007feff2c7000 	C:\Windows\system32\OLEAUT32.dll
0x000007feffac0000 - 0x000007feffcc3000 	C:\Windows\system32\ole32.dll
0x000007fefda70000 - 0x000007fefda8a000 	C:\Windows\system32\DEVOBJ.dll
0x000007fefb480000 - 0x000007fefb498000 	C:\Windows\system32\dwmapi.dll
0x000007fefd220000 - 0x000007fefd22c000 	C:\Windows\system32\VERSION.dll
0x000007fefbe70000 - 0x000007fefbec6000 	C:\Windows\system32\uxtheme.dll
0x000000000b710000 - 0x000000000c8fd000 	C:\Windows\system32\ig4icd64.dll
0x0000000010000000 - 0x0000000010065000 	C:\Program Files\WIDCOMM\Bluetooth Software\btmmhook.dll
0x000007fefdff0000 - 0x000007fefed78000 	C:\Windows\system32\SHELL32.dll
0x000007feff7b0000 - 0x000007feff849000 	C:\Windows\system32\CLBCatQ.DLL
0x000007fefd2f0000 - 0x000007fefd2f7000 	C:\Windows\System32\wshtcpip.dll
0x000007fef7960000 - 0x000007fef798e000 	C:\Program Files\Common Files\Microsoft Shared\Windows Live\WLIDNSP.DLL
0x00000000711b0000 - 0x00000000711d6000 	C:\Program Files\Bonjour\mdnsNSP.dll
0x000007fefb660000 - 0x000007fefb687000 	C:\Windows\system32\Iphlpapi.DLL
0x000007fefb650000 - 0x000007fefb65b000 	C:\Windows\system32\WINNSI.DLL
0x000007fefcad0000 - 0x000007fefcb2b000 	C:\Windows\system32\DNSAPI.dll
0x000007fef6450000 - 0x000007fef6458000 	C:\Windows\system32\rasadhlp.dll
0x000007fef9f80000 - 0x000007fef9fd3000 	C:\Windows\System32\fwpuclnt.dll
0x000007fefa930000 - 0x000007fefa9cc000 	C:\Windows\system32\mscms.dll
0x000007fef7a50000 - 0x000007fef7a92000 	C:\Windows\system32\icm32.dll
0x0000000001d40000 - 0x0000000001d8a000 	C:\Program Files\Acer\Acer ePower Management\SysHook.dll
0x000007fefb220000 - 0x000007fefb291000 	C:\Windows\system32\WINSPOOL.DRV
0x0000000065d80000 - 0x0000000065f15000 	C:\Program Files\jmonkeyplatform\jdk\jre\bin\awt.dll
0x0000000002510000 - 0x0000000002574000 	C:\Users\Just\Studium\Master\Semester 2\Virtual Reality\PortClient_2\PortClient_2\OpenAL64.dll
0x000007fefbed0000 - 0x000007fefbf1b000 	C:\Windows\System32\MMDevApi.dll
0x000007fefc000000 - 0x000007fefc12c000 	C:\Windows\System32\PROPSYS.dll
0x000007fef5920000 - 0x000007fef59a8000 	C:\Windows\system32\dsound.dll
0x000007fefbf20000 - 0x000007fefbf4c000 	C:\Windows\system32\POWRPROF.dll
0x000007fefb820000 - 0x000007fefb86f000 	C:\Windows\system32\AUDIOSES.DLL
0x0000000071fb0000 - 0x0000000071fe0000 	C:\Program Files\jmonkeyplatform\jdk\jre\bin\jpeg.dll
0x0000000005ab0000 - 0x0000000005ae1000 	C:\Program Files\WIDCOMM\Bluetooth Software\btkeyind.dll
0x00000000707a0000 - 0x00000000707d9000 	C:\Program Files\jmonkeyplatform\jdk\jre\bin\kcms.dll
0x000007fef5de0000 - 0x000007fef5f05000 	C:\Windows\system32\dbghelp.dll

VM Arguments:
jvm_args: -Dfile.encoding=UTF-8 
java_command: mygame.Main
Launcher Type: SUN_STANDARD

Environment Variables:
JAVA_HOME=C:\Progra~2\Java\jdk1.7.0_07
CLASSPATH=.;C:\Program Files (x86)\Java\jre7\lib\ext\QTJava.zip;C:\Program Files (x86)\apache-ant-1.9.2
USERNAME=Just
OS=Windows_NT
PROCESSOR_IDENTIFIER=Intel64 Family 6 Model 37 Stepping 5, GenuineIntel



---------------  S Y S T E M  ---------------

OS: Windows 7 , 64 bit Build 7601 Service Pack 1

CPU:total 4 (2 cores per cpu, 2 threads per core) family 6 model 37 stepping 5, cmov, cx8, fxsr, mmx, sse, sse2, sse3, ssse3, sse4.1, sse4.2, popcnt, ht, tsc, tscinvbit

Memory: 4k page, physical 3857112k(932468k free), swap 7712360k(2809824k free)

vm_info: Java HotSpot(TM) 64-Bit Server VM (24.51-b03) for windows-amd64 JRE (1.7.0_51-b13), built on Dec 18 2013 18:40:56 by "java_re" with unknown MS VC++:1600

time: Mon Jun 23 12:33:30 2014
elapsed time: 9 seconds

