#
# A fatal error has been detected by the Java Runtime Environment:
#
#  EXCEPTION_ACCESS_VIOLATION (0xc0000005) at pc=0x000000000bee7801, pid=6220, tid=4288
#
# JRE version: Java(TM) SE Runtime Environment (7.0_51-b13) (build 1.7.0_51-b13)
# Java VM: Java HotSpot(TM) 64-Bit Server VM (24.51-b03 mixed mode windows-amd64 compressed oops)
# Problematic frame:
# C  [ig4icd64.dll+0x1b7801]
#
# Failed to write core dump. Minidumps are not enabled by default on client versions of Windows
#
# If you would like to submit a bug report, please visit:
#   http://bugreport.sun.com/bugreport/crash.jsp
# The crash happened outside the Java Virtual Machine in native code.
# See problematic frame for where to report the bug.
#

---------------  T H R E A D  ---------------

Current thread (0x000000000a0a7000):  JavaThread "LWJGL Renderer Thread" [_thread_in_native, id=4288, stack(0x000000000b200000,0x000000000b300000)]

siginfo: ExceptionCode=0xc0000005, reading address 0x0000000012146004

Registers:
RAX=0x0000000000001910, RBX=0x000000000d4b6cc0, RCX=0x0000000012146000, RDX=0x0000000000000000
RSP=0x000000000b2fea90, RBP=0x0000000000000008, RSI=0x0000000000000322, RDI=0x0000000011fee150
R8 =0x0000000000000001, R9 =0x0000000000000000, R10=0x0000000000000003, R11=0x00000000121446f0
R12=0x0000000000000322, R13=0x000000000d09e830, R14=0x0000000000000024, R15=0x0000000011fee150
RIP=0x000000000bee7801, EFLAGS=0x0000000000010246

Top of Stack: (sp=0x000000000b2fea90)
0x000000000b2fea90:   000000000d4b5ff0 000000000d4a9f40
0x000000000b2feaa0:   0000000000000000 0000000000000000
0x000000000b2feab0:   0000000000000003 0000000000000001
0x000000000b2feac0:   00000000425e0000 0000000000000024
0x000000000b2fead0:   0000000000000000 0000000000000000
0x000000000b2feae0:   0000000000000000 0000000000000000
0x000000000b2feaf0:   0000000000000000 0000000011fedaa0
0x000000000b2feb00:   0000000000000322 0000000000000000
0x000000000b2feb10:   0000000011fee150 0000000000000000
0x000000000b2feb20:   000000000d4a9f40 000000000bee9cff
0x000000000b2feb30:   000000000d4a9f40 000000000000033b
0x000000000b2feb40:   0000000000000322 0000000011fee180
0x000000000b2feb50:   0000000011fee150 0000000000000001
0x000000000b2feb60:   0000000000000000 0000000000000000
0x000000000b2feb70:   0000000000000000 0000000000080038
0x000000000b2feb80:   000000000ea93580 000000000000033b 

Instructions: (pc=0x000000000bee7801)
0x000000000bee77e1:   74 1e 83 ea 01 74 11 83 fa 01 0f 85 59 02 00 00
0x000000000bee77f1:   8b 41 0c 41 89 44 ed 0c 8b 41 08 41 89 44 ed 08
0x000000000bee7801:   8b 41 04 41 89 44 ed 04 8b 01 4c 8b 54 24 20 48
0x000000000bee7811:   8b 9c 24 a0 00 00 00 4c 8b 44 24 28 41 89 44 ed 


Register to memory mapping:

RAX=0x0000000000001910 is an unknown value
RBX=0x000000000d4b6cc0 is an unknown value
RCX=0x0000000012146000 is an unknown value
RDX=0x0000000000000000 is an unknown value
RSP=0x000000000b2fea90 is pointing into the stack for thread: 0x000000000a0a7000
RBP=0x0000000000000008 is an unknown value
RSI=0x0000000000000322 is an unknown value
RDI=0x0000000011fee150 is an unknown value
R8 =0x0000000000000001 is an unknown value
R9 =0x0000000000000000 is an unknown value
R10=0x0000000000000003 is an unknown value
R11=0x00000000121446f0 is an unknown value
R12=0x0000000000000322 is an unknown value
R13=0x000000000d09e830 is an unknown value
R14=0x0000000000000024 is an unknown value
R15=0x0000000011fee150 is an unknown value


Stack: [0x000000000b200000,0x000000000b300000],  sp=0x000000000b2fea90,  free space=1018k
Native frames: (J=compiled Java code, j=interpreted, Vv=VM code, C=native code)
C  [ig4icd64.dll+0x1b7801]

[error occurred during error reporting (printing native stack), id 0xc0000005]

Java frames: (J=compiled Java code, j=interpreted, Vv=VM code)
j  org.lwjgl.opengl.GL12.nglDrawRangeElementsBO(IIIIIJJ)V+0
j  org.lwjgl.opengl.GL12.glDrawRangeElements(IIIIIJ)V+32
j  com.jme3.renderer.lwjgl.LwjglRenderer.drawTriangleList(Lcom/jme3/scene/VertexBuffer;Lcom/jme3/scene/Mesh;I)V+361
j  com.jme3.renderer.lwjgl.LwjglRenderer.renderMeshDefault(Lcom/jme3/scene/Mesh;II)V+174
j  com.jme3.renderer.lwjgl.LwjglRenderer.renderMesh(Lcom/jme3/scene/Mesh;II)V+160
j  com.jme3.material.Material.renderMultipassLighting(Lcom/jme3/shader/Shader;Lcom/jme3/scene/Geometry;Lcom/jme3/renderer/RenderManager;)V+595
j  com.jme3.material.Material.render(Lcom/jme3/scene/Geometry;Lcom/jme3/renderer/RenderManager;)V+285
j  com.jme3.renderer.RenderManager.renderGeometry(Lcom/jme3/scene/Geometry;)V+204
j  com.jme3.renderer.queue.RenderQueue.renderGeometryList(Lcom/jme3/renderer/queue/GeometryList;Lcom/jme3/renderer/RenderManager;Lcom/jme3/renderer/Camera;Z)V+51
j  com.jme3.renderer.queue.RenderQueue.renderQueue(Lcom/jme3/renderer/queue/RenderQueue$Bucket;Lcom/jme3/renderer/RenderManager;Lcom/jme3/renderer/Camera;Z)V+68
j  com.jme3.renderer.RenderManager.renderViewPortQueues(Lcom/jme3/renderer/ViewPort;Z)V+22
j  com.jme3.renderer.RenderManager.flushQueue(Lcom/jme3/renderer/ViewPort;)V+3
j  com.jme3.renderer.RenderManager.renderViewPort(Lcom/jme3/renderer/ViewPort;F)V+267
j  com.jme3.renderer.RenderManager.render(FZ)V+123
j  com.jme3.app.SimpleApplication.update()V+102
j  com.jme3.system.lwjgl.LwjglAbstractDisplay.runLoop()V+22
j  com.jme3.system.lwjgl.LwjglDisplay.runLoop()V+67
j  com.jme3.system.lwjgl.LwjglAbstractDisplay.run()V+132
j  java.lang.Thread.run()V+11
v  ~StubRoutines::call_stub

---------------  P R O C E S S  ---------------

Java Threads: ( => current thread )
  0x000000000abb6000 JavaThread "Java2D Disposer" daemon [_thread_blocked, id=8632, stack(0x0000000010a60000,0x0000000010b60000)]
  0x000000000a23b800 JavaThread "jME3 Audio Thread" daemon [_thread_blocked, id=9404, stack(0x000000000feb0000,0x000000000ffb0000)]
  0x000000000a22d000 JavaThread "NioProcessor-2" [_thread_in_native, id=3216, stack(0x000000000b8f0000,0x000000000b9f0000)]
  0x000000000a22c800 JavaThread "pool-2-thread-1" [_thread_blocked, id=6704, stack(0x000000000ba50000,0x000000000bb50000)]
  0x0000000002298000 JavaThread "DestroyJavaVM" [_thread_blocked, id=4672, stack(0x00000000026f0000,0x00000000027f0000)]
=>0x000000000a0a7000 JavaThread "LWJGL Renderer Thread" [_thread_in_native, id=4288, stack(0x000000000b200000,0x000000000b300000)]
  0x0000000009fa2800 JavaThread "Thread-1" [_thread_blocked, id=9504, stack(0x000000000a4d0000,0x000000000a5d0000)]
  0x0000000008649000 JavaThread "Service Thread" daemon [_thread_blocked, id=8744, stack(0x0000000009430000,0x0000000009530000)]
  0x0000000008646800 JavaThread "C2 CompilerThread1" daemon [_thread_blocked, id=6604, stack(0x0000000009d70000,0x0000000009e70000)]
  0x0000000008641800 JavaThread "C2 CompilerThread0" daemon [_thread_blocked, id=8640, stack(0x0000000009c10000,0x0000000009d10000)]
  0x0000000008640000 JavaThread "Attach Listener" daemon [_thread_blocked, id=1740, stack(0x0000000009b00000,0x0000000009c00000)]
  0x0000000008639000 JavaThread "Signal Dispatcher" daemon [_thread_blocked, id=7720, stack(0x0000000009630000,0x0000000009730000)]
  0x00000000085e8800 JavaThread "Finalizer" daemon [_thread_blocked, id=3484, stack(0x0000000009900000,0x0000000009a00000)]
  0x00000000085df800 JavaThread "Reference Handler" daemon [_thread_blocked, id=9908, stack(0x00000000097e0000,0x00000000098e0000)]

Other Threads:
  0x00000000085d9800 VMThread [stack: 0x0000000009530000,0x0000000009630000] [id=10040]
  0x0000000009e78800 WatcherThread [stack: 0x000000000a320000,0x000000000a420000] [id=6952]

VM state:not at safepoint (normal execution)

VM Mutex/Monitor currently owned by a thread: None

Heap
 PSYoungGen      total 33280K, used 22606K [0x00000000ec600000, 0x00000000f0d00000, 0x0000000100000000)
  eden space 30720K, 65% used [0x00000000ec600000,0x00000000ed99a7f0,0x00000000ee400000)
  from space 2560K, 98% used [0x00000000ee400000,0x00000000ee679160,0x00000000ee680000)
  to   space 5632K, 0% used [0x00000000f0780000,0x00000000f0780000,0x00000000f0d00000)
 ParOldGen       total 39936K, used 7861K [0x00000000c5200000, 0x00000000c7900000, 0x00000000ec600000)
  object space 39936K, 19% used [0x00000000c5200000,0x00000000c59ad7b8,0x00000000c7900000)
 PSPermGen       total 21504K, used 16825K [0x00000000c0000000, 0x00000000c1500000, 0x00000000c5200000)
  object space 21504K, 78% used [0x00000000c0000000,0x00000000c106e5f8,0x00000000c1500000)

Card table byte_map: [0x00000000057f0000,0x0000000005a00000] byte_map_base: 0x00000000051f0000

Polling page: 0x0000000000130000

Code Cache  [0x00000000027f0000, 0x0000000002a60000, 0x00000000057f0000)
 total_blobs=1005 nmethods=509 adapters=449 free_code_cache=47490Kb largest_free_block=48588736

Compilation events (10 events):
Event: 6.816 Thread 0x0000000008646800  514             com.jme3.scene.Node::updateLogicalState (58 bytes)
Event: 6.820 Thread 0x0000000008646800 nmethod 514 0x000000000298e590 code [0x000000000298e700, 0x000000000298e978]
Event: 6.821 Thread 0x0000000008641800  515             com.jme3.util.SortUtil::merge (148 bytes)
Event: 6.822 Thread 0x0000000008646800  516             com.jme3.math.Vector3f::addLocal (56 bytes)
Event: 6.823 Thread 0x0000000008646800 nmethod 516 0x000000000298b9d0 code [0x000000000298bb00, 0x000000000298bb98]
Event: 6.824 Thread 0x0000000008646800  517             com.jme3.scene.Node::updateGeometricState (108 bytes)
Event: 6.839 Thread 0x0000000008646800 nmethod 517 0x000000000298f550 code [0x000000000298f7c0, 0x0000000002990078]
Event: 6.839 Thread 0x0000000008646800  518             com.jme3.renderer.RenderManager::renderShadow (102 bytes)
Event: 6.846 Thread 0x0000000008646800 nmethod 518 0x0000000002998950 code [0x0000000002998b20, 0x00000000029990c8]
Event: 6.846 Thread 0x0000000008641800 nmethod 515 0x0000000002994d10 code [0x0000000002994ea0, 0x0000000002995c38]

GC Heap History (10 events):
Event: 2.074 GC heap before
{Heap before GC invocations=1 (full 0):
 PSYoungGen      total 17920K, used 15360K [0x00000000ec600000, 0x00000000eda00000, 0x0000000100000000)
  eden space 15360K, 100% used [0x00000000ec600000,0x00000000ed500000,0x00000000ed500000)
  from space 2560K, 0% used [0x00000000ed780000,0x00000000ed780000,0x00000000eda00000)
  to   space 2560K, 0% used [0x00000000ed500000,0x00000000ed500000,0x00000000ed780000)
 ParOldGen       total 39936K, used 0K [0x00000000c5200000, 0x00000000c7900000, 0x00000000ec600000)
  object space 39936K, 0% used [0x00000000c5200000,0x00000000c5200000,0x00000000c7900000)
 PSPermGen       total 21504K, used 9084K [0x00000000c0000000, 0x00000000c1500000, 0x00000000c5200000)
  object space 21504K, 42% used [0x00000000c0000000,0x00000000c08df338,0x00000000c1500000)
Event: 2.095 GC heap after
Heap after GC invocations=1 (full 0):
 PSYoungGen      total 17920K, used 2558K [0x00000000ec600000, 0x00000000eda00000, 0x0000000100000000)
  eden space 15360K, 0% used [0x00000000ec600000,0x00000000ec600000,0x00000000ed500000)
  from space 2560K, 99% used [0x00000000ed500000,0x00000000ed77fa10,0x00000000ed780000)
  to   space 2560K, 0% used [0x00000000ed780000,0x00000000ed780000,0x00000000eda00000)
 ParOldGen       total 39936K, used 1155K [0x00000000c5200000, 0x00000000c7900000, 0x00000000ec600000)
  object space 39936K, 2% used [0x00000000c5200000,0x00000000c5320f08,0x00000000c7900000)
 PSPermGen       total 21504K, used 9084K [0x00000000c0000000, 0x00000000c1500000, 0x00000000c5200000)
  object space 21504K, 42% used [0x00000000c0000000,0x00000000c08df338,0x00000000c1500000)
}
Event: 2.559 GC heap before
{Heap before GC invocations=2 (full 0):
 PSYoungGen      total 17920K, used 17918K [0x00000000ec600000, 0x00000000eda00000, 0x0000000100000000)
  eden space 15360K, 100% used [0x00000000ec600000,0x00000000ed500000,0x00000000ed500000)
  from space 2560K, 99% used [0x00000000ed500000,0x00000000ed77fa10,0x00000000ed780000)
  to   space 2560K, 0% used [0x00000000ed780000,0x00000000ed780000,0x00000000eda00000)
 ParOldGen       total 39936K, used 1155K [0x00000000c5200000, 0x00000000c7900000, 0x00000000ec600000)
  object space 39936K, 2% used [0x00000000c5200000,0x00000000c5320f08,0x00000000c7900000)
 PSPermGen       total 21504K, used 12048K [0x00000000c0000000, 0x00000000c1500000, 0x00000000c5200000)
  object space 21504K, 56% used [0x00000000c0000000,0x00000000c0bc4210,0x00000000c1500000)
Event: 2.575 GC heap after
Heap after GC invocations=2 (full 0):
 PSYoungGen      total 17920K, used 2532K [0x00000000ec600000, 0x00000000ee900000, 0x0000000100000000)
  eden space 15360K, 0% used [0x00000000ec600000,0x00000000ec600000,0x00000000ed500000)
  from space 2560K, 98% used [0x00000000ed780000,0x00000000ed9f9250,0x00000000eda00000)
  to   space 2560K, 0% used [0x00000000ed500000,0x00000000ed500000,0x00000000ed780000)
 ParOldGen       total 39936K, used 2433K [0x00000000c5200000, 0x00000000c7900000, 0x00000000ec600000)
  object space 39936K, 6% used [0x00000000c5200000,0x00000000c54606b0,0x00000000c7900000)
 PSPermGen       total 21504K, used 12048K [0x00000000c0000000, 0x00000000c1500000, 0x00000000c5200000)
  object space 21504K, 56% used [0x00000000c0000000,0x00000000c0bc4210,0x00000000c1500000)
}
Event: 2.875 GC heap before
{Heap before GC invocations=3 (full 0):
 PSYoungGen      total 17920K, used 17892K [0x00000000ec600000, 0x00000000ee900000, 0x0000000100000000)
  eden space 15360K, 100% used [0x00000000ec600000,0x00000000ed500000,0x00000000ed500000)
  from space 2560K, 98% used [0x00000000ed780000,0x00000000ed9f9250,0x00000000eda00000)
  to   space 2560K, 0% used [0x00000000ed500000,0x00000000ed500000,0x00000000ed780000)
 ParOldGen       total 39936K, used 2433K [0x00000000c5200000, 0x00000000c7900000, 0x00000000ec600000)
  object space 39936K, 6% used [0x00000000c5200000,0x00000000c54606b0,0x00000000c7900000)
 PSPermGen       total 21504K, used 13069K [0x00000000c0000000, 0x00000000c1500000, 0x00000000c5200000)
  object space 21504K, 60% used [0x00000000c0000000,0x00000000c0cc34c0,0x00000000c1500000)
Event: 2.883 GC heap after
Heap after GC invocations=3 (full 0):
 PSYoungGen      total 17920K, used 2530K [0x00000000ec600000, 0x00000000ee900000, 0x0000000100000000)
  eden space 15360K, 0% used [0x00000000ec600000,0x00000000ec600000,0x00000000ed500000)
  from space 2560K, 98% used [0x00000000ed500000,0x00000000ed778a00,0x00000000ed780000)
  to   space 2560K, 0% used [0x00000000ee680000,0x00000000ee680000,0x00000000ee900000)
 ParOldGen       total 39936K, used 3390K [0x00000000c5200000, 0x00000000c7900000, 0x00000000ec600000)
  object space 39936K, 8% used [0x00000000c5200000,0x00000000c554fb30,0x00000000c7900000)
 PSPermGen       total 21504K, used 13069K [0x00000000c0000000, 0x00000000c1500000, 0x00000000c5200000)
  object space 21504K, 60% used [0x00000000c0000000,0x00000000c0cc34c0,0x00000000c1500000)
}
Event: 5.064 GC heap before
{Heap before GC invocations=4 (full 0):
 PSYoungGen      total 17920K, used 17890K [0x00000000ec600000, 0x00000000ee900000, 0x0000000100000000)
  eden space 15360K, 100% used [0x00000000ec600000,0x00000000ed500000,0x00000000ed500000)
  from space 2560K, 98% used [0x00000000ed500000,0x00000000ed778a00,0x00000000ed780000)
  to   space 2560K, 0% used [0x00000000ee680000,0x00000000ee680000,0x00000000ee900000)
 ParOldGen       total 39936K, used 3390K [0x00000000c5200000, 0x00000000c7900000, 0x00000000ec600000)
  object space 39936K, 8% used [0x00000000c5200000,0x00000000c554fb30,0x00000000c7900000)
 PSPermGen       total 21504K, used 13968K [0x00000000c0000000, 0x00000000c1500000, 0x00000000c5200000)
  object space 21504K, 64% used [0x00000000c0000000,0x00000000c0da4030,0x00000000c1500000)
Event: 5.071 GC heap after
Heap after GC invocations=4 (full 0):
 PSYoungGen      total 33280K, used 2546K [0x00000000ec600000, 0x00000000ee900000, 0x0000000100000000)
  eden space 30720K, 0% used [0x00000000ec600000,0x00000000ec600000,0x00000000ee400000)
  from space 2560K, 99% used [0x00000000ee680000,0x00000000ee8fc9f0,0x00000000ee900000)
  to   space 2560K, 0% used [0x00000000ee400000,0x00000000ee400000,0x00000000ee680000)
 ParOldGen       total 39936K, used 4386K [0x00000000c5200000, 0x00000000c7900000, 0x00000000ec600000)
  object space 39936K, 10% used [0x00000000c5200000,0x00000000c56488d8,0x00000000c7900000)
 PSPermGen       total 21504K, used 13968K [0x00000000c0000000, 0x00000000c1500000, 0x00000000c5200000)
  object space 21504K, 64% used [0x00000000c0000000,0x00000000c0da4030,0x00000000c1500000)
}
Event: 6.087 GC heap before
{Heap before GC invocations=5 (full 0):
 PSYoungGen      total 33280K, used 33266K [0x00000000ec600000, 0x00000000ee900000, 0x0000000100000000)
  eden space 30720K, 100% used [0x00000000ec600000,0x00000000ee400000,0x00000000ee400000)
  from space 2560K, 99% used [0x00000000ee680000,0x00000000ee8fc9f0,0x00000000ee900000)
  to   space 2560K, 0% used [0x00000000ee400000,0x00000000ee400000,0x00000000ee680000)
 ParOldGen       total 39936K, used 4386K [0x00000000c5200000, 0x00000000c7900000, 0x00000000ec600000)
  object space 39936K, 10% used [0x00000000c5200000,0x00000000c56488d8,0x00000000c7900000)
 PSPermGen       total 21504K, used 16653K [0x00000000c0000000, 0x00000000c1500000, 0x00000000c5200000)
  object space 21504K, 77% used [0x00000000c0000000,0x00000000c1043560,0x00000000c1500000)
Event: 6.098 GC heap after
Heap after GC invocations=5 (full 0):
 PSYoungGen      total 33280K, used 2532K [0x00000000ec600000, 0x00000000f0d00000, 0x0000000100000000)
  eden space 30720K, 0% used [0x00000000ec600000,0x00000000ec600000,0x00000000ee400000)
  from space 2560K, 98% used [0x00000000ee400000,0x00000000ee679160,0x00000000ee680000)
  to   space 5632K, 0% used [0x00000000f0780000,0x00000000f0780000,0x00000000f0d00000)
 ParOldGen       total 39936K, used 7861K [0x00000000c5200000, 0x00000000c7900000, 0x00000000ec600000)
  object space 39936K, 19% used [0x00000000c5200000,0x00000000c59ad7b8,0x00000000c7900000)
 PSPermGen       total 21504K, used 16653K [0x00000000c0000000, 0x00000000c1500000, 0x00000000c5200000)
  object space 21504K, 77% used [0x00000000c0000000,0x00000000c1043560,0x00000000c1500000)
}

Deoptimization events (10 events):
Event: 6.356 Thread 0x000000000a0a7000 Uncommon trap: reason=array_check action=maybe_recompile pc=0x000000000297cec8 method=com.jme3.util.SortUtil.merge([Ljava/lang/Object;[Ljava/lang/Object;IIILjava/util/Comparator;)V @ 72
Event: 6.356 Thread 0x000000000a0a7000 Uncommon trap: reason=array_check action=maybe_recompile pc=0x000000000297cec8 method=com.jme3.util.SortUtil.merge([Ljava/lang/Object;[Ljava/lang/Object;IIILjava/util/Comparator;)V @ 72
Event: 6.391 Thread 0x000000000a0a7000 Uncommon trap: reason=class_check action=maybe_recompile pc=0x00000000028f594c method=com.jme3.renderer.lwjgl.LwjglRenderer.updateUniform(Lcom/jme3/shader/Shader;Lcom/jme3/shader/Uniform;)V @ 285
Event: 6.391 Thread 0x000000000a0a7000 Uncommon trap: reason=class_check action=maybe_recompile pc=0x00000000028f594c method=com.jme3.renderer.lwjgl.LwjglRenderer.updateUniform(Lcom/jme3/shader/Shader;Lcom/jme3/shader/Uniform;)V @ 285
Event: 6.402 Thread 0x000000000a0a7000 Uncommon trap: reason=class_check action=maybe_recompile pc=0x00000000028f594c method=com.jme3.renderer.lwjgl.LwjglRenderer.updateUniform(Lcom/jme3/shader/Shader;Lcom/jme3/shader/Uniform;)V @ 285
Event: 6.402 Thread 0x000000000a0a7000 Uncommon trap: reason=class_check action=maybe_recompile pc=0x00000000028f594c method=com.jme3.renderer.lwjgl.LwjglRenderer.updateUniform(Lcom/jme3/shader/Shader;Lcom/jme3/shader/Uniform;)V @ 285
Event: 6.789 Thread 0x000000000a0a7000 Uncommon trap: reason=array_check action=maybe_recompile pc=0x000000000298daf4 method=com.jme3.util.SortUtil.merge([Ljava/lang/Object;[Ljava/lang/Object;IIILjava/util/Comparator;)V @ 116
Event: 6.789 Thread 0x000000000a0a7000 Uncommon trap: reason=array_check action=maybe_recompile pc=0x000000000298daf4 method=com.jme3.util.SortUtil.merge([Ljava/lang/Object;[Ljava/lang/Object;IIILjava/util/Comparator;)V @ 116
Event: 6.818 Thread 0x000000000a0a7000 Uncommon trap: reason=array_check action=maybe_recompile pc=0x0000000002993bdc method=com.jme3.util.SortUtil.merge([Ljava/lang/Object;[Ljava/lang/Object;IIILjava/util/Comparator;)V @ 137
Event: 6.818 Thread 0x000000000a0a7000 Uncommon trap: reason=array_check action=maybe_recompile pc=0x0000000002993bdc method=com.jme3.util.SortUtil.merge([Ljava/lang/Object;[Ljava/lang/Object;IIILjava/util/Comparator;)V @ 137

Internal exceptions (10 events):
Event: 6.737 Thread 0x000000000a0a7000 Threw 0x00000000ed878dd8 at C:\re\jdk7u51\527\hotspot\src\share\vm\prims\jvm.cpp:1244
Event: 6.737 Thread 0x000000000a0a7000 Threw 0x00000000ed8a0388 at C:\re\jdk7u51\527\hotspot\src\share\vm\prims\jvm.cpp:1244
Event: 6.738 Thread 0x000000000a0a7000 Threw 0x00000000ed8a46f0 at C:\re\jdk7u51\527\hotspot\src\share\vm\prims\jvm.cpp:1244
Event: 6.738 Thread 0x000000000a0a7000 Threw 0x00000000ed8a82f8 at C:\re\jdk7u51\527\hotspot\src\share\vm\prims\jvm.cpp:1244
Event: 6.741 Thread 0x000000000a0a7000 Threw 0x00000000ed8ad108 at C:\re\jdk7u51\527\hotspot\src\share\vm\prims\jvm.cpp:1244
Event: 6.742 Thread 0x000000000a0a7000 Threw 0x00000000ed8b1b20 at C:\re\jdk7u51\527\hotspot\src\share\vm\prims\jvm.cpp:1244
Event: 6.743 Thread 0x000000000a0a7000 Threw 0x00000000ed8b8170 at C:\re\jdk7u51\527\hotspot\src\share\vm\prims\jvm.cpp:1244
Event: 6.745 Thread 0x000000000a0a7000 Threw 0x00000000ed8be390 at C:\re\jdk7u51\527\hotspot\src\share\vm\prims\jvm.cpp:1244
Event: 6.746 Thread 0x000000000a0a7000 Threw 0x00000000ed8c2a30 at C:\re\jdk7u51\527\hotspot\src\share\vm\prims\jvm.cpp:1244
Event: 6.746 Thread 0x000000000a0a7000 Threw 0x00000000ed8c7398 at C:\re\jdk7u51\527\hotspot\src\share\vm\prims\jvm.cpp:1244

Events (10 events):
Event: 6.789 Thread 0x000000000a0a7000 DEOPT UNPACKING pc=0x0000000002829064 sp=0x000000000b2ff178 mode 2
Event: 6.789 Thread 0x000000000a0a7000 Uncommon trap: trap_request=0xffffffd6 fr.pc=0x000000000298daf4
Event: 6.789 Thread 0x000000000a0a7000 DEOPT PACKING pc=0x000000000298daf4 sp=0x000000000b2ff1d0
Event: 6.789 Thread 0x000000000a0a7000 DEOPT UNPACKING pc=0x0000000002829064 sp=0x000000000b2ff178 mode 2
Event: 6.818 Thread 0x000000000a0a7000 Uncommon trap: trap_request=0xffffffd6 fr.pc=0x0000000002993bdc
Event: 6.818 Thread 0x000000000a0a7000 DEOPT PACKING pc=0x0000000002993bdc sp=0x000000000b2ff1d0
Event: 6.818 Thread 0x000000000a0a7000 DEOPT UNPACKING pc=0x0000000002829064 sp=0x000000000b2ff178 mode 2
Event: 6.818 Thread 0x000000000a0a7000 Uncommon trap: trap_request=0xffffffd6 fr.pc=0x0000000002993bdc
Event: 6.818 Thread 0x000000000a0a7000 DEOPT PACKING pc=0x0000000002993bdc sp=0x000000000b2ff1d0
Event: 6.818 Thread 0x000000000a0a7000 DEOPT UNPACKING pc=0x0000000002829064 sp=0x000000000b2ff178 mode 2


Dynamic libraries:
0x000000013f4d0000 - 0x000000013f503000 	C:\Program Files\jmonkeyplatform\jdk\bin\java.exe
0x0000000077020000 - 0x00000000771c9000 	C:\Windows\SYSTEM32\ntdll.dll
0x0000000076f00000 - 0x000000007701f000 	C:\Windows\system32\kernel32.dll
0x000007fefcee0000 - 0x000007fefcf4c000 	C:\Windows\system32\KERNELBASE.dll
0x000007fefd550000 - 0x000007fefd62b000 	C:\Windows\system32\ADVAPI32.dll
0x000007feff080000 - 0x000007feff11f000 	C:\Windows\system32\msvcrt.dll
0x000007fefdca0000 - 0x000007fefdcbf000 	C:\Windows\SYSTEM32\sechost.dll
0x000007fefdcc0000 - 0x000007fefdded000 	C:\Windows\system32\RPCRT4.dll
0x0000000076e00000 - 0x0000000076efa000 	C:\Windows\system32\USER32.dll
0x000007fefd6b0000 - 0x000007fefd717000 	C:\Windows\system32\GDI32.dll
0x000007fefdc90000 - 0x000007fefdc9e000 	C:\Windows\system32\LPK.dll
0x000007fefdbc0000 - 0x000007fefdc89000 	C:\Windows\system32\USP10.dll
0x000007fefb330000 - 0x000007fefb524000 	C:\Windows\WinSxS\amd64_microsoft.windows.common-controls_6595b64144ccf1df_6.0.7601.17514_none_fa396087175ac9ac\COMCTL32.dll
0x000007fefd4d0000 - 0x000007fefd541000 	C:\Windows\system32\SHLWAPI.dll
0x000007feff300000 - 0x000007feff32e000 	C:\Windows\system32\IMM32.DLL
0x000007fefd260000 - 0x000007fefd369000 	C:\Windows\system32\MSCTF.dll
0x000007fefcd80000 - 0x000007fefcdc0000 	C:\Windows\system32\nvinitx.dll
0x0000000069170000 - 0x0000000069242000 	C:\Program Files\jmonkeyplatform\jdk\jre\bin\msvcr100.dll
0x000000005b180000 - 0x000000005b949000 	C:\Program Files\jmonkeyplatform\jdk\jre\bin\server\jvm.dll
0x000007fef71e0000 - 0x000007fef71e9000 	C:\Windows\system32\WSOCK32.dll
0x000007fefd210000 - 0x000007fefd25d000 	C:\Windows\system32\WS2_32.dll
0x000007fefd7c0000 - 0x000007fefd7c8000 	C:\Windows\system32\NSI.dll
0x000007fef7180000 - 0x000007fef71bb000 	C:\Windows\system32\WINMM.dll
0x00000000771e0000 - 0x00000000771e7000 	C:\Windows\system32\PSAPI.DLL
0x0000000072d50000 - 0x0000000072d5f000 	C:\Program Files\jmonkeyplatform\jdk\jre\bin\verify.dll
0x0000000072d20000 - 0x0000000072d48000 	C:\Program Files\jmonkeyplatform\jdk\jre\bin\java.dll
0x0000000072cc0000 - 0x0000000072cd5000 	C:\Program Files\jmonkeyplatform\jdk\jre\bin\zip.dll
0x0000000072d00000 - 0x0000000072d19000 	C:\Program Files\jmonkeyplatform\jdk\jre\bin\net.dll
0x000007fefc2b0000 - 0x000007fefc305000 	C:\Windows\system32\mswsock.dll
0x000007fefc2a0000 - 0x000007fefc2a7000 	C:\Windows\System32\wship6.dll
0x0000000072b50000 - 0x0000000072b61000 	C:\Program Files\jmonkeyplatform\jdk\jre\bin\nio.dll
0x000007fefc310000 - 0x000007fefc327000 	C:\Windows\system32\CRYPTSP.dll
0x0000000180000000 - 0x0000000180050000 	C:\Users\Just\Studium\Master\Semester 2\Virtual Reality\PortClient_2\PortClient_2\lwjgl64.dll
0x000007fef6ae0000 - 0x000007fef6bfd000 	C:\Windows\system32\OPENGL32.dll
0x000007fef9fc0000 - 0x000007fef9fed000 	C:\Windows\system32\GLU32.dll
0x000007feee3f0000 - 0x000007feee4e1000 	C:\Windows\system32\DDRAW.dll
0x000007fef4d10000 - 0x000007fef4d18000 	C:\Windows\system32\DCIMAN32.dll
0x000007fefd9e0000 - 0x000007fefdbb7000 	C:\Windows\system32\SETUPAPI.dll
0x000007fefcea0000 - 0x000007fefced6000 	C:\Windows\system32\CFGMGR32.dll
0x000007feff1c0000 - 0x000007feff297000 	C:\Windows\system32\OLEAUT32.dll
0x000007fefd7d0000 - 0x000007fefd9d3000 	C:\Windows\system32\ole32.dll
0x000007fefce80000 - 0x000007fefce9a000 	C:\Windows\system32\DEVOBJ.dll
0x000007fefbc40000 - 0x000007fefbc58000 	C:\Windows\system32\dwmapi.dll
0x000007fefc840000 - 0x000007fefc84c000 	C:\Windows\system32\VERSION.dll
0x000007fefc000000 - 0x000007fefc047000 	C:\Windows\system32\rsaenh.dll
0x000007fefd040000 - 0x000007fefd05e000 	C:\Windows\system32\USERENV.dll
0x000007fefce60000 - 0x000007fefce6f000 	C:\Windows\system32\profapi.dll
0x000007fefccb0000 - 0x000007fefccbf000 	C:\Windows\system32\CRYPTBASE.dll
0x000007fefc910000 - 0x000007fefc917000 	C:\Windows\System32\wshtcpip.dll
0x000007fef5410000 - 0x000007fef543e000 	C:\Program Files\Common Files\Microsoft Shared\Windows Live\WLIDNSP.DLL
0x0000000070440000 - 0x0000000070466000 	C:\Program Files\Bonjour\mdnsNSP.dll
0x000007fef9d00000 - 0x000007fef9d27000 	C:\Windows\system32\Iphlpapi.DLL
0x000007fef9cf0000 - 0x000007fef9cfb000 	C:\Windows\system32\WINNSI.DLL
0x000007fefc130000 - 0x000007fefc18b000 	C:\Windows\system32\DNSAPI.dll
0x000007fef5400000 - 0x000007fef5408000 	C:\Windows\system32\rasadhlp.dll
0x000007fef9b70000 - 0x000007fef9bc3000 	C:\Windows\System32\fwpuclnt.dll
0x000007fefb2d0000 - 0x000007fefb326000 	C:\Windows\system32\uxtheme.dll
0x0000000010000000 - 0x0000000010065000 	C:\Program Files\WIDCOMM\Bluetooth Software\btmmhook.dll
0x000007fefe040000 - 0x000007fefedc8000 	C:\Windows\system32\SHELL32.dll
0x000000000bd30000 - 0x000000000cf1d000 	C:\Windows\system32\ig4icd64.dll
0x000007fefd720000 - 0x000007fefd7b9000 	C:\Windows\system32\CLBCatQ.DLL
0x000007fef3e70000 - 0x000007fef3f0c000 	C:\Windows\system32\mscms.dll
0x000007fefa2f0000 - 0x000007fefa332000 	C:\Windows\system32\icm32.dll
0x0000000009730000 - 0x000000000977a000 	C:\Program Files\Acer\Acer ePower Management\SysHook.dll
0x000007fefad30000 - 0x000007fefada1000 	C:\Windows\system32\WINSPOOL.DRV
0x0000000069540000 - 0x00000000696d5000 	C:\Program Files\jmonkeyplatform\jdk\jre\bin\awt.dll
0x000000000a420000 - 0x000000000a484000 	C:\Users\Just\Studium\Master\Semester 2\Virtual Reality\PortClient_2\PortClient_2\OpenAL64.dll
0x000007fefbd70000 - 0x000007fefbdbb000 	C:\Windows\System32\MMDevApi.dll
0x000007fefb770000 - 0x000007fefb89c000 	C:\Windows\System32\PROPSYS.dll
0x000007fef6e70000 - 0x000007fef6ef8000 	C:\Windows\system32\dsound.dll
0x000007fefbe00000 - 0x000007fefbe2c000 	C:\Windows\system32\POWRPROF.dll
0x000007fef4350000 - 0x000007fef439f000 	C:\Windows\system32\AUDIOSES.DLL
0x0000000071b20000 - 0x0000000071b50000 	C:\Program Files\jmonkeyplatform\jdk\jre\bin\jpeg.dll
0x000000000a490000 - 0x000000000a4c1000 	C:\Program Files\WIDCOMM\Bluetooth Software\btkeyind.dll
0x000007fefa480000 - 0x000007fefa5a5000 	C:\Windows\system32\dbghelp.dll

VM Arguments:
jvm_args: -Dfile.encoding=UTF-8 
java_command: mygame.Main
Launcher Type: SUN_STANDARD

Environment Variables:
JAVA_HOME=C:\Progra~2\Java\jdk1.7.0_07
CLASSPATH=.;C:\Program Files (x86)\Java\jre7\lib\ext\QTJava.zip;C:\Program Files (x86)\apache-ant-1.9.2
USERNAME=Just
OS=Windows_NT
PROCESSOR_IDENTIFIER=Intel64 Family 6 Model 37 Stepping 5, GenuineIntel



---------------  S Y S T E M  ---------------

OS: Windows 7 , 64 bit Build 7601 Service Pack 1

CPU:total 4 (2 cores per cpu, 2 threads per core) family 6 model 37 stepping 5, cmov, cx8, fxsr, mmx, sse, sse2, sse3, ssse3, sse4.1, sse4.2, popcnt, ht, tsc, tscinvbit

Memory: 4k page, physical 3857112k(1277220k free), swap 8417272k(3549544k free)

vm_info: Java HotSpot(TM) 64-Bit Server VM (24.51-b03) for windows-amd64 JRE (1.7.0_51-b13), built on Dec 18 2013 18:40:56 by "java_re" with unknown MS VC++:1600

time: Thu Jun 19 16:09:05 2014
elapsed time: 7 seconds

