#
# A fatal error has been detected by the Java Runtime Environment:
#
#  EXCEPTION_ACCESS_VIOLATION (0xc0000005) at pc=0x000000000b047801, pid=3348, tid=7584
#
# JRE version: Java(TM) SE Runtime Environment (7.0_51-b13) (build 1.7.0_51-b13)
# Java VM: Java HotSpot(TM) 64-Bit Server VM (24.51-b03 mixed mode windows-amd64 compressed oops)
# Problematic frame:
# C  [ig4icd64.dll+0x1b7801]
#
# Failed to write core dump. Minidumps are not enabled by default on client versions of Windows
#
# If you would like to submit a bug report, please visit:
#   http://bugreport.sun.com/bugreport/crash.jsp
# The crash happened outside the Java Virtual Machine in native code.
# See problematic frame for where to report the bug.
#

---------------  T H R E A D  ---------------

Current thread (0x000000000a4e7000):  JavaThread "LWJGL Renderer Thread" [_thread_in_native, id=7584, stack(0x000000000ab50000,0x000000000ac50000)]

siginfo: ExceptionCode=0xc0000005, reading address 0x00000000138b6004

Registers:
RAX=0x00000000000009d0, RBX=0x000000000d645280, RCX=0x00000000138b6000, RDX=0x0000000000000000
RSP=0x000000000ac4e950, RBP=0x0000000000000008, RSI=0x000000000000013a, RDI=0x00000000134b9d60
R8 =0x0000000000000001, R9 =0x0000000000000000, R10=0x0000000000000003, R11=0x00000000138b5630
R12=0x000000000000013a, R13=0x000000000ad32bf0, R14=0x0000000000000024, R15=0x00000000134b9d60
RIP=0x000000000b047801, EFLAGS=0x0000000000010246

Top of Stack: (sp=0x000000000ac4e950)
0x000000000ac4e950:   000000000d6445b0 000000000d638500
0x000000000ac4e960:   0000000000000000 0000000000000000
0x000000000ac4e970:   0000000000000003 0000000000000001
0x000000000ac4e980:   00000000c0c00000 0000000000000024
0x000000000ac4e990:   00000000426c0000 0000000000000000
0x000000000ac4e9a0:   00000000426c0000 0000000000000000
0x000000000ac4e9b0:   0000000000000000 00000000134b96b0
0x000000000ac4e9c0:   000000000000013a 0000000000000000
0x000000000ac4e9d0:   00000000134b9d60 0000000000000000
0x000000000ac4e9e0:   000000000d638500 000000000b049cff
0x000000000ac4e9f0:   000000000d638500 000000000000033b
0x000000000ac4ea00:   000000000000013a 00000000134b9d90
0x000000000ac4ea10:   00000000134b9d60 0000000000000001
0x000000000ac4ea20:   0000000000000000 0000000000000000
0x000000000ac4ea30:   0000000000000000 0000000000080038
0x000000000ac4ea40:   000000000f9742c0 000000000000033b 

Instructions: (pc=0x000000000b047801)
0x000000000b0477e1:   74 1e 83 ea 01 74 11 83 fa 01 0f 85 59 02 00 00
0x000000000b0477f1:   8b 41 0c 41 89 44 ed 0c 8b 41 08 41 89 44 ed 08
0x000000000b047801:   8b 41 04 41 89 44 ed 04 8b 01 4c 8b 54 24 20 48
0x000000000b047811:   8b 9c 24 a0 00 00 00 4c 8b 44 24 28 41 89 44 ed 


Register to memory mapping:

RAX=0x00000000000009d0 is an unknown value
RBX=0x000000000d645280 is an unknown value
RCX=0x00000000138b6000 is an unknown value
RDX=0x0000000000000000 is an unknown value
RSP=0x000000000ac4e950 is pointing into the stack for thread: 0x000000000a4e7000
RBP=0x0000000000000008 is an unknown value
RSI=0x000000000000013a is an unknown value
RDI=0x00000000134b9d60 is an unknown value
R8 =0x0000000000000001 is an unknown value
R9 =0x0000000000000000 is an unknown value
R10=0x0000000000000003 is an unknown value
R11=0x00000000138b5630 is an unknown value
R12=0x000000000000013a is an unknown value
R13=0x000000000ad32bf0 is an unknown value
R14=0x0000000000000024 is an unknown value
R15=0x00000000134b9d60 is an unknown value


Stack: [0x000000000ab50000,0x000000000ac50000],  sp=0x000000000ac4e950,  free space=1018k
Native frames: (J=compiled Java code, j=interpreted, Vv=VM code, C=native code)
C  [ig4icd64.dll+0x1b7801]

[error occurred during error reporting (printing native stack), id 0xc0000005]

Java frames: (J=compiled Java code, j=interpreted, Vv=VM code)
j  org.lwjgl.opengl.GL12.nglDrawRangeElementsBO(IIIIIJJ)V+0
j  org.lwjgl.opengl.GL12.glDrawRangeElements(IIIIIJ)V+32
j  com.jme3.renderer.lwjgl.LwjglRenderer.drawTriangleList(Lcom/jme3/scene/VertexBuffer;Lcom/jme3/scene/Mesh;I)V+361
J  com.jme3.renderer.lwjgl.LwjglRenderer.renderMeshDefault(Lcom/jme3/scene/Mesh;II)V
j  com.jme3.renderer.lwjgl.LwjglRenderer.renderMesh(Lcom/jme3/scene/Mesh;II)V+160
j  com.jme3.material.Material.renderMultipassLighting(Lcom/jme3/shader/Shader;Lcom/jme3/scene/Geometry;Lcom/jme3/renderer/RenderManager;)V+595
j  com.jme3.material.Material.render(Lcom/jme3/scene/Geometry;Lcom/jme3/renderer/RenderManager;)V+285
j  com.jme3.renderer.RenderManager.renderGeometry(Lcom/jme3/scene/Geometry;)V+204
j  com.jme3.renderer.queue.RenderQueue.renderGeometryList(Lcom/jme3/renderer/queue/GeometryList;Lcom/jme3/renderer/RenderManager;Lcom/jme3/renderer/Camera;Z)V+51
j  com.jme3.renderer.queue.RenderQueue.renderQueue(Lcom/jme3/renderer/queue/RenderQueue$Bucket;Lcom/jme3/renderer/RenderManager;Lcom/jme3/renderer/Camera;Z)V+68
j  com.jme3.renderer.RenderManager.renderViewPortQueues(Lcom/jme3/renderer/ViewPort;Z)V+22
j  com.jme3.renderer.RenderManager.flushQueue(Lcom/jme3/renderer/ViewPort;)V+3
j  com.jme3.renderer.RenderManager.renderViewPort(Lcom/jme3/renderer/ViewPort;F)V+267
j  com.jme3.renderer.RenderManager.render(FZ)V+123
j  com.jme3.app.SimpleApplication.update()V+102
j  com.jme3.system.lwjgl.LwjglAbstractDisplay.runLoop()V+22
j  com.jme3.system.lwjgl.LwjglDisplay.runLoop()V+67
j  com.jme3.system.lwjgl.LwjglAbstractDisplay.run()V+132
j  java.lang.Thread.run()V+11
v  ~StubRoutines::call_stub

---------------  P R O C E S S  ---------------

Java Threads: ( => current thread )
  0x000000000cf54800 JavaThread "Java2D Disposer" daemon [_thread_blocked, id=3768, stack(0x0000000012040000,0x0000000012140000)]
  0x000000000cf97000 JavaThread "jME3 Audio Thread" daemon [_thread_blocked, id=9644, stack(0x00000000113d0000,0x00000000114d0000)]
  0x000000000a4ce000 JavaThread "NioProcessor-2" [_thread_in_native, id=5216, stack(0x000000000e560000,0x000000000e660000)]
  0x000000000a4d5800 JavaThread "pool-2-thread-1" [_thread_blocked, id=5348, stack(0x000000000cad0000,0x000000000cbd0000)]
  0x00000000022f8000 JavaThread "DestroyJavaVM" [_thread_blocked, id=8540, stack(0x0000000002630000,0x0000000002730000)]
=>0x000000000a4e7000 JavaThread "LWJGL Renderer Thread" [_thread_in_native, id=7584, stack(0x000000000ab50000,0x000000000ac50000)]
  0x000000000a35b000 JavaThread "Thread-1" [_thread_blocked, id=8112, stack(0x0000000009fc0000,0x000000000a0c0000)]
  0x000000000835b000 JavaThread "Service Thread" daemon [_thread_blocked, id=7608, stack(0x0000000009e20000,0x0000000009f20000)]
  0x0000000008359000 JavaThread "C2 CompilerThread1" daemon [_thread_blocked, id=3508, stack(0x0000000009c30000,0x0000000009d30000)]
  0x0000000008354000 JavaThread "C2 CompilerThread0" daemon [_thread_blocked, id=8472, stack(0x0000000009a60000,0x0000000009b60000)]
  0x0000000008353000 JavaThread "Attach Listener" daemon [_thread_blocked, id=6544, stack(0x0000000009700000,0x0000000009800000)]
  0x000000000834c000 JavaThread "Signal Dispatcher" daemon [_thread_blocked, id=8080, stack(0x00000000098b0000,0x00000000099b0000)]
  0x00000000082fc000 JavaThread "Finalizer" daemon [_thread_blocked, id=8748, stack(0x00000000094d0000,0x00000000095d0000)]
  0x00000000082f3000 JavaThread "Reference Handler" daemon [_thread_blocked, id=8356, stack(0x00000000095e0000,0x00000000096e0000)]

Other Threads:
  0x00000000082ed000 VMThread [stack: 0x00000000093c0000,0x00000000094c0000] [id=4528]
  0x000000000836c000 WatcherThread [stack: 0x000000000a0e0000,0x000000000a1e0000] [id=9460]

VM state:not at safepoint (normal execution)

VM Mutex/Monitor currently owned by a thread: None

Heap
 PSYoungGen      total 125952K, used 8024K [0x00000000ec600000, 0x00000000f4e00000, 0x0000000100000000)
  eden space 120320K, 1% used [0x00000000ec600000,0x00000000ec857b08,0x00000000f3b80000)
  from space 5632K, 99% used [0x00000000f4380000,0x00000000f48fe898,0x00000000f4900000)
  to   space 8192K, 0% used [0x00000000f3b80000,0x00000000f3b80000,0x00000000f4380000)
 ParOldGen       total 39936K, used 12156K [0x00000000c5200000, 0x00000000c7900000, 0x00000000ec600000)
  object space 39936K, 30% used [0x00000000c5200000,0x00000000c5ddf308,0x00000000c7900000)
 PSPermGen       total 21504K, used 16865K [0x00000000c0000000, 0x00000000c1500000, 0x00000000c5200000)
  object space 21504K, 78% used [0x00000000c0000000,0x00000000c1078510,0x00000000c1500000)

Card table byte_map: [0x0000000005730000,0x0000000005940000] byte_map_base: 0x0000000005130000

Polling page: 0x0000000000240000

Code Cache  [0x0000000002730000, 0x00000000029a0000, 0x0000000005730000)
 total_blobs=1049 nmethods=553 adapters=449 free_code_cache=47277Kb largest_free_block=48350272

Compilation events (10 events):
Event: 6.408 Thread 0x0000000008354000 nmethod 561 0x0000000002907b10 code [0x0000000002907ca0, 0x0000000002908b38]
Event: 6.408 Thread 0x0000000008354000  562             com.bulletphysics.linearmath.Transform::set (23 bytes)
Event: 6.409 Thread 0x0000000008354000 nmethod 562 0x00000000028eba10 code [0x00000000028ebb60, 0x00000000028ebc98]
Event: 6.413 Thread 0x0000000008354000  563             com.jme3.math.Quaternion::set (34 bytes)
Event: 6.414 Thread 0x0000000008354000 nmethod 563 0x00000000028eb7d0 code [0x00000000028eb900, 0x00000000028eb998]
Event: 6.414 Thread 0x0000000008354000  564             com.jme3.font.LetterQuad::getNext (5 bytes)
Event: 6.414 Thread 0x0000000008354000 nmethod 564 0x00000000028eb5d0 code [0x00000000028eb700, 0x00000000028eb758]
Event: 6.422 Thread 0x0000000008354000  565             com.jme3.math.Quaternion::norm (40 bytes)
Event: 6.422 Thread 0x0000000008354000 nmethod 565 0x00000000028ee310 code [0x00000000028ee440, 0x00000000028ee4b8]
Event: 6.429 Thread 0x0000000008359000 nmethod 554 0x000000000290de90 code [0x000000000290e100, 0x0000000002911430]

GC Heap History (10 events):
Event: 1.174 GC heap before
{Heap before GC invocations=2 (full 0):
 PSYoungGen      total 17920K, used 17899K [0x00000000ec600000, 0x00000000ee900000, 0x0000000100000000)
  eden space 15360K, 100% used [0x00000000ec600000,0x00000000ed500000,0x00000000ed500000)
  from space 2560K, 99% used [0x00000000ed500000,0x00000000ed77af48,0x00000000ed780000)
  to   space 2560K, 0% used [0x00000000ee680000,0x00000000ee680000,0x00000000ee900000)
 ParOldGen       total 39936K, used 1157K [0x00000000c5200000, 0x00000000c7900000, 0x00000000ec600000)
  object space 39936K, 2% used [0x00000000c5200000,0x00000000c53217e0,0x00000000c7900000)
 PSPermGen       total 21504K, used 12038K [0x00000000c0000000, 0x00000000c1500000, 0x00000000c5200000)
  object space 21504K, 55% used [0x00000000c0000000,0x00000000c0bc1910,0x00000000c1500000)
Event: 1.183 GC heap after
Heap after GC invocations=2 (full 0):
 PSYoungGen      total 33280K, used 2554K [0x00000000ec600000, 0x00000000ee900000, 0x0000000100000000)
  eden space 30720K, 0% used [0x00000000ec600000,0x00000000ec600000,0x00000000ee400000)
  from space 2560K, 99% used [0x00000000ee680000,0x00000000ee8fea98,0x00000000ee900000)
  to   space 2560K, 0% used [0x00000000ee400000,0x00000000ee400000,0x00000000ee680000)
 ParOldGen       total 39936K, used 2424K [0x00000000c5200000, 0x00000000c7900000, 0x00000000ec600000)
  object space 39936K, 6% used [0x00000000c5200000,0x00000000c545e0b0,0x00000000c7900000)
 PSPermGen       total 21504K, used 12038K [0x00000000c0000000, 0x00000000c1500000, 0x00000000c5200000)
  object space 21504K, 55% used [0x00000000c0000000,0x00000000c0bc1910,0x00000000c1500000)
}
Event: 3.229 GC heap before
{Heap before GC invocations=3 (full 0):
 PSYoungGen      total 33280K, used 33274K [0x00000000ec600000, 0x00000000ee900000, 0x0000000100000000)
  eden space 30720K, 100% used [0x00000000ec600000,0x00000000ee400000,0x00000000ee400000)
  from space 2560K, 99% used [0x00000000ee680000,0x00000000ee8fea98,0x00000000ee900000)
  to   space 2560K, 0% used [0x00000000ee400000,0x00000000ee400000,0x00000000ee680000)
 ParOldGen       total 39936K, used 2424K [0x00000000c5200000, 0x00000000c7900000, 0x00000000ec600000)
  object space 39936K, 6% used [0x00000000c5200000,0x00000000c545e0b0,0x00000000c7900000)
 PSPermGen       total 21504K, used 13921K [0x00000000c0000000, 0x00000000c1500000, 0x00000000c5200000)
  object space 21504K, 64% used [0x00000000c0000000,0x00000000c0d98570,0x00000000c1500000)
Event: 3.239 GC heap after
Heap after GC invocations=3 (full 0):
 PSYoungGen      total 33280K, used 2530K [0x00000000ec600000, 0x00000000f0700000, 0x0000000100000000)
  eden space 30720K, 0% used [0x00000000ec600000,0x00000000ec600000,0x00000000ee400000)
  from space 2560K, 98% used [0x00000000ee400000,0x00000000ee6789e0,0x00000000ee680000)
  to   space 2560K, 0% used [0x00000000f0480000,0x00000000f0480000,0x00000000f0700000)
 ParOldGen       total 39936K, used 4325K [0x00000000c5200000, 0x00000000c7900000, 0x00000000ec600000)
  object space 39936K, 10% used [0x00000000c5200000,0x00000000c56396c8,0x00000000c7900000)
 PSPermGen       total 21504K, used 13921K [0x00000000c0000000, 0x00000000c1500000, 0x00000000c5200000)
  object space 21504K, 64% used [0x00000000c0000000,0x00000000c0d98570,0x00000000c1500000)
}
Event: 4.187 GC heap before
{Heap before GC invocations=4 (full 0):
 PSYoungGen      total 33280K, used 33250K [0x00000000ec600000, 0x00000000f0700000, 0x0000000100000000)
  eden space 30720K, 100% used [0x00000000ec600000,0x00000000ee400000,0x00000000ee400000)
  from space 2560K, 98% used [0x00000000ee400000,0x00000000ee6789e0,0x00000000ee680000)
  to   space 2560K, 0% used [0x00000000f0480000,0x00000000f0480000,0x00000000f0700000)
 ParOldGen       total 39936K, used 4325K [0x00000000c5200000, 0x00000000c7900000, 0x00000000ec600000)
  object space 39936K, 10% used [0x00000000c5200000,0x00000000c56396c8,0x00000000c7900000)
 PSPermGen       total 21504K, used 16637K [0x00000000c0000000, 0x00000000c1500000, 0x00000000c5200000)
  object space 21504K, 77% used [0x00000000c0000000,0x00000000c103f5c0,0x00000000c1500000)
Event: 4.200 GC heap after
Heap after GC invocations=4 (full 0):
 PSYoungGen      total 64000K, used 2532K [0x00000000ec600000, 0x00000000f0700000, 0x0000000100000000)
  eden space 61440K, 0% used [0x00000000ec600000,0x00000000ec600000,0x00000000f0200000)
  from space 2560K, 98% used [0x00000000f0480000,0x00000000f06f9170,0x00000000f0700000)
  to   space 2560K, 0% used [0x00000000f0200000,0x00000000f0200000,0x00000000f0480000)
 ParOldGen       total 39936K, used 7101K [0x00000000c5200000, 0x00000000c7900000, 0x00000000ec600000)
  object space 39936K, 17% used [0x00000000c5200000,0x00000000c58ef468,0x00000000c7900000)
 PSPermGen       total 21504K, used 16637K [0x00000000c0000000, 0x00000000c1500000, 0x00000000c5200000)
  object space 21504K, 77% used [0x00000000c0000000,0x00000000c103f5c0,0x00000000c1500000)
}
Event: 4.695 GC heap before
{Heap before GC invocations=5 (full 0):
 PSYoungGen      total 64000K, used 63972K [0x00000000ec600000, 0x00000000f0700000, 0x0000000100000000)
  eden space 61440K, 100% used [0x00000000ec600000,0x00000000f0200000,0x00000000f0200000)
  from space 2560K, 98% used [0x00000000f0480000,0x00000000f06f9170,0x00000000f0700000)
  to   space 2560K, 0% used [0x00000000f0200000,0x00000000f0200000,0x00000000f0480000)
 ParOldGen       total 39936K, used 7101K [0x00000000c5200000, 0x00000000c7900000, 0x00000000ec600000)
  object space 39936K, 17% used [0x00000000c5200000,0x00000000c58ef468,0x00000000c7900000)
 PSPermGen       total 21504K, used 16647K [0x00000000c0000000, 0x00000000c1500000, 0x00000000c5200000)
  object space 21504K, 77% used [0x00000000c0000000,0x00000000c1041c88,0x00000000c1500000)
Event: 4.702 GC heap after
Heap after GC invocations=5 (full 0):
 PSYoungGen      total 64000K, used 2529K [0x00000000ec600000, 0x00000000f4900000, 0x0000000100000000)
  eden space 61440K, 0% used [0x00000000ec600000,0x00000000ec600000,0x00000000f0200000)
  from space 2560K, 98% used [0x00000000f0200000,0x00000000f0478658,0x00000000f0480000)
  to   space 5632K, 0% used [0x00000000f4380000,0x00000000f4380000,0x00000000f4900000)
 ParOldGen       total 39936K, used 8529K [0x00000000c5200000, 0x00000000c7900000, 0x00000000ec600000)
  object space 39936K, 21% used [0x00000000c5200000,0x00000000c5a54568,0x00000000c7900000)
 PSPermGen       total 21504K, used 16647K [0x00000000c0000000, 0x00000000c1500000, 0x00000000c5200000)
  object space 21504K, 77% used [0x00000000c0000000,0x00000000c1041c88,0x00000000c1500000)
}
Event: 5.599 GC heap before
{Heap before GC invocations=6 (full 0):
 PSYoungGen      total 64000K, used 63969K [0x00000000ec600000, 0x00000000f4900000, 0x0000000100000000)
  eden space 61440K, 100% used [0x00000000ec600000,0x00000000f0200000,0x00000000f0200000)
  from space 2560K, 98% used [0x00000000f0200000,0x00000000f0478658,0x00000000f0480000)
  to   space 5632K, 0% used [0x00000000f4380000,0x00000000f4380000,0x00000000f4900000)
 ParOldGen       total 39936K, used 8529K [0x00000000c5200000, 0x00000000c7900000, 0x00000000ec600000)
  object space 39936K, 21% used [0x00000000c5200000,0x00000000c5a54568,0x00000000c7900000)
 PSPermGen       total 21504K, used 16825K [0x00000000c0000000, 0x00000000c1500000, 0x00000000c5200000)
  object space 21504K, 78% used [0x00000000c0000000,0x00000000c106e7b0,0x00000000c1500000)
Event: 5.610 GC heap after
Heap after GC invocations=6 (full 0):
 PSYoungGen      total 125952K, used 5626K [0x00000000ec600000, 0x00000000f4e00000, 0x0000000100000000)
  eden space 120320K, 0% used [0x00000000ec600000,0x00000000ec600000,0x00000000f3b80000)
  from space 5632K, 99% used [0x00000000f4380000,0x00000000f48fe898,0x00000000f4900000)
  to   space 8192K, 0% used [0x00000000f3b80000,0x00000000f3b80000,0x00000000f4380000)
 ParOldGen       total 39936K, used 12156K [0x00000000c5200000, 0x00000000c7900000, 0x00000000ec600000)
  object space 39936K, 30% used [0x00000000c5200000,0x00000000c5ddf308,0x00000000c7900000)
 PSPermGen       total 21504K, used 16825K [0x00000000c0000000, 0x00000000c1500000, 0x00000000c5200000)
  object space 21504K, 78% used [0x00000000c0000000,0x00000000c106e7b0,0x00000000c1500000)
}

Deoptimization events (10 events):
Event: 6.190 Thread 0x000000000a4e7000 Uncommon trap: reason=class_check action=maybe_recompile pc=0x00000000028dfdbc method=com.jme3.renderer.lwjgl.LwjglRenderer.updateUniform(Lcom/jme3/shader/Shader;Lcom/jme3/shader/Uniform;)V @ 285
Event: 6.190 Thread 0x000000000a4e7000 Uncommon trap: reason=class_check action=maybe_recompile pc=0x00000000028dfdbc method=com.jme3.renderer.lwjgl.LwjglRenderer.updateUniform(Lcom/jme3/shader/Shader;Lcom/jme3/shader/Uniform;)V @ 285
Event: 6.192 Thread 0x000000000a4e7000 Uncommon trap: reason=array_check action=maybe_recompile pc=0x00000000028f6168 method=com.jme3.util.SortUtil.merge([Ljava/lang/Object;[Ljava/lang/Object;IIILjava/util/Comparator;)V @ 94
Event: 6.201 Thread 0x000000000a4e7000 Uncommon trap: reason=class_check action=maybe_recompile pc=0x00000000028f0438 method=com.jme3.renderer.RenderManager.renderSubScene(Lcom/jme3/scene/Spatial;Lcom/jme3/renderer/ViewPort;)V @ 22
Event: 6.202 Thread 0x000000000a4e7000 Uncommon trap: reason=class_check action=maybe_recompile pc=0x00000000028dfdbc method=com.jme3.renderer.lwjgl.LwjglRenderer.updateUniform(Lcom/jme3/shader/Shader;Lcom/jme3/shader/Uniform;)V @ 285
Event: 6.202 Thread 0x000000000a4e7000 Uncommon trap: reason=class_check action=maybe_recompile pc=0x00000000028dfdbc method=com.jme3.renderer.lwjgl.LwjglRenderer.updateUniform(Lcom/jme3/shader/Shader;Lcom/jme3/shader/Uniform;)V @ 285
Event: 6.203 Thread 0x000000000a4e7000 Uncommon trap: reason=array_check action=maybe_recompile pc=0x00000000028f6168 method=com.jme3.util.SortUtil.merge([Ljava/lang/Object;[Ljava/lang/Object;IIILjava/util/Comparator;)V @ 94
Event: 6.217 Thread 0x000000000a4e7000 Uncommon trap: reason=class_check action=maybe_recompile pc=0x00000000028f0438 method=com.jme3.renderer.RenderManager.renderSubScene(Lcom/jme3/scene/Spatial;Lcom/jme3/renderer/ViewPort;)V @ 22
Event: 6.228 Thread 0x000000000a4e7000 Uncommon trap: reason=class_check action=maybe_recompile pc=0x00000000028f0438 method=com.jme3.renderer.RenderManager.renderSubScene(Lcom/jme3/scene/Spatial;Lcom/jme3/renderer/ViewPort;)V @ 22
Event: 6.423 Thread 0x000000000a4e7000 Uncommon trap: reason=class_check action=maybe_recompile pc=0x00000000029089cc method=com.jme3.util.SortUtil.merge([Ljava/lang/Object;[Ljava/lang/Object;IIILjava/util/Comparator;)V @ 94

Internal exceptions (10 events):
Event: 5.485 Thread 0x000000000a4e7000 Threw 0x00000000f01b4958 at C:\re\jdk7u51\527\hotspot\src\share\vm\prims\jvm.cpp:1244
Event: 5.486 Thread 0x000000000a4e7000 Threw 0x00000000f01b8bb0 at C:\re\jdk7u51\527\hotspot\src\share\vm\prims\jvm.cpp:1244
Event: 5.486 Thread 0x000000000a4e7000 Threw 0x00000000f01bcce8 at C:\re\jdk7u51\527\hotspot\src\share\vm\prims\jvm.cpp:1244
Event: 5.487 Thread 0x000000000a4e7000 Threw 0x00000000f01c06c0 at C:\re\jdk7u51\527\hotspot\src\share\vm\prims\jvm.cpp:1244
Event: 5.489 Thread 0x000000000a4e7000 Threw 0x00000000f01c4e20 at C:\re\jdk7u51\527\hotspot\src\share\vm\prims\jvm.cpp:1244
Event: 5.489 Thread 0x000000000a4e7000 Threw 0x00000000f01c9a28 at C:\re\jdk7u51\527\hotspot\src\share\vm\prims\jvm.cpp:1244
Event: 5.491 Thread 0x000000000a4e7000 Threw 0x00000000f01cfda8 at C:\re\jdk7u51\527\hotspot\src\share\vm\prims\jvm.cpp:1244
Event: 5.493 Thread 0x000000000a4e7000 Threw 0x00000000f01d5d98 at C:\re\jdk7u51\527\hotspot\src\share\vm\prims\jvm.cpp:1244
Event: 5.493 Thread 0x000000000a4e7000 Threw 0x00000000f01da208 at C:\re\jdk7u51\527\hotspot\src\share\vm\prims\jvm.cpp:1244
Event: 5.494 Thread 0x000000000a4e7000 Threw 0x00000000f01de940 at C:\re\jdk7u51\527\hotspot\src\share\vm\prims\jvm.cpp:1244

Events (10 events):
Event: 6.203 Thread 0x000000000a4e7000 DEOPT UNPACKING pc=0x0000000002769064 sp=0x000000000ac4f028 mode 2
Event: 6.217 Thread 0x000000000a4e7000 Uncommon trap: trap_request=0xffffffde fr.pc=0x00000000028f0438
Event: 6.217 Thread 0x000000000a4e7000 DEOPT PACKING pc=0x00000000028f0438 sp=0x000000000ac4f140
Event: 6.217 Thread 0x000000000a4e7000 DEOPT UNPACKING pc=0x0000000002769064 sp=0x000000000ac4f078 mode 2
Event: 6.228 Thread 0x000000000a4e7000 Uncommon trap: trap_request=0xffffffde fr.pc=0x00000000028f0438
Event: 6.228 Thread 0x000000000a4e7000 DEOPT PACKING pc=0x00000000028f0438 sp=0x000000000ac4f2d0
Event: 6.228 Thread 0x000000000a4e7000 DEOPT UNPACKING pc=0x0000000002769064 sp=0x000000000ac4f208 mode 2
Event: 6.423 Thread 0x000000000a4e7000 Uncommon trap: trap_request=0xffffffde fr.pc=0x00000000029089cc
Event: 6.423 Thread 0x000000000a4e7000 DEOPT PACKING pc=0x00000000029089cc sp=0x000000000ac4f000
Event: 6.423 Thread 0x000000000a4e7000 DEOPT UNPACKING pc=0x0000000002769064 sp=0x000000000ac4efa8 mode 2


Dynamic libraries:
0x000000013f200000 - 0x000000013f233000 	C:\Program Files\jmonkeyplatform\jdk\bin\java.exe
0x0000000077020000 - 0x00000000771c9000 	C:\Windows\SYSTEM32\ntdll.dll
0x0000000076f00000 - 0x000000007701f000 	C:\Windows\system32\kernel32.dll
0x000007fefcee0000 - 0x000007fefcf4c000 	C:\Windows\system32\KERNELBASE.dll
0x000007fefd550000 - 0x000007fefd62b000 	C:\Windows\system32\ADVAPI32.dll
0x000007feff080000 - 0x000007feff11f000 	C:\Windows\system32\msvcrt.dll
0x000007fefdca0000 - 0x000007fefdcbf000 	C:\Windows\SYSTEM32\sechost.dll
0x000007fefdcc0000 - 0x000007fefdded000 	C:\Windows\system32\RPCRT4.dll
0x0000000076e00000 - 0x0000000076efa000 	C:\Windows\system32\USER32.dll
0x000007fefd6b0000 - 0x000007fefd717000 	C:\Windows\system32\GDI32.dll
0x000007fefdc90000 - 0x000007fefdc9e000 	C:\Windows\system32\LPK.dll
0x000007fefdbc0000 - 0x000007fefdc89000 	C:\Windows\system32\USP10.dll
0x000007fefb330000 - 0x000007fefb524000 	C:\Windows\WinSxS\amd64_microsoft.windows.common-controls_6595b64144ccf1df_6.0.7601.17514_none_fa396087175ac9ac\COMCTL32.dll
0x000007fefd4d0000 - 0x000007fefd541000 	C:\Windows\system32\SHLWAPI.dll
0x000007feff300000 - 0x000007feff32e000 	C:\Windows\system32\IMM32.DLL
0x000007fefd260000 - 0x000007fefd369000 	C:\Windows\system32\MSCTF.dll
0x000007fefcd80000 - 0x000007fefcdc0000 	C:\Windows\system32\nvinitx.dll
0x0000000069170000 - 0x0000000069242000 	C:\Program Files\jmonkeyplatform\jdk\jre\bin\msvcr100.dll
0x000000005b180000 - 0x000000005b949000 	C:\Program Files\jmonkeyplatform\jdk\jre\bin\server\jvm.dll
0x000007fef71e0000 - 0x000007fef71e9000 	C:\Windows\system32\WSOCK32.dll
0x000007fefd210000 - 0x000007fefd25d000 	C:\Windows\system32\WS2_32.dll
0x000007fefd7c0000 - 0x000007fefd7c8000 	C:\Windows\system32\NSI.dll
0x000007fef7180000 - 0x000007fef71bb000 	C:\Windows\system32\WINMM.dll
0x00000000771e0000 - 0x00000000771e7000 	C:\Windows\system32\PSAPI.DLL
0x0000000072d50000 - 0x0000000072d5f000 	C:\Program Files\jmonkeyplatform\jdk\jre\bin\verify.dll
0x0000000072d20000 - 0x0000000072d48000 	C:\Program Files\jmonkeyplatform\jdk\jre\bin\java.dll
0x0000000072cc0000 - 0x0000000072cd5000 	C:\Program Files\jmonkeyplatform\jdk\jre\bin\zip.dll
0x0000000072d00000 - 0x0000000072d19000 	C:\Program Files\jmonkeyplatform\jdk\jre\bin\net.dll
0x000007fefc2b0000 - 0x000007fefc305000 	C:\Windows\system32\mswsock.dll
0x000007fefc2a0000 - 0x000007fefc2a7000 	C:\Windows\System32\wship6.dll
0x0000000072b50000 - 0x0000000072b61000 	C:\Program Files\jmonkeyplatform\jdk\jre\bin\nio.dll
0x000007fefc310000 - 0x000007fefc327000 	C:\Windows\system32\CRYPTSP.dll
0x000007fefc000000 - 0x000007fefc047000 	C:\Windows\system32\rsaenh.dll
0x000007fefd040000 - 0x000007fefd05e000 	C:\Windows\system32\USERENV.dll
0x000007fefce60000 - 0x000007fefce6f000 	C:\Windows\system32\profapi.dll
0x000007fefccb0000 - 0x000007fefccbf000 	C:\Windows\system32\CRYPTBASE.dll
0x0000000180000000 - 0x0000000180050000 	C:\Users\Just\Studium\Master\Semester 2\Virtual Reality\PortClient_2\PortClient_2\lwjgl64.dll
0x000007fef6ae0000 - 0x000007fef6bfd000 	C:\Windows\system32\OPENGL32.dll
0x000007fef9fc0000 - 0x000007fef9fed000 	C:\Windows\system32\GLU32.dll
0x000007feee3f0000 - 0x000007feee4e1000 	C:\Windows\system32\DDRAW.dll
0x000007fef4d10000 - 0x000007fef4d18000 	C:\Windows\system32\DCIMAN32.dll
0x000007fefd9e0000 - 0x000007fefdbb7000 	C:\Windows\system32\SETUPAPI.dll
0x000007fefcea0000 - 0x000007fefced6000 	C:\Windows\system32\CFGMGR32.dll
0x000007feff1c0000 - 0x000007feff297000 	C:\Windows\system32\OLEAUT32.dll
0x000007fefd7d0000 - 0x000007fefd9d3000 	C:\Windows\system32\ole32.dll
0x000007fefce80000 - 0x000007fefce9a000 	C:\Windows\system32\DEVOBJ.dll
0x000007fefbc40000 - 0x000007fefbc58000 	C:\Windows\system32\dwmapi.dll
0x000007fefc840000 - 0x000007fefc84c000 	C:\Windows\system32\VERSION.dll
0x000007fefb2d0000 - 0x000007fefb326000 	C:\Windows\system32\uxtheme.dll
0x000000000ae90000 - 0x000000000c07d000 	C:\Windows\system32\ig4icd64.dll
0x0000000010000000 - 0x0000000010065000 	C:\Program Files\WIDCOMM\Bluetooth Software\btmmhook.dll
0x000007fefe040000 - 0x000007fefedc8000 	C:\Windows\system32\SHELL32.dll
0x000007fefd720000 - 0x000007fefd7b9000 	C:\Windows\system32\CLBCatQ.DLL
0x000007fefc910000 - 0x000007fefc917000 	C:\Windows\System32\wshtcpip.dll
0x000007fef5410000 - 0x000007fef543e000 	C:\Program Files\Common Files\Microsoft Shared\Windows Live\WLIDNSP.DLL
0x0000000070440000 - 0x0000000070466000 	C:\Program Files\Bonjour\mdnsNSP.dll
0x000007fef9d00000 - 0x000007fef9d27000 	C:\Windows\system32\Iphlpapi.DLL
0x000007fef9cf0000 - 0x000007fef9cfb000 	C:\Windows\system32\WINNSI.DLL
0x000007fefc130000 - 0x000007fefc18b000 	C:\Windows\system32\DNSAPI.dll
0x000007fef5400000 - 0x000007fef5408000 	C:\Windows\system32\rasadhlp.dll
0x000007fef9b70000 - 0x000007fef9bc3000 	C:\Windows\System32\fwpuclnt.dll
0x000007fef3e70000 - 0x000007fef3f0c000 	C:\Windows\system32\mscms.dll
0x000007fef6e20000 - 0x000007fef6e62000 	C:\Windows\system32\icm32.dll
0x0000000002400000 - 0x000000000244a000 	C:\Program Files\Acer\Acer ePower Management\SysHook.dll
0x000007fefad30000 - 0x000007fefada1000 	C:\Windows\system32\WINSPOOL.DRV
0x0000000069540000 - 0x00000000696d5000 	C:\Program Files\jmonkeyplatform\jdk\jre\bin\awt.dll
0x0000000005980000 - 0x00000000059e4000 	C:\Users\Just\Studium\Master\Semester 2\Virtual Reality\PortClient_2\PortClient_2\OpenAL64.dll
0x000007fefbd70000 - 0x000007fefbdbb000 	C:\Windows\System32\MMDevApi.dll
0x000007fefb770000 - 0x000007fefb89c000 	C:\Windows\System32\PROPSYS.dll
0x000007fef6e70000 - 0x000007fef6ef8000 	C:\Windows\system32\dsound.dll
0x000007fefbe00000 - 0x000007fefbe2c000 	C:\Windows\system32\POWRPROF.dll
0x000007fef4350000 - 0x000007fef439f000 	C:\Windows\system32\AUDIOSES.DLL
0x0000000071b20000 - 0x0000000071b50000 	C:\Program Files\jmonkeyplatform\jdk\jre\bin\jpeg.dll
0x0000000005d90000 - 0x0000000005dc1000 	C:\Program Files\WIDCOMM\Bluetooth Software\btkeyind.dll
0x000007fefa480000 - 0x000007fefa5a5000 	C:\Windows\system32\dbghelp.dll

VM Arguments:
jvm_args: -Dfile.encoding=UTF-8 
java_command: mygame.Main
Launcher Type: SUN_STANDARD

Environment Variables:
JAVA_HOME=C:\Progra~2\Java\jdk1.7.0_07
CLASSPATH=.;C:\Program Files (x86)\Java\jre7\lib\ext\QTJava.zip;C:\Program Files (x86)\apache-ant-1.9.2
USERNAME=Just
OS=Windows_NT
PROCESSOR_IDENTIFIER=Intel64 Family 6 Model 37 Stepping 5, GenuineIntel



---------------  S Y S T E M  ---------------

OS: Windows 7 , 64 bit Build 7601 Service Pack 1

CPU:total 4 (2 cores per cpu, 2 threads per core) family 6 model 37 stepping 5, cmov, cx8, fxsr, mmx, sse, sse2, sse3, ssse3, sse4.1, sse4.2, popcnt, ht, tsc, tscinvbit

Memory: 4k page, physical 3857112k(1013824k free), swap 8417272k(2924528k free)

vm_info: Java HotSpot(TM) 64-Bit Server VM (24.51-b03) for windows-amd64 JRE (1.7.0_51-b13), built on Dec 18 2013 18:40:56 by "java_re" with unknown MS VC++:1600

time: Thu Jun 19 18:39:15 2014
elapsed time: 6 seconds

